[ 2018-01-30T09:05:19+08:00 ] 58.246.226.254 /Possess/PossessMan/show_ui_page
INFO: [ app_init ] --START--
INFO: Run Behavior\BuildLiteBehavior [ RunTime:0.000013s ]
INFO: [ app_init ] --END-- [ RunTime:0.000095s ]
INFO: [ app_begin ] --START--
INFO: Run Behavior\ReadHtmlCacheBehavior [ RunTime:0.000047s ]
INFO: [ app_begin ] --END-- [ RunTime:0.000087s ]
SQL: select DISTINCT menuName,menuURL,rm.menuid
                from Y_user u
                LEFT JOIN Y_user_role ur ON ur.uid=u.Uid
                LEFT JOIN Y_role r ON r.roleid=ur.roleid
                LEFT JOIN Y_role_menu rm ON rm.roleid=r.roleid
                LEFT JOIN Y_netprofitmenu npm ON npm.menuid=rm.menuid
                WHERE u.username='赵艳平' 
                ORDER BY rm.menuid [ RunTime:0.0325s ]
SQL: select mid from Y_manger WHERE manger='赵艳平' [ RunTime:0.0244s ]
SQL: SELECT DISTINCT u.username,d.Did,d.Dname FROM Y_userDepartment ud
                                        LEFT JOIN Y_user u on  u.uid=ud.uid
                                        LEFT JOIN Y_Department d on ud.Did=d.Did
                                        LEFT JOIN Y_user_role ur ON ur.uid=u.Uid
                                        LEFT JOIN Y_role r  on r.roleid=ur.roleid
                                        LEFT JOIN Y_masterDepartment md on md.departmentid=d.Did
                                        LEFT JOIN Y_manger m ON md.mangerid=m.mid
                                        WHERE  roleName='美工'
                                        AND mangerid='10'
                                        ORDER BY d.Did [ RunTime:0.0371s ]
NOTIC: [8] Undefined variable: did /home/youran/jeany/netprofit/cms/Application/Possess/Controller/PossessManController.class.php 第 85 行.
NOTIC: [2] array_unique() expects parameter 1 to be array, null given /home/youran/jeany/netprofit/cms/Application/Possess/Controller/PossessManController.class.php 第 85 行.
NOTIC: [8] Undefined variable: dname /home/youran/jeany/netprofit/cms/Application/Possess/Controller/PossessManController.class.php 第 86 行.
NOTIC: [2] array_unique() expects parameter 1 to be array, null given /home/youran/jeany/netprofit/cms/Application/Possess/Controller/PossessManController.class.php 第 86 行.
NOTIC: [8] Undefined variable: pos /home/youran/jeany/netprofit/cms/Application/Possess/Controller/PossessManController.class.php 第 87 行.
NOTIC: [2] array_unique() expects parameter 1 to be array, null given /home/youran/jeany/netprofit/cms/Application/Possess/Controller/PossessManController.class.php 第 87 行.
NOTIC: [2] array_combine() expects parameter 1 to be array, null given /home/youran/jeany/netprofit/cms/Application/Possess/Controller/PossessManController.class.php 第 88 行.
NOTIC: [2] ksort() expects parameter 1 to be array, null given /home/youran/jeany/netprofit/cms/Application/Possess/Controller/PossessManController.class.php 第 89 行.
INFO: [ view_parse ] --START--
INFO: [ template_filter ] --START--
INFO: Run Behavior\ContentReplaceBehavior [ RunTime:0.000063s ]
INFO: [ template_filter ] --END-- [ RunTime:0.000078s ]
INFO: Run Behavior\ParseTemplateBehavior [ RunTime:0.006098s ]
INFO: [ view_parse ] --END-- [ RunTime:0.006121s ]
INFO: [ view_filter ] --START--
INFO: Run Behavior\WriteHtmlCacheBehavior [ RunTime:0.000013s ]
INFO: [ view_filter ] --END-- [ RunTime:0.000018s ]
INFO: [ app_end ] --START--
INFO: Run Behavior\ShowPageTraceBehavior [ RunTime:0.000010s ]
INFO: [ app_end ] --END-- [ RunTime:0.000015s ]

[ 2018-01-30T09:05:21+08:00 ] 58.246.226.254 /Possess/PossessMan/show_ui_page
INFO: [ app_init ] --START--
INFO: Run Behavior\BuildLiteBehavior [ RunTime:0.000012s ]
INFO: [ app_init ] --END-- [ RunTime:0.000086s ]
INFO: [ app_begin ] --START--
INFO: Run Behavior\ReadHtmlCacheBehavior [ RunTime:0.000036s ]
INFO: [ app_begin ] --END-- [ RunTime:0.000071s ]
SQL: select DISTINCT menuName,menuURL,rm.menuid
                from Y_user u
                LEFT JOIN Y_user_role ur ON ur.uid=u.Uid
                LEFT JOIN Y_role r ON r.roleid=ur.roleid
                LEFT JOIN Y_role_menu rm ON rm.roleid=r.roleid
                LEFT JOIN Y_netprofitmenu npm ON npm.menuid=rm.menuid
                WHERE u.username='赵艳平' 
                ORDER BY rm.menuid [ RunTime:0.0266s ]
SQL: select mid from Y_manger WHERE manger='赵艳平' [ RunTime:0.0585s ]
SQL: SELECT DISTINCT u.username,d.Did,d.Dname FROM Y_userDepartment ud
                                        LEFT JOIN Y_user u on  u.uid=ud.uid
                                        LEFT JOIN Y_Department d on ud.Did=d.Did
                                        LEFT JOIN Y_user_role ur ON ur.uid=u.Uid
                                        LEFT JOIN Y_role r  on r.roleid=ur.roleid
                                        LEFT JOIN Y_masterDepartment md on md.departmentid=d.Did
                                        LEFT JOIN Y_manger m ON md.mangerid=m.mid
                                        WHERE  roleName='美工'
                                        AND mangerid='10'
                                        ORDER BY d.Did [ RunTime:0.0440s ]
NOTIC: [8] Undefined variable: did /home/youran/jeany/netprofit/cms/Application/Possess/Controller/PossessManController.class.php 第 85 行.
NOTIC: [2] array_unique() expects parameter 1 to be array, null given /home/youran/jeany/netprofit/cms/Application/Possess/Controller/PossessManController.class.php 第 85 行.
NOTIC: [8] Undefined variable: dname /home/youran/jeany/netprofit/cms/Application/Possess/Controller/PossessManController.class.php 第 86 行.
NOTIC: [2] array_unique() expects parameter 1 to be array, null given /home/youran/jeany/netprofit/cms/Application/Possess/Controller/PossessManController.class.php 第 86 行.
NOTIC: [8] Undefined variable: pos /home/youran/jeany/netprofit/cms/Application/Possess/Controller/PossessManController.class.php 第 87 行.
NOTIC: [2] array_unique() expects parameter 1 to be array, null given /home/youran/jeany/netprofit/cms/Application/Possess/Controller/PossessManController.class.php 第 87 行.
NOTIC: [2] array_combine() expects parameter 1 to be array, null given /home/youran/jeany/netprofit/cms/Application/Possess/Controller/PossessManController.class.php 第 88 行.
NOTIC: [2] ksort() expects parameter 1 to be array, null given /home/youran/jeany/netprofit/cms/Application/Possess/Controller/PossessManController.class.php 第 89 行.
INFO: [ view_parse ] --START--
INFO: [ template_filter ] --START--
INFO: Run Behavior\ContentReplaceBehavior [ RunTime:0.000057s ]
INFO: [ template_filter ] --END-- [ RunTime:0.000066s ]
INFO: Run Behavior\ParseTemplateBehavior [ RunTime:0.005838s ]
INFO: [ view_parse ] --END-- [ RunTime:0.005858s ]
INFO: [ view_filter ] --START--
INFO: Run Behavior\WriteHtmlCacheBehavior [ RunTime:0.000009s ]
INFO: [ view_filter ] --END-- [ RunTime:0.000014s ]
INFO: [ app_end ] --START--
INFO: Run Behavior\ShowPageTraceBehavior [ RunTime:0.000008s ]
INFO: [ app_end ] --END-- [ RunTime:0.000013s ]

[ 2018-01-30T09:05:35+08:00 ] 58.246.226.254 /Possess/PossessMan/show_ui_page
INFO: [ app_init ] --START--
INFO: Run Behavior\BuildLiteBehavior [ RunTime:0.000012s ]
INFO: [ app_init ] --END-- [ RunTime:0.000084s ]
INFO: [ app_begin ] --START--
INFO: Run Behavior\ReadHtmlCacheBehavior [ RunTime:0.000037s ]
INFO: [ app_begin ] --END-- [ RunTime:0.000073s ]
SQL: select DISTINCT menuName,menuURL,rm.menuid
                from Y_user u
                LEFT JOIN Y_user_role ur ON ur.uid=u.Uid
                LEFT JOIN Y_role r ON r.roleid=ur.roleid
                LEFT JOIN Y_role_menu rm ON rm.roleid=r.roleid
                LEFT JOIN Y_netprofitmenu npm ON npm.menuid=rm.menuid
                WHERE u.username='赵艳平' 
                ORDER BY rm.menuid [ RunTime:0.0125s ]
SQL: select mid from Y_manger WHERE manger='赵艳平' [ RunTime:0.0109s ]
SQL: SELECT DISTINCT u.username,d.Did,d.Dname FROM Y_userDepartment ud
                                        LEFT JOIN Y_user u on  u.uid=ud.uid
                                        LEFT JOIN Y_Department d on ud.Did=d.Did
                                        LEFT JOIN Y_user_role ur ON ur.uid=u.Uid
                                        LEFT JOIN Y_role r  on r.roleid=ur.roleid
                                        LEFT JOIN Y_masterDepartment md on md.departmentid=d.Did
                                        LEFT JOIN Y_manger m ON md.mangerid=m.mid
                                        WHERE  roleName='美工'
                                        AND mangerid='10'
                                        ORDER BY d.Did [ RunTime:0.0136s ]
NOTIC: [8] Undefined variable: did /home/youran/jeany/netprofit/cms/Application/Possess/Controller/PossessManController.class.php 第 85 行.
NOTIC: [2] array_unique() expects parameter 1 to be array, null given /home/youran/jeany/netprofit/cms/Application/Possess/Controller/PossessManController.class.php 第 85 行.
NOTIC: [8] Undefined variable: dname /home/youran/jeany/netprofit/cms/Application/Possess/Controller/PossessManController.class.php 第 86 行.
NOTIC: [2] array_unique() expects parameter 1 to be array, null given /home/youran/jeany/netprofit/cms/Application/Possess/Controller/PossessManController.class.php 第 86 行.
NOTIC: [8] Undefined variable: pos /home/youran/jeany/netprofit/cms/Application/Possess/Controller/PossessManController.class.php 第 87 行.
NOTIC: [2] array_unique() expects parameter 1 to be array, null given /home/youran/jeany/netprofit/cms/Application/Possess/Controller/PossessManController.class.php 第 87 行.
NOTIC: [2] array_combine() expects parameter 1 to be array, null given /home/youran/jeany/netprofit/cms/Application/Possess/Controller/PossessManController.class.php 第 88 行.
NOTIC: [2] ksort() expects parameter 1 to be array, null given /home/youran/jeany/netprofit/cms/Application/Possess/Controller/PossessManController.class.php 第 89 行.
INFO: [ view_parse ] --START--
INFO: [ template_filter ] --START--
INFO: Run Behavior\ContentReplaceBehavior [ RunTime:0.000057s ]
INFO: [ template_filter ] --END-- [ RunTime:0.000066s ]
INFO: Run Behavior\ParseTemplateBehavior [ RunTime:0.005003s ]
INFO: [ view_parse ] --END-- [ RunTime:0.005031s ]
INFO: [ view_filter ] --START--
INFO: Run Behavior\WriteHtmlCacheBehavior [ RunTime:0.000009s ]
INFO: [ view_filter ] --END-- [ RunTime:0.000015s ]
INFO: [ app_end ] --START--
INFO: Run Behavior\ShowPageTraceBehavior [ RunTime:0.000022s ]
INFO: [ app_end ] --END-- [ RunTime:0.000027s ]

[ 2018-01-30T09:05:57+08:00 ] 58.246.226.254 /possess/possess_man/possessman_netprofit.html
INFO: [ app_init ] --START--
INFO: Run Behavior\BuildLiteBehavior [ RunTime:0.000013s ]
INFO: [ app_init ] --END-- [ RunTime:0.000089s ]
INFO: [ app_begin ] --START--
INFO: Run Behavior\ReadHtmlCacheBehavior [ RunTime:0.000040s ]
INFO: [ app_begin ] --END-- [ RunTime:0.000077s ]
SQL: select * from Y_manger WHERE manger='赵艳平' [ RunTime:0.0123s ]
SQL: SELECT DISTINCT u.username FROM Y_userDepartment ud
                                  LEFT JOIN Y_user u on  u.uid=ud.uid
                                  LEFT JOIN Y_Department d on ud.Did=d.Did
                                  LEFT JOIN Y_user_role ur ON ur.uid=u.Uid
                                  LEFT JOIN Y_role r  on r.roleid=ur.roleid
                                  LEFT JOIN Y_masterDepartment md on md.departmentid=d.Did
                                  LEFT JOIN Y_manger m ON md.mangerid=m.mid
                                  WHERE  r.roleName='美工'
                                  AND mangerid='10' [ RunTime:0.0297s ]
NOTIC: [8] Undefined variable: da /home/youran/jeany/netprofit/cms/Application/Possess/Controller/PossessManController.class.php 第 144 行.
ERR: 208:[Microsoft][ODBC Driver 13 for SQL Server][SQL Server]对象名 '#tbPossess' 无效。
 [ SQL语句 ] : exec Z_P_PossessNetProfit '0','2018-01-01','2018-01-29',''
ERR: 208:[Microsoft][ODBC Driver 13 for SQL Server][SQL Server]对象名 '#tbPossess' 无效。
 [ SQL语句 ] : exec Z_P_PossessNetProfit '0','2018-01-01','2018-01-29',''

[ 2018-01-30T09:10:29+08:00 ] 58.246.226.254 /Possess/PossessMan/show_ui_page
INFO: [ app_init ] --START--
INFO: Run Behavior\BuildLiteBehavior [ RunTime:0.000003s ]
INFO: [ app_init ] --END-- [ RunTime:0.000027s ]
INFO: [ app_begin ] --START--
INFO: Run Behavior\ReadHtmlCacheBehavior [ RunTime:0.000011s ]
INFO: [ app_begin ] --END-- [ RunTime:0.000019s ]
SQL: select DISTINCT menuName,menuURL,rm.menuid
                from Y_user u
                LEFT JOIN Y_user_role ur ON ur.uid=u.Uid
                LEFT JOIN Y_role r ON r.roleid=ur.roleid
                LEFT JOIN Y_role_menu rm ON rm.roleid=r.roleid
                LEFT JOIN Y_netprofitmenu npm ON npm.menuid=rm.menuid
                WHERE u.username='赵艳平' 
                ORDER BY rm.menuid [ RunTime:0.0142s ]
SQL: select mid from Y_manger WHERE manger='赵艳平' [ RunTime:0.0127s ]
SQL: SELECT DISTINCT u.username,d.Did,d.Dname FROM Y_userDepartment ud
                                        LEFT JOIN Y_user u on  u.uid=ud.uid
                                        LEFT JOIN Y_Department d on ud.Did=d.Did
                                        LEFT JOIN Y_user_role ur ON ur.uid=u.Uid
                                        LEFT JOIN Y_role r  on r.roleid=ur.roleid
                                        LEFT JOIN Y_masterDepartment md on md.departmentid=d.Did
                                        LEFT JOIN Y_manger m ON md.mangerid=m.mid
                                        WHERE  roleName='美工'
                                        AND mangerid='10'
                                        ORDER BY d.Did [ RunTime:0.0181s ]
NOTIC: [8] Undefined variable: did /home/youran/jeany/netprofit/cms/Application/Possess/Controller/PossessManController.class.php 第 85 行.
NOTIC: [2] array_unique() expects parameter 1 to be array, null given /home/youran/jeany/netprofit/cms/Application/Possess/Controller/PossessManController.class.php 第 85 行.
NOTIC: [8] Undefined variable: dname /home/youran/jeany/netprofit/cms/Application/Possess/Controller/PossessManController.class.php 第 86 行.
NOTIC: [2] array_unique() expects parameter 1 to be array, null given /home/youran/jeany/netprofit/cms/Application/Possess/Controller/PossessManController.class.php 第 86 行.
NOTIC: [8] Undefined variable: pos /home/youran/jeany/netprofit/cms/Application/Possess/Controller/PossessManController.class.php 第 87 行.
NOTIC: [2] array_unique() expects parameter 1 to be array, null given /home/youran/jeany/netprofit/cms/Application/Possess/Controller/PossessManController.class.php 第 87 行.
NOTIC: [2] array_combine() expects parameter 1 to be array, null given /home/youran/jeany/netprofit/cms/Application/Possess/Controller/PossessManController.class.php 第 88 行.
NOTIC: [2] ksort() expects parameter 1 to be array, null given /home/youran/jeany/netprofit/cms/Application/Possess/Controller/PossessManController.class.php 第 89 行.
INFO: [ view_parse ] --START--
INFO: [ template_filter ] --START--
INFO: Run Behavior\ContentReplaceBehavior [ RunTime:0.000060s ]
INFO: [ template_filter ] --END-- [ RunTime:0.000071s ]
INFO: Run Behavior\ParseTemplateBehavior [ RunTime:0.006408s ]
INFO: [ view_parse ] --END-- [ RunTime:0.006430s ]
INFO: [ view_filter ] --START--
INFO: Run Behavior\WriteHtmlCacheBehavior [ RunTime:0.000009s ]
INFO: [ view_filter ] --END-- [ RunTime:0.000015s ]
INFO: [ app_end ] --START--
INFO: Run Behavior\ShowPageTraceBehavior [ RunTime:0.000008s ]
INFO: [ app_end ] --END-- [ RunTime:0.000013s ]

[ 2018-01-30T09:11:05+08:00 ] 58.246.226.254 /possess/possess_man/possessman_netprofit.html
INFO: [ app_init ] --START--
INFO: Run Behavior\BuildLiteBehavior [ RunTime:0.000006s ]
INFO: [ app_init ] --END-- [ RunTime:0.000039s ]
INFO: [ app_begin ] --START--
INFO: Run Behavior\ReadHtmlCacheBehavior [ RunTime:0.000017s ]
INFO: [ app_begin ] --END-- [ RunTime:0.000032s ]
SQL: select * from Y_manger WHERE manger='赵艳平' [ RunTime:0.0091s ]
SQL: SELECT DISTINCT u.username FROM Y_userDepartment ud
                                  LEFT JOIN Y_user u on  u.uid=ud.uid
                                  LEFT JOIN Y_Department d on ud.Did=d.Did
                                  LEFT JOIN Y_user_role ur ON ur.uid=u.Uid
                                  LEFT JOIN Y_role r  on r.roleid=ur.roleid
                                  LEFT JOIN Y_masterDepartment md on md.departmentid=d.Did
                                  LEFT JOIN Y_manger m ON md.mangerid=m.mid
                                  WHERE  r.roleName='美工'
                                  AND mangerid='10' [ RunTime:0.0116s ]
NOTIC: [8] Undefined variable: da /home/youran/jeany/netprofit/cms/Application/Possess/Controller/PossessManController.class.php 第 144 行.
SQL: exec Z_P_PossessNetProfit '1','2018-01-01','2018-01-30','' [ RunTime:6.9001s ]
INFO: [ view_parse ] --START--
INFO: [ template_filter ] --START--
INFO: Run Behavior\ContentReplaceBehavior [ RunTime:0.000054s ]
INFO: [ template_filter ] --END-- [ RunTime:0.000063s ]
INFO: Run Behavior\ParseTemplateBehavior [ RunTime:0.003170s ]
INFO: [ view_parse ] --END-- [ RunTime:0.003193s ]
INFO: [ view_filter ] --START--
INFO: Run Behavior\WriteHtmlCacheBehavior [ RunTime:0.000010s ]
INFO: [ view_filter ] --END-- [ RunTime:0.000015s ]
INFO: [ app_end ] --START--
INFO: Run Behavior\ShowPageTraceBehavior [ RunTime:0.000009s ]
INFO: [ app_end ] --END-- [ RunTime:0.000014s ]

[ 2018-01-30T09:11:38+08:00 ] 58.246.226.254 /Possess/PossessMan/possess?order=asc
INFO: [ app_init ] --START--
INFO: Run Behavior\BuildLiteBehavior [ RunTime:0.000013s ]
INFO: [ app_init ] --END-- [ RunTime:0.000167s ]
INFO: [ app_begin ] --START--
INFO: Run Behavior\ReadHtmlCacheBehavior [ RunTime:0.000043s ]
INFO: [ app_begin ] --END-- [ RunTime:0.000081s ]
NOTIC: [8] Undefined variable: res /home/youran/jeany/netprofit/cms/Application/Possess/Controller/PossessManController.class.php 第 216 行.
INFO: [ app_end ] --START--
INFO: Run Behavior\ShowPageTraceBehavior [ RunTime:0.000011s ]
INFO: [ app_end ] --END-- [ RunTime:0.000022s ]

[ 2018-01-30T11:43:48+08:00 ] 58.246.226.254 /Possess/PossessMan/show_ui_page
INFO: [ app_init ] --START--
INFO: Run Behavior\BuildLiteBehavior [ RunTime:0.000013s ]
INFO: [ app_init ] --END-- [ RunTime:0.000091s ]
INFO: [ app_begin ] --START--
INFO: Run Behavior\ReadHtmlCacheBehavior [ RunTime:0.000041s ]
INFO: [ app_begin ] --END-- [ RunTime:0.000077s ]
SQL: select DISTINCT menuName,menuURL,rm.menuid
                from Y_user u
                LEFT JOIN Y_user_role ur ON ur.uid=u.Uid
                LEFT JOIN Y_role r ON r.roleid=ur.roleid
                LEFT JOIN Y_role_menu rm ON rm.roleid=r.roleid
                LEFT JOIN Y_netprofitmenu npm ON npm.menuid=rm.menuid
                WHERE u.username='admin' 
                ORDER BY rm.menuid [ RunTime:0.0108s ]
SQL: select mid from Y_manger WHERE manger='admin' [ RunTime:0.0097s ]
NOTIC: [8] Undefined offset: 0 /home/youran/jeany/netprofit/cms/Application/Possess/Controller/PossessManController.class.php 第 28 行.
SQL: SELECT DISTINCT d.Dname, u.username,d.Did FROM Y_userDepartment ud
                    LEFT JOIN Y_user u on  u.uid=ud.uid
                    LEFT JOIN Y_Department d on ud.Did=d.Did
                    LEFT JOIN Y_user_role ur ON ur.uid=u.Uid
                    LEFT JOIN Y_role r  on r.roleid=ur.roleid
                    WHERE  roleName='美工'
                    ORDER BY d.Did [ RunTime:0.0171s ]
INFO: [ view_parse ] --START--
INFO: [ template_filter ] --START--
INFO: Run Behavior\ContentReplaceBehavior [ RunTime:0.000058s ]
INFO: [ template_filter ] --END-- [ RunTime:0.000067s ]
INFO: Run Behavior\ParseTemplateBehavior [ RunTime:0.005416s ]
INFO: [ view_parse ] --END-- [ RunTime:0.005441s ]
INFO: [ view_filter ] --START--
INFO: Run Behavior\WriteHtmlCacheBehavior [ RunTime:0.000011s ]
INFO: [ view_filter ] --END-- [ RunTime:0.000017s ]
INFO: [ app_end ] --START--
INFO: Run Behavior\ShowPageTraceBehavior [ RunTime:0.000009s ]
INFO: [ app_end ] --END-- [ RunTime:0.000014s ]

[ 2018-01-30T13:34:25+08:00 ] 58.246.226.254 /Possess/PossessMan/show_ui_page
INFO: [ app_init ] --START--
INFO: Run Behavior\BuildLiteBehavior [ RunTime:0.000013s ]
INFO: [ app_init ] --END-- [ RunTime:0.000090s ]
INFO: [ app_begin ] --START--
INFO: Run Behavior\ReadHtmlCacheBehavior [ RunTime:0.000042s ]
INFO: [ app_begin ] --END-- [ RunTime:0.000077s ]
SQL: select DISTINCT menuName,menuURL,rm.menuid
                from Y_user u
                LEFT JOIN Y_user_role ur ON ur.uid=u.Uid
                LEFT JOIN Y_role r ON r.roleid=ur.roleid
                LEFT JOIN Y_role_menu rm ON rm.roleid=r.roleid
                LEFT JOIN Y_netprofitmenu npm ON npm.menuid=rm.menuid
                WHERE u.username='admin' 
                ORDER BY rm.menuid [ RunTime:0.0109s ]
SQL: select mid from Y_manger WHERE manger='admin' [ RunTime:0.0098s ]
NOTIC: [8] Undefined offset: 0 /home/youran/jeany/netprofit/cms/Application/Possess/Controller/PossessManController.class.php 第 28 行.
SQL: SELECT DISTINCT d.Dname, u.username,d.Did FROM Y_userDepartment ud
                    LEFT JOIN Y_user u on  u.uid=ud.uid
                    LEFT JOIN Y_Department d on ud.Did=d.Did
                    LEFT JOIN Y_user_role ur ON ur.uid=u.Uid
                    LEFT JOIN Y_role r  on r.roleid=ur.roleid
                    WHERE  roleName='美工'
                    ORDER BY d.Did [ RunTime:0.0203s ]
INFO: [ view_parse ] --START--
INFO: [ template_filter ] --START--
INFO: Run Behavior\ContentReplaceBehavior [ RunTime:0.000056s ]
INFO: [ template_filter ] --END-- [ RunTime:0.000067s ]
INFO: Run Behavior\ParseTemplateBehavior [ RunTime:0.005700s ]
INFO: [ view_parse ] --END-- [ RunTime:0.005727s ]
INFO: [ view_filter ] --START--
INFO: Run Behavior\WriteHtmlCacheBehavior [ RunTime:0.000011s ]
INFO: [ view_filter ] --END-- [ RunTime:0.000016s ]
INFO: [ app_end ] --START--
INFO: Run Behavior\ShowPageTraceBehavior [ RunTime:0.000010s ]
INFO: [ app_end ] --END-- [ RunTime:0.000015s ]

