[ 2018-02-03T17:04:04+08:00 ] 58.246.226.254 /Possess/PossessMan/show_ui_page
INFO: [ app_init ] --START--
INFO: Run Behavior\BuildLiteBehavior [ RunTime:0.000013s ]
INFO: [ app_init ] --END-- [ RunTime:0.000092s ]
INFO: [ app_begin ] --START--
INFO: Run Behavior\ReadHtmlCacheBehavior [ RunTime:0.000043s ]
INFO: [ app_begin ] --END-- [ RunTime:0.000079s ]
SQL: select DISTINCT menuName,menuURL,rm.menuid
                from Y_user u
                LEFT JOIN Y_user_role ur ON ur.uid=u.Uid
                LEFT JOIN Y_role r ON r.roleid=ur.roleid
                LEFT JOIN Y_role_menu rm ON rm.roleid=r.roleid
                LEFT JOIN Y_netprofitmenu npm ON npm.menuid=rm.menuid
                WHERE u.username='admin' 
                ORDER BY rm.menuid [ RunTime:0.0152s ]
SQL: select mid from Y_manger WHERE manger='admin' [ RunTime:0.0145s ]
NOTIC: [8] Undefined offset: 0 /home/youran/jeany/netprofit/cms/Application/Possess/Controller/PossessManController.class.php 第 28 行.
SQL: SELECT DISTINCT d.Dname, u.username,d.Did FROM Y_userDepartment ud
                    LEFT JOIN Y_user u on  u.uid=ud.uid
                    LEFT JOIN Y_Department d on ud.Did=d.Did
                    LEFT JOIN Y_user_role ur ON ur.uid=u.Uid
                    LEFT JOIN Y_role r  on r.roleid=ur.roleid
                    WHERE  roleName='美工'
                    ORDER BY d.Did [ RunTime:0.0224s ]
INFO: [ view_parse ] --START--
INFO: [ template_filter ] --START--
INFO: Run Behavior\ContentReplaceBehavior [ RunTime:0.000056s ]
INFO: [ template_filter ] --END-- [ RunTime:0.000065s ]
INFO: Run Behavior\ParseTemplateBehavior [ RunTime:0.005826s ]
INFO: [ view_parse ] --END-- [ RunTime:0.005850s ]
INFO: [ view_filter ] --START--
INFO: Run Behavior\WriteHtmlCacheBehavior [ RunTime:0.000011s ]
INFO: [ view_filter ] --END-- [ RunTime:0.000016s ]
INFO: [ app_end ] --START--
INFO: Run Behavior\ShowPageTraceBehavior [ RunTime:0.000009s ]
INFO: [ app_end ] --END-- [ RunTime:0.000014s ]

[ 2018-02-03T17:04:26+08:00 ] 58.246.226.254 /possess/possess_man/possessman_netprofit.html
INFO: [ app_init ] --START--
INFO: Run Behavior\BuildLiteBehavior [ RunTime:0.000013s ]
INFO: [ app_init ] --END-- [ RunTime:0.000095s ]
INFO: [ app_begin ] --START--
INFO: Run Behavior\ReadHtmlCacheBehavior [ RunTime:0.000046s ]
INFO: [ app_begin ] --END-- [ RunTime:0.000086s ]
SQL: select * from Y_manger WHERE manger='admin' [ RunTime:0.0105s ]
NOTIC: [8] Undefined offset: 0 /home/youran/jeany/netprofit/cms/Application/Possess/Controller/PossessManController.class.php 第 126 行.
SQL: select u.username from Y_userDepartment d
                    LEFT JOIN Y_user u ON u.uid=d.Uid
                    LEFT JOIN Y_user_role ur ON ur.uid=u.Uid
                    LEFT JOIN Y_role r ON r.roleid=ur.roleid
                    WHERE r.roleName='美工' [ RunTime:0.0192s ]
NOTIC: [8] Undefined variable: value /home/youran/jeany/netprofit/cms/Application/Possess/Controller/PossessManController.class.php 第 155 行.
SQL: exec Z_P_PossessNetProfit '1','2018-02-01','2018-02-02','韩珍,谌方,方蓓,刘珊珊,王漫漫,洪晓飞,陆彧,李永恒,马秋霜,薛祖贵,纪莉均,邓芳,张梦,' [ RunTime:2.3187s ]
INFO: [ view_parse ] --START--
INFO: [ template_filter ] --START--
INFO: Run Behavior\ContentReplaceBehavior [ RunTime:0.000271s ]
INFO: [ template_filter ] --END-- [ RunTime:0.000317s ]
INFO: Run Behavior\ParseTemplateBehavior [ RunTime:0.006849s ]
INFO: [ view_parse ] --END-- [ RunTime:0.006896s ]
INFO: [ view_filter ] --START--
INFO: Run Behavior\WriteHtmlCacheBehavior [ RunTime:0.000058s ]
INFO: [ view_filter ] --END-- [ RunTime:0.000081s ]
INFO: [ app_end ] --START--
INFO: Run Behavior\ShowPageTraceBehavior [ RunTime:0.000047s ]
INFO: [ app_end ] --END-- [ RunTime:0.000071s ]

[ 2018-02-03T17:04:47+08:00 ] 58.246.226.254 /Possess/PossessMan/possess?order=asc
INFO: [ app_init ] --START--
INFO: Run Behavior\BuildLiteBehavior [ RunTime:0.000013s ]
INFO: [ app_init ] --END-- [ RunTime:0.000089s ]
INFO: [ app_begin ] --START--
INFO: Run Behavior\ReadHtmlCacheBehavior [ RunTime:0.000041s ]
INFO: [ app_begin ] --END-- [ RunTime:0.000076s ]
INFO: [ app_end ] --START--
INFO: Run Behavior\ShowPageTraceBehavior [ RunTime:0.000041s ]
INFO: [ app_end ] --END-- [ RunTime:0.000081s ]

[ 2018-02-03T17:04:58+08:00 ] 58.246.226.254 /possess/possess_man/possessman_netprofit.html
INFO: [ app_init ] --START--
INFO: Run Behavior\BuildLiteBehavior [ RunTime:0.000013s ]
INFO: [ app_init ] --END-- [ RunTime:0.000090s ]
INFO: [ app_begin ] --START--
INFO: Run Behavior\ReadHtmlCacheBehavior [ RunTime:0.000040s ]
INFO: [ app_begin ] --END-- [ RunTime:0.000078s ]
SQL: select * from Y_manger WHERE manger='admin' [ RunTime:0.0100s ]
NOTIC: [8] Undefined offset: 0 /home/youran/jeany/netprofit/cms/Application/Possess/Controller/PossessManController.class.php 第 126 行.
SQL: select u.username from Y_userDepartment d
                    LEFT JOIN Y_user u ON u.uid=d.Uid
                    LEFT JOIN Y_user_role ur ON ur.uid=u.Uid
                    LEFT JOIN Y_role r ON r.roleid=ur.roleid
                    WHERE r.roleName='美工' [ RunTime:0.0116s ]
NOTIC: [8] Undefined variable: value /home/youran/jeany/netprofit/cms/Application/Possess/Controller/PossessManController.class.php 第 155 行.
SQL: exec Z_P_PossessNetProfit '1','2018-02-01','2018-02-02','韩珍,谌方,方蓓,刘珊珊,王漫漫,洪晓飞,陆彧,李永恒,马秋霜,薛祖贵,纪莉均,邓芳,张梦,' [ RunTime:1.4063s ]
INFO: [ view_parse ] --START--
INFO: [ template_filter ] --START--
INFO: Run Behavior\ContentReplaceBehavior [ RunTime:0.000054s ]
INFO: [ template_filter ] --END-- [ RunTime:0.000063s ]
INFO: Run Behavior\ParseTemplateBehavior [ RunTime:0.003193s ]
INFO: [ view_parse ] --END-- [ RunTime:0.003218s ]
INFO: [ view_filter ] --START--
INFO: Run Behavior\WriteHtmlCacheBehavior [ RunTime:0.000011s ]
INFO: [ view_filter ] --END-- [ RunTime:0.000016s ]
INFO: [ app_end ] --START--
INFO: Run Behavior\ShowPageTraceBehavior [ RunTime:0.000009s ]
INFO: [ app_end ] --END-- [ RunTime:0.000014s ]

[ 2018-02-03T17:05:04+08:00 ] 61.151.178.176 /Possess/PossessMan/show_ui_page
INFO: [ app_init ] --START--
INFO: Run Behavior\BuildLiteBehavior [ RunTime:0.000013s ]
INFO: [ app_init ] --END-- [ RunTime:0.000095s ]
INFO: [ app_begin ] --START--
INFO: Run Behavior\ReadHtmlCacheBehavior [ RunTime:0.000098s ]
INFO: [ app_begin ] --END-- [ RunTime:0.000135s ]
NOTIC: [8] Undefined index: session_name /home/youran/jeany/netprofit/cms/Application/Home/Controller/ParentController.class.php 第 43 行.

[ 2018-02-03T17:05:19+08:00 ] 58.246.226.254 /Possess/PossessMan/possess?order=asc
INFO: [ app_init ] --START--
INFO: Run Behavior\BuildLiteBehavior [ RunTime:0.000012s ]
INFO: [ app_init ] --END-- [ RunTime:0.000090s ]
INFO: [ app_begin ] --START--
INFO: Run Behavior\ReadHtmlCacheBehavior [ RunTime:0.000042s ]
INFO: [ app_begin ] --END-- [ RunTime:0.000076s ]
INFO: [ app_end ] --START--
INFO: Run Behavior\ShowPageTraceBehavior [ RunTime:0.000041s ]
INFO: [ app_end ] --END-- [ RunTime:0.000079s ]

[ 2018-02-03T17:05:23+08:00 ] 61.129.7.254 /possess/possess_man/possessman_netprofit.html
INFO: [ app_init ] --START--
INFO: Run Behavior\BuildLiteBehavior [ RunTime:0.000012s ]
INFO: [ app_init ] --END-- [ RunTime:0.000091s ]
INFO: [ app_begin ] --START--
INFO: Run Behavior\ReadHtmlCacheBehavior [ RunTime:0.000041s ]
INFO: [ app_begin ] --END-- [ RunTime:0.000076s ]
NOTIC: [8] Undefined index: session_name /home/youran/jeany/netprofit/cms/Application/Home/Controller/ParentController.class.php 第 43 行.

[ 2018-02-03T17:06:25+08:00 ] 58.246.226.254 /Possess/PossessMan/show_ui_page
INFO: [ app_init ] --START--
INFO: Run Behavior\BuildLiteBehavior [ RunTime:0.000012s ]
INFO: [ app_init ] --END-- [ RunTime:0.000093s ]
INFO: [ app_begin ] --START--
INFO: Run Behavior\ReadHtmlCacheBehavior [ RunTime:0.000046s ]
INFO: [ app_begin ] --END-- [ RunTime:0.000082s ]
SQL: select DISTINCT menuName,menuURL,rm.menuid
                from Y_user u
                LEFT JOIN Y_user_role ur ON ur.uid=u.Uid
                LEFT JOIN Y_role r ON r.roleid=ur.roleid
                LEFT JOIN Y_role_menu rm ON rm.roleid=r.roleid
                LEFT JOIN Y_netprofitmenu npm ON npm.menuid=rm.menuid
                WHERE u.username='admin' 
                ORDER BY rm.menuid [ RunTime:0.0096s ]
SQL: select mid from Y_manger WHERE manger='admin' [ RunTime:0.0087s ]
NOTIC: [8] Undefined offset: 0 /home/youran/jeany/netprofit/cms/Application/Possess/Controller/PossessManController.class.php 第 28 行.
SQL: SELECT DISTINCT d.Dname, u.username,d.Did FROM Y_userDepartment ud
                    LEFT JOIN Y_user u on  u.uid=ud.uid
                    LEFT JOIN Y_Department d on ud.Did=d.Did
                    LEFT JOIN Y_user_role ur ON ur.uid=u.Uid
                    LEFT JOIN Y_role r  on r.roleid=ur.roleid
                    WHERE  roleName='美工'
                    ORDER BY d.Did [ RunTime:0.0121s ]
INFO: [ view_parse ] --START--
INFO: [ template_filter ] --START--
INFO: Run Behavior\ContentReplaceBehavior [ RunTime:0.000057s ]
INFO: [ template_filter ] --END-- [ RunTime:0.000068s ]
INFO: Run Behavior\ParseTemplateBehavior [ RunTime:0.005301s ]
INFO: [ view_parse ] --END-- [ RunTime:0.005327s ]
INFO: [ view_filter ] --START--
INFO: Run Behavior\WriteHtmlCacheBehavior [ RunTime:0.000012s ]
INFO: [ view_filter ] --END-- [ RunTime:0.000018s ]
INFO: [ app_end ] --START--
INFO: Run Behavior\ShowPageTraceBehavior [ RunTime:0.000010s ]
INFO: [ app_end ] --END-- [ RunTime:0.000016s ]

[ 2018-02-03T17:07:23+08:00 ] 58.246.226.254 /possess/possess_man/possessman_netprofit.html
INFO: [ app_init ] --START--
INFO: Run Behavior\BuildLiteBehavior [ RunTime:0.000012s ]
INFO: [ app_init ] --END-- [ RunTime:0.000091s ]
INFO: [ app_begin ] --START--
INFO: Run Behavior\ReadHtmlCacheBehavior [ RunTime:0.000041s ]
INFO: [ app_begin ] --END-- [ RunTime:0.000078s ]
SQL: select * from Y_manger WHERE manger='admin' [ RunTime:0.0095s ]
NOTIC: [8] Undefined offset: 0 /home/youran/jeany/netprofit/cms/Application/Possess/Controller/PossessManController.class.php 第 126 行.
SQL: select u.username from Y_userDepartment d
                    LEFT JOIN Y_user u ON u.uid=d.Uid
                    LEFT JOIN Y_user_role ur ON ur.uid=u.Uid
                    LEFT JOIN Y_role r ON r.roleid=ur.roleid
                    WHERE r.roleName='美工' [ RunTime:0.0111s ]
NOTIC: [8] Undefined variable: value /home/youran/jeany/netprofit/cms/Application/Possess/Controller/PossessManController.class.php 第 155 行.
SQL: exec Z_P_PossessNetProfit '1','2018-01-07','2018-02-01','韩珍,谌方,方蓓,刘珊珊,王漫漫,洪晓飞,陆彧,李永恒,马秋霜,薛祖贵,纪莉均,邓芳,张梦,' [ RunTime:9.0816s ]
INFO: [ view_parse ] --START--
INFO: [ template_filter ] --START--
INFO: Run Behavior\ContentReplaceBehavior [ RunTime:0.000054s ]
INFO: [ template_filter ] --END-- [ RunTime:0.000063s ]
INFO: Run Behavior\ParseTemplateBehavior [ RunTime:0.002697s ]
INFO: [ view_parse ] --END-- [ RunTime:0.002719s ]
INFO: [ view_filter ] --START--
INFO: Run Behavior\WriteHtmlCacheBehavior [ RunTime:0.000010s ]
INFO: [ view_filter ] --END-- [ RunTime:0.000015s ]
INFO: [ app_end ] --START--
INFO: Run Behavior\ShowPageTraceBehavior [ RunTime:0.000010s ]
INFO: [ app_end ] --END-- [ RunTime:0.000015s ]

[ 2018-02-03T17:07:45+08:00 ] 58.246.226.254 /Possess/PossessMan/possess?order=asc
INFO: [ app_init ] --START--
INFO: Run Behavior\BuildLiteBehavior [ RunTime:0.000013s ]
INFO: [ app_init ] --END-- [ RunTime:0.000092s ]
INFO: [ app_begin ] --START--
INFO: Run Behavior\ReadHtmlCacheBehavior [ RunTime:0.000041s ]
INFO: [ app_begin ] --END-- [ RunTime:0.000076s ]
INFO: [ app_end ] --START--
INFO: Run Behavior\ShowPageTraceBehavior [ RunTime:0.000041s ]
INFO: [ app_end ] --END-- [ RunTime:0.000079s ]

[ 2018-02-03T17:20:25+08:00 ] 58.246.226.254 /possess/possess_man/possessman_netprofit.html
INFO: [ app_init ] --START--
INFO: Run Behavior\BuildLiteBehavior [ RunTime:0.000012s ]
INFO: [ app_init ] --END-- [ RunTime:0.000089s ]
INFO: [ app_begin ] --START--
INFO: Run Behavior\ReadHtmlCacheBehavior [ RunTime:0.000041s ]
INFO: [ app_begin ] --END-- [ RunTime:0.000077s ]
SQL: select * from Y_manger WHERE manger='admin' [ RunTime:0.0132s ]
NOTIC: [8] Undefined offset: 0 /home/youran/jeany/netprofit/cms/Application/Possess/Controller/PossessManController.class.php 第 126 行.
SQL: select u.username from Y_userDepartment d
                    LEFT JOIN Y_user u ON u.uid=d.Uid
                    LEFT JOIN Y_user_role ur ON ur.uid=u.Uid
                    LEFT JOIN Y_role r ON r.roleid=ur.roleid
                    WHERE r.roleName='美工' [ RunTime:0.0149s ]
NOTIC: [8] Undefined variable: value /home/youran/jeany/netprofit/cms/Application/Possess/Controller/PossessManController.class.php 第 155 行.
SQL: exec Z_P_PossessNetProfit '1','2018-01-17','2018-02-01','韩珍,谌方,方蓓,刘珊珊,王漫漫,洪晓飞,陆彧,李永恒,马秋霜,薛祖贵,纪莉均,邓芳,张梦,' [ RunTime:7.2272s ]
INFO: [ view_parse ] --START--
INFO: [ template_filter ] --START--
INFO: Run Behavior\ContentReplaceBehavior [ RunTime:0.000053s ]
INFO: [ template_filter ] --END-- [ RunTime:0.000062s ]
INFO: Run Behavior\ParseTemplateBehavior [ RunTime:0.003783s ]
INFO: [ view_parse ] --END-- [ RunTime:0.003807s ]
INFO: [ view_filter ] --START--
INFO: Run Behavior\WriteHtmlCacheBehavior [ RunTime:0.000014s ]
INFO: [ view_filter ] --END-- [ RunTime:0.000019s ]
INFO: [ app_end ] --START--
INFO: Run Behavior\ShowPageTraceBehavior [ RunTime:0.000008s ]
INFO: [ app_end ] --END-- [ RunTime:0.000013s ]

[ 2018-02-03T17:20:46+08:00 ] 58.246.226.254 /Possess/PossessMan/possess?order=asc
INFO: [ app_init ] --START--
INFO: Run Behavior\BuildLiteBehavior [ RunTime:0.000013s ]
INFO: [ app_init ] --END-- [ RunTime:0.000095s ]
INFO: [ app_begin ] --START--
INFO: Run Behavior\ReadHtmlCacheBehavior [ RunTime:0.000047s ]
INFO: [ app_begin ] --END-- [ RunTime:0.000082s ]
INFO: [ app_end ] --START--
INFO: Run Behavior\ShowPageTraceBehavior [ RunTime:0.000041s ]
INFO: [ app_end ] --END-- [ RunTime:0.000080s ]

[ 2018-02-03T17:25:41+08:00 ] 58.246.226.254 /possess/possess_man/possessman_netprofit.html
INFO: [ app_init ] --START--
INFO: Run Behavior\BuildLiteBehavior [ RunTime:0.000012s ]
INFO: [ app_init ] --END-- [ RunTime:0.000094s ]
INFO: [ app_begin ] --START--
INFO: Run Behavior\ReadHtmlCacheBehavior [ RunTime:0.000045s ]
INFO: [ app_begin ] --END-- [ RunTime:0.000082s ]
SQL: select * from Y_manger WHERE manger='admin' [ RunTime:0.0153s ]
NOTIC: [8] Undefined offset: 0 /home/youran/jeany/netprofit/cms/Application/Possess/Controller/PossessManController.class.php 第 126 行.
SQL: select u.username from Y_userDepartment d
                    LEFT JOIN Y_user u ON u.uid=d.Uid
                    LEFT JOIN Y_user_role ur ON ur.uid=u.Uid
                    LEFT JOIN Y_role r ON r.roleid=ur.roleid
                    WHERE r.roleName='美工' [ RunTime:0.0157s ]
NOTIC: [8] Undefined variable: value /home/youran/jeany/netprofit/cms/Application/Possess/Controller/PossessManController.class.php 第 155 行.
SQL: exec Z_P_PossessNetProfit '1','2018-02-01','2018-02-02','韩珍,谌方,方蓓,刘珊珊,王漫漫,洪晓飞,陆彧,李永恒,马秋霜,薛祖贵,纪莉均,邓芳,张梦,' [ RunTime:1.5978s ]
INFO: [ view_parse ] --START--
INFO: [ template_filter ] --START--
INFO: Run Behavior\ContentReplaceBehavior [ RunTime:0.000056s ]
INFO: [ template_filter ] --END-- [ RunTime:0.000064s ]
INFO: Run Behavior\ParseTemplateBehavior [ RunTime:0.003932s ]
INFO: [ view_parse ] --END-- [ RunTime:0.003957s ]
INFO: [ view_filter ] --START--
INFO: Run Behavior\WriteHtmlCacheBehavior [ RunTime:0.000012s ]
INFO: [ view_filter ] --END-- [ RunTime:0.000017s ]
INFO: [ app_end ] --START--
INFO: Run Behavior\ShowPageTraceBehavior [ RunTime:0.000010s ]
INFO: [ app_end ] --END-- [ RunTime:0.000015s ]

[ 2018-02-03T17:26:03+08:00 ] 58.246.226.254 /Possess/PossessMan/possess?order=asc
INFO: [ app_init ] --START--
INFO: Run Behavior\BuildLiteBehavior [ RunTime:0.000012s ]
INFO: [ app_init ] --END-- [ RunTime:0.000093s ]
INFO: [ app_begin ] --START--
INFO: Run Behavior\ReadHtmlCacheBehavior [ RunTime:0.000046s ]
INFO: [ app_begin ] --END-- [ RunTime:0.000081s ]
INFO: [ app_end ] --START--
INFO: Run Behavior\ShowPageTraceBehavior [ RunTime:0.000044s ]
INFO: [ app_end ] --END-- [ RunTime:0.000084s ]

[ 2018-02-03T17:28:06+08:00 ] 58.246.226.254 /Possess/PossessMan/show_ui_page
INFO: [ app_init ] --START--
INFO: Run Behavior\BuildLiteBehavior [ RunTime:0.000013s ]
INFO: [ app_init ] --END-- [ RunTime:0.000093s ]
INFO: [ app_begin ] --START--
INFO: Run Behavior\ReadHtmlCacheBehavior [ RunTime:0.000047s ]
INFO: [ app_begin ] --END-- [ RunTime:0.000085s ]
SQL: select DISTINCT menuName,menuURL,rm.menuid
                from Y_user u
                LEFT JOIN Y_user_role ur ON ur.uid=u.Uid
                LEFT JOIN Y_role r ON r.roleid=ur.roleid
                LEFT JOIN Y_role_menu rm ON rm.roleid=r.roleid
                LEFT JOIN Y_netprofitmenu npm ON npm.menuid=rm.menuid
                WHERE u.username='黄荣斌' 
                ORDER BY rm.menuid [ RunTime:0.0137s ]
SQL: select mid from Y_manger WHERE manger='黄荣斌' [ RunTime:0.0147s ]
SQL: SELECT DISTINCT u.username,d.Did,d.Dname FROM Y_userDepartment ud
                                        LEFT JOIN Y_user u on  u.uid=ud.uid
                                        LEFT JOIN Y_Department d on ud.Did=d.Did
                                        LEFT JOIN Y_user_role ur ON ur.uid=u.Uid
                                        LEFT JOIN Y_role r  on r.roleid=ur.roleid
                                        LEFT JOIN Y_masterDepartment md on md.departmentid=d.Did
                                        LEFT JOIN Y_manger m ON md.mangerid=m.mid
                                        WHERE  roleName='美工'
                                        AND mangerid='13'
                                        ORDER BY d.Did [ RunTime:0.0340s ]
NOTIC: [8] Undefined variable: did /home/youran/jeany/netprofit/cms/Application/Possess/Controller/PossessManController.class.php 第 85 行.
NOTIC: [2] array_unique() expects parameter 1 to be array, null given /home/youran/jeany/netprofit/cms/Application/Possess/Controller/PossessManController.class.php 第 85 行.
NOTIC: [8] Undefined variable: dname /home/youran/jeany/netprofit/cms/Application/Possess/Controller/PossessManController.class.php 第 86 行.
NOTIC: [2] array_unique() expects parameter 1 to be array, null given /home/youran/jeany/netprofit/cms/Application/Possess/Controller/PossessManController.class.php 第 86 行.
NOTIC: [8] Undefined variable: pos /home/youran/jeany/netprofit/cms/Application/Possess/Controller/PossessManController.class.php 第 87 行.
NOTIC: [2] array_unique() expects parameter 1 to be array, null given /home/youran/jeany/netprofit/cms/Application/Possess/Controller/PossessManController.class.php 第 87 行.
NOTIC: [2] array_combine() expects parameter 1 to be array, null given /home/youran/jeany/netprofit/cms/Application/Possess/Controller/PossessManController.class.php 第 88 行.
NOTIC: [2] ksort() expects parameter 1 to be array, null given /home/youran/jeany/netprofit/cms/Application/Possess/Controller/PossessManController.class.php 第 89 行.
INFO: [ view_parse ] --START--
INFO: [ template_filter ] --START--
INFO: Run Behavior\ContentReplaceBehavior [ RunTime:0.000057s ]
INFO: [ template_filter ] --END-- [ RunTime:0.000067s ]
INFO: Run Behavior\ParseTemplateBehavior [ RunTime:0.005809s ]
INFO: [ view_parse ] --END-- [ RunTime:0.005830s ]
INFO: [ view_filter ] --START--
INFO: Run Behavior\WriteHtmlCacheBehavior [ RunTime:0.000012s ]
INFO: [ view_filter ] --END-- [ RunTime:0.000017s ]
INFO: [ app_end ] --START--
INFO: Run Behavior\ShowPageTraceBehavior [ RunTime:0.000011s ]
INFO: [ app_end ] --END-- [ RunTime:0.000016s ]

[ 2018-02-03T17:48:21+08:00 ] 58.246.226.254 /Possess/PossessMan/show_ui_page
INFO: [ app_init ] --START--
INFO: Run Behavior\BuildLiteBehavior [ RunTime:0.000013s ]
INFO: [ app_init ] --END-- [ RunTime:0.000083s ]
INFO: [ app_begin ] --START--
INFO: Run Behavior\ReadHtmlCacheBehavior [ RunTime:0.000038s ]
INFO: [ app_begin ] --END-- [ RunTime:0.000075s ]
SQL: select DISTINCT menuName,menuURL,rm.menuid
                from Y_user u
                LEFT JOIN Y_user_role ur ON ur.uid=u.Uid
                LEFT JOIN Y_role r ON r.roleid=ur.roleid
                LEFT JOIN Y_role_menu rm ON rm.roleid=r.roleid
                LEFT JOIN Y_netprofitmenu npm ON npm.menuid=rm.menuid
                WHERE u.username='admin' 
                ORDER BY rm.menuid [ RunTime:0.0170s ]
SQL: select mid from Y_manger WHERE manger='admin' [ RunTime:0.0404s ]
NOTIC: [8] Undefined offset: 0 /home/youran/jeany/netprofit/cms/Application/Possess/Controller/PossessManController.class.php 第 28 行.
SQL: SELECT DISTINCT d.Dname, u.username,d.Did FROM Y_userDepartment ud
                    LEFT JOIN Y_user u on  u.uid=ud.uid
                    LEFT JOIN Y_Department d on ud.Did=d.Did
                    LEFT JOIN Y_user_role ur ON ur.uid=u.Uid
                    LEFT JOIN Y_role r  on r.roleid=ur.roleid
                    WHERE  roleName='美工'
                    ORDER BY d.Did [ RunTime:0.0151s ]
INFO: [ view_parse ] --START--
INFO: [ template_filter ] --START--
INFO: Run Behavior\ContentReplaceBehavior [ RunTime:0.000056s ]
INFO: [ template_filter ] --END-- [ RunTime:0.000066s ]
INFO: Run Behavior\ParseTemplateBehavior [ RunTime:0.005288s ]
INFO: [ view_parse ] --END-- [ RunTime:0.005312s ]
INFO: [ view_filter ] --START--
INFO: Run Behavior\WriteHtmlCacheBehavior [ RunTime:0.000009s ]
INFO: [ view_filter ] --END-- [ RunTime:0.000015s ]
INFO: [ app_end ] --START--
INFO: Run Behavior\ShowPageTraceBehavior [ RunTime:0.000008s ]
INFO: [ app_end ] --END-- [ RunTime:0.000014s ]

[ 2018-02-03T17:48:54+08:00 ] 58.246.226.254 /Possess/PossessMan/show_ui_page
INFO: [ app_init ] --START--
INFO: Run Behavior\BuildLiteBehavior [ RunTime:0.000013s ]
INFO: [ app_init ] --END-- [ RunTime:0.000089s ]
INFO: [ app_begin ] --START--
INFO: Run Behavior\ReadHtmlCacheBehavior [ RunTime:0.000042s ]
INFO: [ app_begin ] --END-- [ RunTime:0.000078s ]
SQL: select DISTINCT menuName,menuURL,rm.menuid
                from Y_user u
                LEFT JOIN Y_user_role ur ON ur.uid=u.Uid
                LEFT JOIN Y_role r ON r.roleid=ur.roleid
                LEFT JOIN Y_role_menu rm ON rm.roleid=r.roleid
                LEFT JOIN Y_netprofitmenu npm ON npm.menuid=rm.menuid
                WHERE u.username='admin' 
                ORDER BY rm.menuid [ RunTime:0.0157s ]
SQL: select mid from Y_manger WHERE manger='admin' [ RunTime:0.0121s ]
NOTIC: [8] Undefined offset: 0 /home/youran/jeany/netprofit/cms/Application/Possess/Controller/PossessManController.class.php 第 28 行.
SQL: SELECT DISTINCT d.Dname, u.username,d.Did FROM Y_userDepartment ud
                    LEFT JOIN Y_user u on  u.uid=ud.uid
                    LEFT JOIN Y_Department d on ud.Did=d.Did
                    LEFT JOIN Y_user_role ur ON ur.uid=u.Uid
                    LEFT JOIN Y_role r  on r.roleid=ur.roleid
                    WHERE  roleName='美工'
                    ORDER BY d.Did [ RunTime:0.0160s ]
INFO: [ view_parse ] --START--
INFO: [ template_filter ] --START--
INFO: Run Behavior\ContentReplaceBehavior [ RunTime:0.000056s ]
INFO: [ template_filter ] --END-- [ RunTime:0.000066s ]
INFO: Run Behavior\ParseTemplateBehavior [ RunTime:0.005724s ]
INFO: [ view_parse ] --END-- [ RunTime:0.005749s ]
INFO: [ view_filter ] --START--
INFO: Run Behavior\WriteHtmlCacheBehavior [ RunTime:0.000011s ]
INFO: [ view_filter ] --END-- [ RunTime:0.000017s ]
INFO: [ app_end ] --START--
INFO: Run Behavior\ShowPageTraceBehavior [ RunTime:0.000009s ]
INFO: [ app_end ] --END-- [ RunTime:0.000014s ]

[ 2018-02-03T17:50:39+08:00 ] 58.246.226.254 /Possess/PossessMan/show_ui_page
INFO: [ app_init ] --START--
INFO: Run Behavior\BuildLiteBehavior [ RunTime:0.000018s ]
INFO: [ app_init ] --END-- [ RunTime:0.000143s ]
INFO: [ app_begin ] --START--
INFO: Run Behavior\ReadHtmlCacheBehavior [ RunTime:0.000066s ]
INFO: [ app_begin ] --END-- [ RunTime:0.000181s ]
SQL: select DISTINCT menuName,menuURL,rm.menuid
                from Y_user u
                LEFT JOIN Y_user_role ur ON ur.uid=u.Uid
                LEFT JOIN Y_role r ON r.roleid=ur.roleid
                LEFT JOIN Y_role_menu rm ON rm.roleid=r.roleid
                LEFT JOIN Y_netprofitmenu npm ON npm.menuid=rm.menuid
                WHERE u.username='admin' 
                ORDER BY rm.menuid [ RunTime:0.0109s ]
SQL: select mid from Y_manger WHERE manger='admin' [ RunTime:0.0098s ]
NOTIC: [8] Undefined offset: 0 /home/youran/jeany/netprofit/cms/Application/Possess/Controller/PossessManController.class.php 第 28 行.
SQL: SELECT DISTINCT d.Dname, u.username,d.Did FROM Y_userDepartment ud
                    LEFT JOIN Y_user u on  u.uid=ud.uid
                    LEFT JOIN Y_Department d on ud.Did=d.Did
                    LEFT JOIN Y_user_role ur ON ur.uid=u.Uid
                    LEFT JOIN Y_role r  on r.roleid=ur.roleid
                    WHERE  roleName='美工'
                    ORDER BY d.Did [ RunTime:0.0114s ]
INFO: [ view_parse ] --START--
INFO: [ template_filter ] --START--
INFO: Run Behavior\ContentReplaceBehavior [ RunTime:0.000283s ]
INFO: [ template_filter ] --END-- [ RunTime:0.000331s ]
INFO: Run Behavior\ParseTemplateBehavior [ RunTime:0.008883s ]
INFO: [ view_parse ] --END-- [ RunTime:0.008935s ]
INFO: [ view_filter ] --START--
INFO: Run Behavior\WriteHtmlCacheBehavior [ RunTime:0.000063s ]
INFO: [ view_filter ] --END-- [ RunTime:0.000091s ]
INFO: [ app_end ] --START--
INFO: Run Behavior\ShowPageTraceBehavior [ RunTime:0.000048s ]
INFO: [ app_end ] --END-- [ RunTime:0.000076s ]

[ 2018-02-03T17:51:01+08:00 ] 58.246.226.254 /Possess/PossessMan/show_ui_page
INFO: [ app_init ] --START--
INFO: Run Behavior\BuildLiteBehavior [ RunTime:0.000013s ]
INFO: [ app_init ] --END-- [ RunTime:0.000083s ]
INFO: [ app_begin ] --START--
INFO: Run Behavior\ReadHtmlCacheBehavior [ RunTime:0.000036s ]
INFO: [ app_begin ] --END-- [ RunTime:0.000071s ]
SQL: select DISTINCT menuName,menuURL,rm.menuid
                from Y_user u
                LEFT JOIN Y_user_role ur ON ur.uid=u.Uid
                LEFT JOIN Y_role r ON r.roleid=ur.roleid
                LEFT JOIN Y_role_menu rm ON rm.roleid=r.roleid
                LEFT JOIN Y_netprofitmenu npm ON npm.menuid=rm.menuid
                WHERE u.username='admin' 
                ORDER BY rm.menuid [ RunTime:0.0103s ]
SQL: select mid from Y_manger WHERE manger='admin' [ RunTime:0.0079s ]
NOTIC: [8] Undefined offset: 0 /home/youran/jeany/netprofit/cms/Application/Possess/Controller/PossessManController.class.php 第 28 行.
SQL: SELECT DISTINCT d.Dname, u.username,d.Did FROM Y_userDepartment ud
                    LEFT JOIN Y_user u on  u.uid=ud.uid
                    LEFT JOIN Y_Department d on ud.Did=d.Did
                    LEFT JOIN Y_user_role ur ON ur.uid=u.Uid
                    LEFT JOIN Y_role r  on r.roleid=ur.roleid
                    WHERE  roleName='美工'
                    ORDER BY d.Did [ RunTime:0.0114s ]
INFO: [ view_parse ] --START--
INFO: [ template_filter ] --START--
INFO: Run Behavior\ContentReplaceBehavior [ RunTime:0.000059s ]
INFO: [ template_filter ] --END-- [ RunTime:0.000069s ]
INFO: Run Behavior\ParseTemplateBehavior [ RunTime:0.005423s ]
INFO: [ view_parse ] --END-- [ RunTime:0.005448s ]
INFO: [ view_filter ] --START--
INFO: Run Behavior\WriteHtmlCacheBehavior [ RunTime:0.000009s ]
INFO: [ view_filter ] --END-- [ RunTime:0.000015s ]
INFO: [ app_end ] --START--
INFO: Run Behavior\ShowPageTraceBehavior [ RunTime:0.000007s ]
INFO: [ app_end ] --END-- [ RunTime:0.000013s ]

[ 2018-02-03T17:51:04+08:00 ] 58.246.226.254 /Possess/PossessMan/show_ui_page
INFO: [ app_init ] --START--
INFO: Run Behavior\BuildLiteBehavior [ RunTime:0.000012s ]
INFO: [ app_init ] --END-- [ RunTime:0.000097s ]
INFO: [ app_begin ] --START--
INFO: Run Behavior\ReadHtmlCacheBehavior [ RunTime:0.000042s ]
INFO: [ app_begin ] --END-- [ RunTime:0.000078s ]
SQL: select DISTINCT menuName,menuURL,rm.menuid
                from Y_user u
                LEFT JOIN Y_user_role ur ON ur.uid=u.Uid
                LEFT JOIN Y_role r ON r.roleid=ur.roleid
                LEFT JOIN Y_role_menu rm ON rm.roleid=r.roleid
                LEFT JOIN Y_netprofitmenu npm ON npm.menuid=rm.menuid
                WHERE u.username='admin' 
                ORDER BY rm.menuid [ RunTime:0.0112s ]
SQL: select mid from Y_manger WHERE manger='admin' [ RunTime:0.0107s ]
NOTIC: [8] Undefined offset: 0 /home/youran/jeany/netprofit/cms/Application/Possess/Controller/PossessManController.class.php 第 28 行.
SQL: SELECT DISTINCT d.Dname, u.username,d.Did FROM Y_userDepartment ud
                    LEFT JOIN Y_user u on  u.uid=ud.uid
                    LEFT JOIN Y_Department d on ud.Did=d.Did
                    LEFT JOIN Y_user_role ur ON ur.uid=u.Uid
                    LEFT JOIN Y_role r  on r.roleid=ur.roleid
                    WHERE  roleName='美工'
                    ORDER BY d.Did [ RunTime:0.0116s ]
INFO: [ view_parse ] --START--
INFO: [ template_filter ] --START--
INFO: Run Behavior\ContentReplaceBehavior [ RunTime:0.000285s ]
INFO: [ template_filter ] --END-- [ RunTime:0.000332s ]
INFO: Run Behavior\ParseTemplateBehavior [ RunTime:0.009029s ]
INFO: [ view_parse ] --END-- [ RunTime:0.009081s ]
INFO: [ view_filter ] --START--
INFO: Run Behavior\WriteHtmlCacheBehavior [ RunTime:0.000053s ]
INFO: [ view_filter ] --END-- [ RunTime:0.000082s ]
INFO: [ app_end ] --START--
INFO: Run Behavior\ShowPageTraceBehavior [ RunTime:0.000042s ]
INFO: [ app_end ] --END-- [ RunTime:0.000070s ]

[ 2018-02-03T17:51:07+08:00 ] 58.246.226.254 /Possess/PossessMan/show_ui_page
INFO: [ app_init ] --START--
INFO: Run Behavior\BuildLiteBehavior [ RunTime:0.000013s ]
INFO: [ app_init ] --END-- [ RunTime:0.000092s ]
INFO: [ app_begin ] --START--
INFO: Run Behavior\ReadHtmlCacheBehavior [ RunTime:0.000041s ]
INFO: [ app_begin ] --END-- [ RunTime:0.000076s ]
SQL: select DISTINCT menuName,menuURL,rm.menuid
                from Y_user u
                LEFT JOIN Y_user_role ur ON ur.uid=u.Uid
                LEFT JOIN Y_role r ON r.roleid=ur.roleid
                LEFT JOIN Y_role_menu rm ON rm.roleid=r.roleid
                LEFT JOIN Y_netprofitmenu npm ON npm.menuid=rm.menuid
                WHERE u.username='admin' 
                ORDER BY rm.menuid [ RunTime:0.0141s ]
SQL: select mid from Y_manger WHERE manger='admin' [ RunTime:0.0122s ]
NOTIC: [8] Undefined offset: 0 /home/youran/jeany/netprofit/cms/Application/Possess/Controller/PossessManController.class.php 第 28 行.
SQL: SELECT DISTINCT d.Dname, u.username,d.Did FROM Y_userDepartment ud
                    LEFT JOIN Y_user u on  u.uid=ud.uid
                    LEFT JOIN Y_Department d on ud.Did=d.Did
                    LEFT JOIN Y_user_role ur ON ur.uid=u.Uid
                    LEFT JOIN Y_role r  on r.roleid=ur.roleid
                    WHERE  roleName='美工'
                    ORDER BY d.Did [ RunTime:0.0145s ]
INFO: [ view_parse ] --START--
INFO: [ template_filter ] --START--
INFO: Run Behavior\ContentReplaceBehavior [ RunTime:0.000077s ]
INFO: [ template_filter ] --END-- [ RunTime:0.000089s ]
INFO: Run Behavior\ParseTemplateBehavior [ RunTime:0.002442s ]
INFO: [ view_parse ] --END-- [ RunTime:0.002457s ]
INFO: [ view_filter ] --START--
INFO: Run Behavior\WriteHtmlCacheBehavior [ RunTime:0.000014s ]
INFO: [ view_filter ] --END-- [ RunTime:0.000022s ]
INFO: [ app_end ] --START--
INFO: Run Behavior\ShowPageTraceBehavior [ RunTime:0.000012s ]
INFO: [ app_end ] --END-- [ RunTime:0.000018s ]

