[ 2018-01-27T13:15:56+08:00 ] 58.246.226.254 /Possess/PossessMan/show_ui_page
INFO: [ app_init ] --START--
INFO: Run Behavior\BuildLiteBehavior [ RunTime:0.000013s ]
INFO: [ app_init ] --END-- [ RunTime:0.000097s ]
INFO: [ app_begin ] --START--
INFO: Run Behavior\ReadHtmlCacheBehavior [ RunTime:0.000048s ]
INFO: [ app_begin ] --END-- [ RunTime:0.000085s ]
SQL: select DISTINCT menuName,menuURL,rm.menuid
                from Y_user u
                LEFT JOIN Y_user_role ur ON ur.uid=u.Uid
                LEFT JOIN Y_role r ON r.roleid=ur.roleid
                LEFT JOIN Y_role_menu rm ON rm.roleid=r.roleid
                LEFT JOIN Y_netprofitmenu npm ON npm.menuid=rm.menuid
                WHERE u.username='admin' 
                ORDER BY rm.menuid [ RunTime:0.0124s ]
SQL: select mid from Y_manger WHERE manger='admin' [ RunTime:0.0134s ]
NOTIC: [8] Undefined offset: 0 /home/youran/jeany/netprofit/cms/Application/Possess/Controller/PossessManController.class.php 第 28 行.
SQL: SELECT DISTINCT d.Dname, u.username,d.Did FROM Y_userDepartment ud
                    LEFT JOIN Y_user u on  u.uid=ud.uid
                    LEFT JOIN Y_Department d on ud.Did=d.Did
                    LEFT JOIN Y_user_role ur ON ur.uid=u.Uid
                    LEFT JOIN Y_role r  on r.roleid=ur.roleid
                    WHERE  roleName='美工'
                    ORDER BY d.Did [ RunTime:0.0188s ]
INFO: [ view_parse ] --START--
INFO: [ template_filter ] --START--
INFO: Run Behavior\ContentReplaceBehavior [ RunTime:0.000057s ]
INFO: [ template_filter ] --END-- [ RunTime:0.000067s ]
INFO: Run Behavior\ParseTemplateBehavior [ RunTime:0.005151s ]
INFO: [ view_parse ] --END-- [ RunTime:0.005176s ]
INFO: [ view_filter ] --START--
INFO: Run Behavior\WriteHtmlCacheBehavior [ RunTime:0.000012s ]
INFO: [ view_filter ] --END-- [ RunTime:0.000018s ]
INFO: [ app_end ] --START--
INFO: Run Behavior\ShowPageTraceBehavior [ RunTime:0.000010s ]
INFO: [ app_end ] --END-- [ RunTime:0.000015s ]

[ 2018-01-27T13:16:11+08:00 ] 58.246.226.254 /possess/possess_man/possessman_netprofit.html
INFO: [ app_init ] --START--
INFO: Run Behavior\BuildLiteBehavior [ RunTime:0.000016s ]
INFO: [ app_init ] --END-- [ RunTime:0.000096s ]
INFO: [ app_begin ] --START--
INFO: Run Behavior\ReadHtmlCacheBehavior [ RunTime:0.000048s ]
INFO: [ app_begin ] --END-- [ RunTime:0.000088s ]
SQL: select * from Y_manger WHERE manger='admin' [ RunTime:0.0102s ]
NOTIC: [8] Undefined offset: 0 /home/youran/jeany/netprofit/cms/Application/Possess/Controller/PossessManController.class.php 第 126 行.
SQL: select u.username from Y_userDepartment d
                    LEFT JOIN Y_user u ON u.uid=d.Uid
                    LEFT JOIN Y_user_role ur ON ur.uid=u.Uid
                    LEFT JOIN Y_role r ON r.roleid=ur.roleid
                    WHERE r.roleName='美工' [ RunTime:0.0188s ]
NOTIC: [8] Undefined variable: value /home/youran/jeany/netprofit/cms/Application/Possess/Controller/PossessManController.class.php 第 155 行.
SQL: exec Z_P_PossessNetProfit '1','2018-01-01','2018-01-15','韩珍,谌方,方蓓,刘珊珊,王漫漫,洪晓飞,陆彧,李永恒,马秋霜,薛祖贵,纪莉均,邓芳,张梦,' [ RunTime:7.1465s ]
INFO: [ view_parse ] --START--
INFO: [ template_filter ] --START--
INFO: Run Behavior\ContentReplaceBehavior [ RunTime:0.000053s ]
INFO: [ template_filter ] --END-- [ RunTime:0.000062s ]
INFO: Run Behavior\ParseTemplateBehavior [ RunTime:0.002202s ]
INFO: [ view_parse ] --END-- [ RunTime:0.002225s ]
INFO: [ view_filter ] --START--
INFO: Run Behavior\WriteHtmlCacheBehavior [ RunTime:0.000011s ]
INFO: [ view_filter ] --END-- [ RunTime:0.000016s ]
INFO: [ app_end ] --START--
INFO: Run Behavior\ShowPageTraceBehavior [ RunTime:0.000010s ]
INFO: [ app_end ] --END-- [ RunTime:0.000015s ]

[ 2018-01-27T13:16:33+08:00 ] 58.246.226.254 /Possess/PossessMan/possess?order=asc
INFO: [ app_init ] --START--
INFO: Run Behavior\BuildLiteBehavior [ RunTime:0.000012s ]
INFO: [ app_init ] --END-- [ RunTime:0.000092s ]
INFO: [ app_begin ] --START--
INFO: Run Behavior\ReadHtmlCacheBehavior [ RunTime:0.000042s ]
INFO: [ app_begin ] --END-- [ RunTime:0.000079s ]
INFO: [ app_end ] --START--
INFO: Run Behavior\ShowPageTraceBehavior [ RunTime:0.000040s ]
INFO: [ app_end ] --END-- [ RunTime:0.000080s ]

[ 2018-01-27T13:17:33+08:00 ] 58.247.212.140 /Possess/PossessMan/possess?order=asc
INFO: [ app_init ] --START--
INFO: Run Behavior\BuildLiteBehavior [ RunTime:0.000013s ]
INFO: [ app_init ] --END-- [ RunTime:0.000092s ]
INFO: [ app_begin ] --START--
INFO: Run Behavior\ReadHtmlCacheBehavior [ RunTime:0.000041s ]
INFO: [ app_begin ] --END-- [ RunTime:0.000077s ]
NOTIC: [8] Undefined index: session_name /home/youran/jeany/netprofit/cms/Application/Home/Controller/ParentController.class.php 第 43 行.

[ 2018-01-27T13:20:05+08:00 ] 101.226.65.107 /Possess/PossessMan/possess?order=asc
INFO: [ app_init ] --START--
INFO: Run Behavior\BuildLiteBehavior [ RunTime:0.000013s ]
INFO: [ app_init ] --END-- [ RunTime:0.000092s ]
INFO: [ app_begin ] --START--
INFO: Run Behavior\ReadHtmlCacheBehavior [ RunTime:0.000043s ]
INFO: [ app_begin ] --END-- [ RunTime:0.000079s ]
NOTIC: [8] Undefined index: session_name /home/youran/jeany/netprofit/cms/Application/Home/Controller/ParentController.class.php 第 43 行.

[ 2018-01-27T13:21:36+08:00 ] 58.246.226.254 /possess/possess_man/possessman_netprofit.html
INFO: [ app_init ] --START--
INFO: Run Behavior\BuildLiteBehavior [ RunTime:0.000013s ]
INFO: [ app_init ] --END-- [ RunTime:0.000094s ]
INFO: [ app_begin ] --START--
INFO: Run Behavior\ReadHtmlCacheBehavior [ RunTime:0.000044s ]
INFO: [ app_begin ] --END-- [ RunTime:0.000081s ]
SQL: select * from Y_manger WHERE manger='admin' [ RunTime:0.0132s ]
NOTIC: [8] Undefined offset: 0 /home/youran/jeany/netprofit/cms/Application/Possess/Controller/PossessManController.class.php 第 126 行.
SQL: select u.username from Y_userDepartment d
                    LEFT JOIN Y_user u ON u.uid=d.Uid
                    LEFT JOIN Y_user_role ur ON ur.uid=u.Uid
                    LEFT JOIN Y_role r ON r.roleid=ur.roleid
                    WHERE r.roleName='美工' [ RunTime:0.0121s ]
NOTIC: [8] Undefined variable: value /home/youran/jeany/netprofit/cms/Application/Possess/Controller/PossessManController.class.php 第 155 行.
SQL: exec Z_P_PossessNetProfit '1','2018-01-01','2018-01-15','韩珍,谌方,方蓓,刘珊珊,王漫漫,洪晓飞,陆彧,李永恒,马秋霜,薛祖贵,纪莉均,邓芳,张梦,' [ RunTime:4.2555s ]
INFO: [ view_parse ] --START--
INFO: [ template_filter ] --START--
INFO: Run Behavior\ContentReplaceBehavior [ RunTime:0.000053s ]
INFO: [ template_filter ] --END-- [ RunTime:0.000063s ]
INFO: Run Behavior\ParseTemplateBehavior [ RunTime:0.002818s ]
INFO: [ view_parse ] --END-- [ RunTime:0.002842s ]
INFO: [ view_filter ] --START--
INFO: Run Behavior\WriteHtmlCacheBehavior [ RunTime:0.000012s ]
INFO: [ view_filter ] --END-- [ RunTime:0.000017s ]
INFO: [ app_end ] --START--
INFO: Run Behavior\ShowPageTraceBehavior [ RunTime:0.000010s ]
INFO: [ app_end ] --END-- [ RunTime:0.000016s ]

[ 2018-01-27T13:21:57+08:00 ] 58.246.226.254 /Possess/PossessMan/possess?order=asc
INFO: [ app_init ] --START--
INFO: Run Behavior\BuildLiteBehavior [ RunTime:0.000013s ]
INFO: [ app_init ] --END-- [ RunTime:0.000096s ]
INFO: [ app_begin ] --START--
INFO: Run Behavior\ReadHtmlCacheBehavior [ RunTime:0.000041s ]
INFO: [ app_begin ] --END-- [ RunTime:0.000078s ]
INFO: [ app_end ] --START--
INFO: Run Behavior\ShowPageTraceBehavior [ RunTime:0.000042s ]
INFO: [ app_end ] --END-- [ RunTime:0.000082s ]

[ 2018-01-27T13:25:16+08:00 ] 58.246.226.254 /possess/possess_man/possessman_netprofit.html
INFO: [ app_init ] --START--
INFO: Run Behavior\BuildLiteBehavior [ RunTime:0.000013s ]
INFO: [ app_init ] --END-- [ RunTime:0.000094s ]
INFO: [ app_begin ] --START--
INFO: Run Behavior\ReadHtmlCacheBehavior [ RunTime:0.000044s ]
INFO: [ app_begin ] --END-- [ RunTime:0.000083s ]
SQL: select * from Y_manger WHERE manger='admin' [ RunTime:0.0103s ]
NOTIC: [8] Undefined offset: 0 /home/youran/jeany/netprofit/cms/Application/Possess/Controller/PossessManController.class.php 第 126 行.
SQL: select u.username from Y_userDepartment d
                    LEFT JOIN Y_user u ON u.uid=d.Uid
                    LEFT JOIN Y_user_role ur ON ur.uid=u.Uid
                    LEFT JOIN Y_role r ON r.roleid=ur.roleid
                    WHERE r.roleName='美工' [ RunTime:0.0114s ]
NOTIC: [8] Undefined variable: value /home/youran/jeany/netprofit/cms/Application/Possess/Controller/PossessManController.class.php 第 155 行.
SQL: exec Z_P_PossessNetProfit '1','2018-01-01','2018-01-15','韩珍,谌方,方蓓,刘珊珊,王漫漫,洪晓飞,陆彧,李永恒,马秋霜,薛祖贵,纪莉均,邓芳,张梦,' [ RunTime:4.2319s ]
INFO: [ view_parse ] --START--
INFO: [ template_filter ] --START--
INFO: Run Behavior\ContentReplaceBehavior [ RunTime:0.000056s ]
INFO: [ template_filter ] --END-- [ RunTime:0.000066s ]
INFO: Run Behavior\ParseTemplateBehavior [ RunTime:0.003244s ]
INFO: [ view_parse ] --END-- [ RunTime:0.003268s ]
INFO: [ view_filter ] --START--
INFO: Run Behavior\WriteHtmlCacheBehavior [ RunTime:0.000012s ]
INFO: [ view_filter ] --END-- [ RunTime:0.000017s ]
INFO: [ app_end ] --START--
INFO: Run Behavior\ShowPageTraceBehavior [ RunTime:0.000010s ]
INFO: [ app_end ] --END-- [ RunTime:0.000015s ]

[ 2018-01-27T13:25:37+08:00 ] 58.246.226.254 /Possess/PossessMan/possess?order=asc
INFO: [ app_init ] --START--
INFO: Run Behavior\BuildLiteBehavior [ RunTime:0.000012s ]
INFO: [ app_init ] --END-- [ RunTime:0.000095s ]
INFO: [ app_begin ] --START--
INFO: Run Behavior\ReadHtmlCacheBehavior [ RunTime:0.000047s ]
INFO: [ app_begin ] --END-- [ RunTime:0.000081s ]
INFO: [ app_end ] --START--
INFO: Run Behavior\ShowPageTraceBehavior [ RunTime:0.000046s ]
INFO: [ app_end ] --END-- [ RunTime:0.000086s ]

[ 2018-01-27T13:27:16+08:00 ] 58.246.226.254 /possess/possess_man/possessman_netprofit.html
INFO: [ app_init ] --START--
INFO: Run Behavior\BuildLiteBehavior [ RunTime:0.000013s ]
INFO: [ app_init ] --END-- [ RunTime:0.000097s ]
INFO: [ app_begin ] --START--
INFO: Run Behavior\ReadHtmlCacheBehavior [ RunTime:0.000045s ]
INFO: [ app_begin ] --END-- [ RunTime:0.000081s ]
SQL: select * from Y_manger WHERE manger='admin' [ RunTime:0.0099s ]
NOTIC: [8] Undefined offset: 0 /home/youran/jeany/netprofit/cms/Application/Possess/Controller/PossessManController.class.php 第 126 行.
SQL: select u.username from Y_userDepartment d
                    LEFT JOIN Y_user u ON u.uid=d.Uid
                    LEFT JOIN Y_user_role ur ON ur.uid=u.Uid
                    LEFT JOIN Y_role r ON r.roleid=ur.roleid
                    WHERE r.roleName='美工' [ RunTime:0.0109s ]
NOTIC: [8] Undefined variable: value /home/youran/jeany/netprofit/cms/Application/Possess/Controller/PossessManController.class.php 第 155 行.
SQL: exec Z_P_PossessNetProfit '1','2018-01-01','2018-01-15','韩珍,谌方,方蓓,刘珊珊,王漫漫,洪晓飞,陆彧,李永恒,马秋霜,薛祖贵,纪莉均,邓芳,张梦,' [ RunTime:5.2028s ]
INFO: [ view_parse ] --START--
INFO: [ template_filter ] --START--
INFO: Run Behavior\ContentReplaceBehavior [ RunTime:0.000056s ]
INFO: [ template_filter ] --END-- [ RunTime:0.000064s ]
INFO: Run Behavior\ParseTemplateBehavior [ RunTime:0.002604s ]
INFO: [ view_parse ] --END-- [ RunTime:0.002628s ]
INFO: [ view_filter ] --START--
INFO: Run Behavior\WriteHtmlCacheBehavior [ RunTime:0.000012s ]
INFO: [ view_filter ] --END-- [ RunTime:0.000017s ]
INFO: [ app_end ] --START--
INFO: Run Behavior\ShowPageTraceBehavior [ RunTime:0.000010s ]
INFO: [ app_end ] --END-- [ RunTime:0.000015s ]

[ 2018-01-27T13:27:37+08:00 ] 58.246.226.254 /Possess/PossessMan/possess?order=asc
INFO: [ app_init ] --START--
INFO: Run Behavior\BuildLiteBehavior [ RunTime:0.000012s ]
INFO: [ app_init ] --END-- [ RunTime:0.000097s ]
INFO: [ app_begin ] --START--
INFO: Run Behavior\ReadHtmlCacheBehavior [ RunTime:0.000046s ]
INFO: [ app_begin ] --END-- [ RunTime:0.000082s ]
INFO: [ app_end ] --START--
INFO: Run Behavior\ShowPageTraceBehavior [ RunTime:0.000046s ]
INFO: [ app_end ] --END-- [ RunTime:0.000085s ]

[ 2018-01-27T13:45:47+08:00 ] 58.246.226.254 /Possess/PossessMan/show_ui_page
INFO: [ app_init ] --START--
INFO: Run Behavior\BuildLiteBehavior [ RunTime:0.000012s ]
INFO: [ app_init ] --END-- [ RunTime:0.000095s ]
INFO: [ app_begin ] --START--
INFO: Run Behavior\ReadHtmlCacheBehavior [ RunTime:0.000047s ]
INFO: [ app_begin ] --END-- [ RunTime:0.000084s ]
SQL: select DISTINCT menuName,menuURL,rm.menuid
                from Y_user u
                LEFT JOIN Y_user_role ur ON ur.uid=u.Uid
                LEFT JOIN Y_role r ON r.roleid=ur.roleid
                LEFT JOIN Y_role_menu rm ON rm.roleid=r.roleid
                LEFT JOIN Y_netprofitmenu npm ON npm.menuid=rm.menuid
                WHERE u.username='admin' 
                ORDER BY rm.menuid [ RunTime:0.0142s ]
SQL: select mid from Y_manger WHERE manger='admin' [ RunTime:0.0135s ]
NOTIC: [8] Undefined offset: 0 /home/youran/jeany/netprofit/cms/Application/Possess/Controller/PossessManController.class.php 第 28 行.
SQL: SELECT DISTINCT d.Dname, u.username,d.Did FROM Y_userDepartment ud
                    LEFT JOIN Y_user u on  u.uid=ud.uid
                    LEFT JOIN Y_Department d on ud.Did=d.Did
                    LEFT JOIN Y_user_role ur ON ur.uid=u.Uid
                    LEFT JOIN Y_role r  on r.roleid=ur.roleid
                    WHERE  roleName='美工'
                    ORDER BY d.Did [ RunTime:0.0148s ]
INFO: [ view_parse ] --START--
INFO: [ template_filter ] --START--
INFO: Run Behavior\ContentReplaceBehavior [ RunTime:0.000057s ]
INFO: [ template_filter ] --END-- [ RunTime:0.000067s ]
INFO: Run Behavior\ParseTemplateBehavior [ RunTime:0.005345s ]
INFO: [ view_parse ] --END-- [ RunTime:0.005370s ]
INFO: [ view_filter ] --START--
INFO: Run Behavior\WriteHtmlCacheBehavior [ RunTime:0.000012s ]
INFO: [ view_filter ] --END-- [ RunTime:0.000018s ]
INFO: [ app_end ] --START--
INFO: Run Behavior\ShowPageTraceBehavior [ RunTime:0.000010s ]
INFO: [ app_end ] --END-- [ RunTime:0.000016s ]

[ 2018-01-27T13:46:00+08:00 ] 58.246.226.254 /possess/possess_man/possessman_netprofit.html
INFO: [ app_init ] --START--
INFO: Run Behavior\BuildLiteBehavior [ RunTime:0.000013s ]
INFO: [ app_init ] --END-- [ RunTime:0.000098s ]
INFO: [ app_begin ] --START--
INFO: Run Behavior\ReadHtmlCacheBehavior [ RunTime:0.000047s ]
INFO: [ app_begin ] --END-- [ RunTime:0.000085s ]
SQL: select * from Y_manger WHERE manger='admin' [ RunTime:0.0075s ]
NOTIC: [8] Undefined offset: 0 /home/youran/jeany/netprofit/cms/Application/Possess/Controller/PossessManController.class.php 第 126 行.
SQL: select u.username from Y_userDepartment d
                    LEFT JOIN Y_user u ON u.uid=d.Uid
                    LEFT JOIN Y_user_role ur ON ur.uid=u.Uid
                    LEFT JOIN Y_role r ON r.roleid=ur.roleid
                    WHERE r.roleName='美工' [ RunTime:0.0090s ]
NOTIC: [8] Undefined variable: value /home/youran/jeany/netprofit/cms/Application/Possess/Controller/PossessManController.class.php 第 155 行.
SQL: exec Z_P_PossessNetProfit '1','2018-01-01','2018-01-22','韩珍,谌方,方蓓,刘珊珊,王漫漫,洪晓飞,陆彧,李永恒,马秋霜,薛祖贵,纪莉均,邓芳,张梦,' [ RunTime:6.3399s ]
INFO: [ view_parse ] --START--
INFO: [ template_filter ] --START--
INFO: Run Behavior\ContentReplaceBehavior [ RunTime:0.000055s ]
INFO: [ template_filter ] --END-- [ RunTime:0.000063s ]
INFO: Run Behavior\ParseTemplateBehavior [ RunTime:0.002970s ]
INFO: [ view_parse ] --END-- [ RunTime:0.002994s ]
INFO: [ view_filter ] --START--
INFO: Run Behavior\WriteHtmlCacheBehavior [ RunTime:0.000012s ]
INFO: [ view_filter ] --END-- [ RunTime:0.000016s ]
INFO: [ app_end ] --START--
INFO: Run Behavior\ShowPageTraceBehavior [ RunTime:0.000010s ]
INFO: [ app_end ] --END-- [ RunTime:0.000015s ]

[ 2018-01-27T13:46:21+08:00 ] 58.246.226.254 /Possess/PossessMan/possess?order=asc
INFO: [ app_init ] --START--
INFO: Run Behavior\BuildLiteBehavior [ RunTime:0.000013s ]
INFO: [ app_init ] --END-- [ RunTime:0.000091s ]
INFO: [ app_begin ] --START--
INFO: Run Behavior\ReadHtmlCacheBehavior [ RunTime:0.000040s ]
INFO: [ app_begin ] --END-- [ RunTime:0.000074s ]
INFO: [ app_end ] --START--
INFO: Run Behavior\ShowPageTraceBehavior [ RunTime:0.000040s ]
INFO: [ app_end ] --END-- [ RunTime:0.000079s ]

[ 2018-01-27T13:46:47+08:00 ] 58.246.226.254 /possess/possess_man/possessman_netprofit.html
INFO: [ app_init ] --START--
INFO: Run Behavior\BuildLiteBehavior [ RunTime:0.000012s ]
INFO: [ app_init ] --END-- [ RunTime:0.000089s ]
INFO: [ app_begin ] --START--
INFO: Run Behavior\ReadHtmlCacheBehavior [ RunTime:0.000042s ]
INFO: [ app_begin ] --END-- [ RunTime:0.000080s ]
SQL: select * from Y_manger WHERE manger='admin' [ RunTime:0.0116s ]
NOTIC: [8] Undefined offset: 0 /home/youran/jeany/netprofit/cms/Application/Possess/Controller/PossessManController.class.php 第 126 行.
SQL: select u.username from Y_userDepartment d
                    LEFT JOIN Y_user u ON u.uid=d.Uid
                    LEFT JOIN Y_user_role ur ON ur.uid=u.Uid
                    LEFT JOIN Y_role r ON r.roleid=ur.roleid
                    WHERE r.roleName='美工' [ RunTime:0.0123s ]
NOTIC: [8] Undefined variable: value /home/youran/jeany/netprofit/cms/Application/Possess/Controller/PossessManController.class.php 第 155 行.
SQL: exec Z_P_PossessNetProfit '1','2018-01-01','2018-02-28','韩珍,谌方,方蓓,刘珊珊,王漫漫,洪晓飞,陆彧,李永恒,马秋霜,薛祖贵,纪莉均,邓芳,张梦,' [ RunTime:7.3004s ]
INFO: [ view_parse ] --START--
INFO: [ template_filter ] --START--
INFO: Run Behavior\ContentReplaceBehavior [ RunTime:0.000054s ]
INFO: [ template_filter ] --END-- [ RunTime:0.000064s ]
INFO: Run Behavior\ParseTemplateBehavior [ RunTime:0.002752s ]
INFO: [ view_parse ] --END-- [ RunTime:0.002776s ]
INFO: [ view_filter ] --START--
INFO: Run Behavior\WriteHtmlCacheBehavior [ RunTime:0.000011s ]
INFO: [ view_filter ] --END-- [ RunTime:0.000015s ]
INFO: [ app_end ] --START--
INFO: Run Behavior\ShowPageTraceBehavior [ RunTime:0.000010s ]
INFO: [ app_end ] --END-- [ RunTime:0.000015s ]

[ 2018-01-27T13:47:08+08:00 ] 58.246.226.254 /Possess/PossessMan/possess?order=asc
INFO: [ app_init ] --START--
INFO: Run Behavior\BuildLiteBehavior [ RunTime:0.000013s ]
INFO: [ app_init ] --END-- [ RunTime:0.000089s ]
INFO: [ app_begin ] --START--
INFO: Run Behavior\ReadHtmlCacheBehavior [ RunTime:0.000041s ]
INFO: [ app_begin ] --END-- [ RunTime:0.000075s ]
INFO: [ app_end ] --START--
INFO: Run Behavior\ShowPageTraceBehavior [ RunTime:0.000040s ]
INFO: [ app_end ] --END-- [ RunTime:0.000079s ]

[ 2018-01-27T13:47:21+08:00 ] 58.247.212.61 /Possess/PossessMan/possess?order=asc
INFO: [ app_init ] --START--
INFO: Run Behavior\BuildLiteBehavior [ RunTime:0.000017s ]
INFO: [ app_init ] --END-- [ RunTime:0.000133s ]
INFO: [ app_begin ] --START--
INFO: Run Behavior\ReadHtmlCacheBehavior [ RunTime:0.000065s ]
INFO: [ app_begin ] --END-- [ RunTime:0.000121s ]
NOTIC: [8] Undefined index: session_name /home/youran/jeany/netprofit/cms/Application/Home/Controller/ParentController.class.php 第 43 行.

[ 2018-01-27T13:49:58+08:00 ] 101.226.65.107 /Possess/PossessMan/possess?order=asc
INFO: [ app_init ] --START--
INFO: Run Behavior\BuildLiteBehavior [ RunTime:0.000013s ]
INFO: [ app_init ] --END-- [ RunTime:0.000089s ]
INFO: [ app_begin ] --START--
INFO: Run Behavior\ReadHtmlCacheBehavior [ RunTime:0.000043s ]
INFO: [ app_begin ] --END-- [ RunTime:0.000079s ]
NOTIC: [8] Undefined index: session_name /home/youran/jeany/netprofit/cms/Application/Home/Controller/ParentController.class.php 第 43 行.

