[ 2018-01-29T18:51:22+08:00 ] 115.60.56.134 /Possess/PossessMan/show_ui_page
INFO: [ app_init ] --START--
INFO: Run Behavior\BuildLiteBehavior [ RunTime:0.000013s ]
INFO: [ app_init ] --END-- [ RunTime:0.000092s ]
INFO: [ app_begin ] --START--
INFO: Run Behavior\ReadHtmlCacheBehavior [ RunTime:0.000042s ]
INFO: [ app_begin ] --END-- [ RunTime:0.000076s ]
SQL: select DISTINCT menuName,menuURL,rm.menuid
                from Y_user u
                LEFT JOIN Y_user_role ur ON ur.uid=u.Uid
                LEFT JOIN Y_role r ON r.roleid=ur.roleid
                LEFT JOIN Y_role_menu rm ON rm.roleid=r.roleid
                LEFT JOIN Y_netprofitmenu npm ON npm.menuid=rm.menuid
                WHERE u.username='赵艳平' 
                ORDER BY rm.menuid [ RunTime:0.0126s ]
SQL: select mid from Y_manger WHERE manger='赵艳平' [ RunTime:0.0106s ]
SQL: SELECT DISTINCT u.username,d.Did,d.Dname FROM Y_userDepartment ud
                                        LEFT JOIN Y_user u on  u.uid=ud.uid
                                        LEFT JOIN Y_Department d on ud.Did=d.Did
                                        LEFT JOIN Y_user_role ur ON ur.uid=u.Uid
                                        LEFT JOIN Y_role r  on r.roleid=ur.roleid
                                        LEFT JOIN Y_masterDepartment md on md.departmentid=d.Did
                                        LEFT JOIN Y_manger m ON md.mangerid=m.mid
                                        WHERE  roleName='美工'
                                        AND mangerid='10'
                                        ORDER BY d.Did [ RunTime:0.0269s ]
NOTIC: [8] Undefined variable: did /home/youran/jeany/netprofit/cms/Application/Possess/Controller/PossessManController.class.php 第 85 行.
NOTIC: [2] array_unique() expects parameter 1 to be array, null given /home/youran/jeany/netprofit/cms/Application/Possess/Controller/PossessManController.class.php 第 85 行.
NOTIC: [8] Undefined variable: dname /home/youran/jeany/netprofit/cms/Application/Possess/Controller/PossessManController.class.php 第 86 行.
NOTIC: [2] array_unique() expects parameter 1 to be array, null given /home/youran/jeany/netprofit/cms/Application/Possess/Controller/PossessManController.class.php 第 86 行.
NOTIC: [8] Undefined variable: pos /home/youran/jeany/netprofit/cms/Application/Possess/Controller/PossessManController.class.php 第 87 行.
NOTIC: [2] array_unique() expects parameter 1 to be array, null given /home/youran/jeany/netprofit/cms/Application/Possess/Controller/PossessManController.class.php 第 87 行.
NOTIC: [2] array_combine() expects parameter 1 to be array, null given /home/youran/jeany/netprofit/cms/Application/Possess/Controller/PossessManController.class.php 第 88 行.
NOTIC: [2] ksort() expects parameter 1 to be array, null given /home/youran/jeany/netprofit/cms/Application/Possess/Controller/PossessManController.class.php 第 89 行.
INFO: [ view_parse ] --START--
INFO: [ template_filter ] --START--
INFO: Run Behavior\ContentReplaceBehavior [ RunTime:0.000057s ]
INFO: [ template_filter ] --END-- [ RunTime:0.000068s ]
INFO: Run Behavior\ParseTemplateBehavior [ RunTime:0.005491s ]
INFO: [ view_parse ] --END-- [ RunTime:0.005512s ]
INFO: [ view_filter ] --START--
INFO: Run Behavior\WriteHtmlCacheBehavior [ RunTime:0.000011s ]
INFO: [ view_filter ] --END-- [ RunTime:0.000017s ]
INFO: [ app_end ] --START--
INFO: Run Behavior\ShowPageTraceBehavior [ RunTime:0.000008s ]
INFO: [ app_end ] --END-- [ RunTime:0.000015s ]

