[ 2018-01-29T08:28:11+08:00 ] 115.60.61.147 /Developer/index/show_dev_page
INFO: [ app_init ] --START--
INFO: Run Behavior\BuildLiteBehavior [ RunTime:0.000012s ]
INFO: [ app_init ] --END-- [ RunTime:0.000094s ]
INFO: [ app_begin ] --START--
INFO: Run Behavior\ReadHtmlCacheBehavior [ RunTime:0.000046s ]
INFO: [ app_begin ] --END-- [ RunTime:0.000085s ]
NOTIC: [8] Undefined index: session_name /home/youran/jeany/netprofit/cms/Application/Home/Controller/ParentController.class.php 第 43 行.

[ 2018-01-29T08:28:14+08:00 ] 115.60.61.147 /Developer/index/show_dev_page
INFO: [ app_init ] --START--
INFO: Run Behavior\BuildLiteBehavior [ RunTime:0.000012s ]
INFO: [ app_init ] --END-- [ RunTime:0.000091s ]
INFO: [ app_begin ] --START--
INFO: Run Behavior\ReadHtmlCacheBehavior [ RunTime:0.000041s ]
INFO: [ app_begin ] --END-- [ RunTime:0.000077s ]
SQL: select DISTINCT menuName,menuURL,rm.menuid
                from Y_user u
                LEFT JOIN Y_user_role ur ON ur.uid=u.Uid
                LEFT JOIN Y_role r ON r.roleid=ur.roleid
                LEFT JOIN Y_role_menu rm ON rm.roleid=r.roleid
                LEFT JOIN Y_netprofitmenu npm ON npm.menuid=rm.menuid
                WHERE u.username='宋现中' 
                ORDER BY rm.menuid [ RunTime:0.0103s ]
SQL: select mid from Y_manger WHERE manger='宋现中' [ RunTime:0.0145s ]
SQL: select DISTINCT u.username,ud.Did,d.Dname from Y_role r
                LEFT JOIN Y_user_role ur on ur.roleid=r.roleid
                LEFT JOIN Y_user u ON u.uid=ur.uid
                LEFT JOIN Y_userDepartment ud ON ud.Uid=u.Uid
                LEFT JOIN Y_Department d ON d.Did=ud.Did
                LEFT JOIN Y_masterDepartment md ON md.departmentid=d.Did
                WHERE r.rolename='开发员' AND mangerid='12' [ RunTime:0.0286s ]
NOTIC: [8] Undefined variable: did /home/youran/jeany/netprofit/cms/Application/Developer/Controller/IndexController.class.php 第 62 行.
NOTIC: [2] array_unique() expects parameter 1 to be array, null given /home/youran/jeany/netprofit/cms/Application/Developer/Controller/IndexController.class.php 第 62 行.
NOTIC: [8] Undefined variable: dname /home/youran/jeany/netprofit/cms/Application/Developer/Controller/IndexController.class.php 第 63 行.
NOTIC: [2] array_unique() expects parameter 1 to be array, null given /home/youran/jeany/netprofit/cms/Application/Developer/Controller/IndexController.class.php 第 63 行.
NOTIC: [8] Undefined variable: dev /home/youran/jeany/netprofit/cms/Application/Developer/Controller/IndexController.class.php 第 64 行.
NOTIC: [2] array_unique() expects parameter 1 to be array, null given /home/youran/jeany/netprofit/cms/Application/Developer/Controller/IndexController.class.php 第 64 行.
NOTIC: [8] Undefined variable: did /home/youran/jeany/netprofit/cms/Application/Developer/Controller/IndexController.class.php 第 65 行.
NOTIC: [8] Undefined variable: dname /home/youran/jeany/netprofit/cms/Application/Developer/Controller/IndexController.class.php 第 65 行.
NOTIC: [2] array_combine() expects parameter 1 to be array, null given /home/youran/jeany/netprofit/cms/Application/Developer/Controller/IndexController.class.php 第 65 行.
NOTIC: [2] ksort() expects parameter 1 to be array, null given /home/youran/jeany/netprofit/cms/Application/Developer/Controller/IndexController.class.php 第 66 行.
INFO: [ view_parse ] --START--
INFO: [ template_filter ] --START--
INFO: Run Behavior\ContentReplaceBehavior [ RunTime:0.000055s ]
INFO: [ template_filter ] --END-- [ RunTime:0.000065s ]
INFO: Run Behavior\ParseTemplateBehavior [ RunTime:0.006118s ]
INFO: [ view_parse ] --END-- [ RunTime:0.006138s ]
INFO: [ view_filter ] --START--
INFO: Run Behavior\WriteHtmlCacheBehavior [ RunTime:0.000012s ]
INFO: [ view_filter ] --END-- [ RunTime:0.000017s ]
INFO: [ app_end ] --START--
INFO: Run Behavior\ShowPageTraceBehavior [ RunTime:0.000010s ]
INFO: [ app_end ] --END-- [ RunTime:0.000015s ]

[ 2018-01-29T08:28:36+08:00 ] 115.60.61.147 /developer/index/test.html
INFO: [ app_init ] --START--
INFO: Run Behavior\BuildLiteBehavior [ RunTime:0.000013s ]
INFO: [ app_init ] --END-- [ RunTime:0.000088s ]
INFO: [ app_begin ] --START--
INFO: Run Behavior\ReadHtmlCacheBehavior [ RunTime:0.000040s ]
INFO: [ app_begin ] --END-- [ RunTime:0.000075s ]
SQL: select mid from Y_manger WHERE manger='宋现中' [ RunTime:0.0086s ]
SQL: SELECT d.developer as username from Y_manger m
                    LEFT JOIN Y_masterDev d ON m.mid=d.masterid
                    WHERE m.manger='宋现中' [ RunTime:0.0125s ]
NOTIC: [8] Undefined variable: value /home/youran/jeany/netprofit/cms/Application/Developer/Controller/IndexController.class.php 第 140 行.
SQL: exec P_DevNetprofit_advanced '1','2018-01-01','2018-01-29','','李星,宋现中,陈曦曦,赵润连','','','','','','','0','0','0','0' [ RunTime:11.7205s ]
INFO: [ view_parse ] --START--
INFO: [ template_filter ] --START--
INFO: Run Behavior\ContentReplaceBehavior [ RunTime:0.000054s ]
INFO: [ template_filter ] --END-- [ RunTime:0.000062s ]
INFO: Run Behavior\ParseTemplateBehavior [ RunTime:0.004496s ]
INFO: [ view_parse ] --END-- [ RunTime:0.004520s ]
INFO: [ view_filter ] --START--
INFO: Run Behavior\WriteHtmlCacheBehavior [ RunTime:0.000010s ]
INFO: [ view_filter ] --END-- [ RunTime:0.000014s ]
INFO: [ app_end ] --START--
INFO: Run Behavior\ShowPageTraceBehavior [ RunTime:0.000009s ]
INFO: [ app_end ] --END-- [ RunTime:0.000014s ]

[ 2018-01-29T08:29:11+08:00 ] 58.247.212.139 /Developer/index/show_dev_page
INFO: [ app_init ] --START--
INFO: Run Behavior\BuildLiteBehavior [ RunTime:0.000013s ]
INFO: [ app_init ] --END-- [ RunTime:0.000096s ]
INFO: [ app_begin ] --START--
INFO: Run Behavior\ReadHtmlCacheBehavior [ RunTime:0.000123s ]
INFO: [ app_begin ] --END-- [ RunTime:0.000162s ]
NOTIC: [8] Undefined index: session_name /home/youran/jeany/netprofit/cms/Application/Home/Controller/ParentController.class.php 第 43 行.

[ 2018-01-29T08:30:15+08:00 ] 115.60.61.147 /developer/index/test.html
INFO: [ app_init ] --START--
INFO: Run Behavior\BuildLiteBehavior [ RunTime:0.000013s ]
INFO: [ app_init ] --END-- [ RunTime:0.000098s ]
INFO: [ app_begin ] --START--
INFO: Run Behavior\ReadHtmlCacheBehavior [ RunTime:0.000047s ]
INFO: [ app_begin ] --END-- [ RunTime:0.000085s ]
NOTIC: [8] Undefined index: session_name /home/youran/jeany/netprofit/cms/Application/Home/Controller/ParentController.class.php 第 43 行.

[ 2018-01-29T08:30:29+08:00 ] 115.60.61.147 /developer/index/test.html
INFO: [ app_init ] --START--
INFO: Run Behavior\BuildLiteBehavior [ RunTime:0.000013s ]
INFO: [ app_init ] --END-- [ RunTime:0.000091s ]
INFO: [ app_begin ] --START--
INFO: Run Behavior\ReadHtmlCacheBehavior [ RunTime:0.000039s ]
INFO: [ app_begin ] --END-- [ RunTime:0.000075s ]
SQL: select mid from Y_manger WHERE manger='宋现中' [ RunTime:0.0121s ]
SQL: SELECT d.developer as username from Y_manger m
                    LEFT JOIN Y_masterDev d ON m.mid=d.masterid
                    WHERE m.manger='宋现中' [ RunTime:0.0114s ]
NOTIC: [8] Undefined variable: value /home/youran/jeany/netprofit/cms/Application/Developer/Controller/IndexController.class.php 第 140 行.
SQL: exec P_DevNetprofit_advanced '1','2017-12-01','2017-12-31','','李星,宋现中,陈曦曦,赵润连','','','','','','','0','0','0','0' [ RunTime:9.1566s ]
INFO: [ view_parse ] --START--
INFO: [ template_filter ] --START--
INFO: Run Behavior\ContentReplaceBehavior [ RunTime:0.000055s ]
INFO: [ template_filter ] --END-- [ RunTime:0.000063s ]
INFO: Run Behavior\ParseTemplateBehavior [ RunTime:0.004520s ]
INFO: [ view_parse ] --END-- [ RunTime:0.004544s ]
INFO: [ view_filter ] --START--
INFO: Run Behavior\WriteHtmlCacheBehavior [ RunTime:0.000012s ]
INFO: [ view_filter ] --END-- [ RunTime:0.000017s ]
INFO: [ app_end ] --START--
INFO: Run Behavior\ShowPageTraceBehavior [ RunTime:0.000010s ]
INFO: [ app_end ] --END-- [ RunTime:0.000015s ]

[ 2018-01-29T08:31:15+08:00 ] 223.166.151.191 /developer/index/test.html
INFO: [ app_init ] --START--
INFO: Run Behavior\BuildLiteBehavior [ RunTime:0.000013s ]
INFO: [ app_init ] --END-- [ RunTime:0.000095s ]
INFO: [ app_begin ] --START--
INFO: Run Behavior\ReadHtmlCacheBehavior [ RunTime:0.000047s ]
INFO: [ app_begin ] --END-- [ RunTime:0.000083s ]
NOTIC: [8] Undefined index: session_name /home/youran/jeany/netprofit/cms/Application/Home/Controller/ParentController.class.php 第 43 行.

[ 2018-01-29T08:31:28+08:00 ] 101.226.65.107 /Developer/index/show_dev_page
INFO: [ app_init ] --START--
INFO: Run Behavior\BuildLiteBehavior [ RunTime:0.000013s ]
INFO: [ app_init ] --END-- [ RunTime:0.000095s ]
INFO: [ app_begin ] --START--
INFO: Run Behavior\ReadHtmlCacheBehavior [ RunTime:0.000046s ]
INFO: [ app_begin ] --END-- [ RunTime:0.000082s ]
NOTIC: [8] Undefined index: session_name /home/youran/jeany/netprofit/cms/Application/Home/Controller/ParentController.class.php 第 43 行.

[ 2018-01-29T08:31:43+08:00 ] 115.60.61.147 /developer/index/test.html
INFO: [ app_init ] --START--
INFO: Run Behavior\BuildLiteBehavior [ RunTime:0.000012s ]
INFO: [ app_init ] --END-- [ RunTime:0.000091s ]
INFO: [ app_begin ] --START--
INFO: Run Behavior\ReadHtmlCacheBehavior [ RunTime:0.000041s ]
INFO: [ app_begin ] --END-- [ RunTime:0.000077s ]
SQL: select mid from Y_manger WHERE manger='宋现中' [ RunTime:0.0099s ]
SQL: SELECT d.developer as username from Y_manger m
                    LEFT JOIN Y_masterDev d ON m.mid=d.masterid
                    WHERE m.manger='宋现中' [ RunTime:0.0097s ]
NOTIC: [8] Undefined variable: value /home/youran/jeany/netprofit/cms/Application/Developer/Controller/IndexController.class.php 第 140 行.
SQL: exec P_DevNetprofit_advanced '1','2018-01-01','2018-01-29','','李星,宋现中,陈曦曦,赵润连','','','','','','','0','0','0','0' [ RunTime:8.4188s ]
INFO: [ view_parse ] --START--
INFO: [ template_filter ] --START--
INFO: Run Behavior\ContentReplaceBehavior [ RunTime:0.000054s ]
INFO: [ template_filter ] --END-- [ RunTime:0.000063s ]
INFO: Run Behavior\ParseTemplateBehavior [ RunTime:0.004415s ]
INFO: [ view_parse ] --END-- [ RunTime:0.004439s ]
INFO: [ view_filter ] --START--
INFO: Run Behavior\WriteHtmlCacheBehavior [ RunTime:0.000011s ]
INFO: [ view_filter ] --END-- [ RunTime:0.000016s ]
INFO: [ app_end ] --START--
INFO: Run Behavior\ShowPageTraceBehavior [ RunTime:0.000009s ]
INFO: [ app_end ] --END-- [ RunTime:0.000014s ]

[ 2018-01-29T08:52:14+08:00 ] 115.60.61.147 /Developer/index/show_dev_page
INFO: [ app_init ] --START--
INFO: Run Behavior\BuildLiteBehavior [ RunTime:0.000013s ]
INFO: [ app_init ] --END-- [ RunTime:0.000084s ]
INFO: [ app_begin ] --START--
INFO: Run Behavior\ReadHtmlCacheBehavior [ RunTime:0.000035s ]
INFO: [ app_begin ] --END-- [ RunTime:0.000072s ]
SQL: select DISTINCT menuName,menuURL,rm.menuid
                from Y_user u
                LEFT JOIN Y_user_role ur ON ur.uid=u.Uid
                LEFT JOIN Y_role r ON r.roleid=ur.roleid
                LEFT JOIN Y_role_menu rm ON rm.roleid=r.roleid
                LEFT JOIN Y_netprofitmenu npm ON npm.menuid=rm.menuid
                WHERE u.username='李星' 
                ORDER BY rm.menuid [ RunTime:0.0120s ]
SQL: select mid from Y_manger WHERE manger='李星' [ RunTime:0.0110s ]
NOTIC: [8] Undefined offset: 0 /home/youran/jeany/netprofit/cms/Application/Developer/Controller/IndexController.class.php 第 27 行.
SQL: select r.rolename, u.username,ud.Did,d.Dname from Y_role r
                    LEFT JOIN Y_user_role ur on ur.roleid=r.roleid
                    LEFT JOIN Y_user u ON u.uid=ur.uid
                    LEFT JOIN Y_userDepartment ud ON ud.Uid=u.Uid
                    LEFT JOIN Y_Department d ON d.Did=ud.Did
                    WHERE rolename='开发员' AND u.username='李星' [ RunTime:0.0172s ]
INFO: [ view_parse ] --START--
INFO: [ template_filter ] --START--
INFO: Run Behavior\ContentReplaceBehavior [ RunTime:0.000069s ]
INFO: [ template_filter ] --END-- [ RunTime:0.000079s ]
INFO: Run Behavior\ParseTemplateBehavior [ RunTime:0.005478s ]
INFO: [ view_parse ] --END-- [ RunTime:0.005515s ]
INFO: [ view_filter ] --START--
INFO: Run Behavior\WriteHtmlCacheBehavior [ RunTime:0.000009s ]
INFO: [ view_filter ] --END-- [ RunTime:0.000015s ]
INFO: [ app_end ] --START--
INFO: Run Behavior\ShowPageTraceBehavior [ RunTime:0.000007s ]
INFO: [ app_end ] --END-- [ RunTime:0.000026s ]

[ 2018-01-29T08:52:35+08:00 ] 115.60.61.147 /developer/index/test.html
INFO: [ app_init ] --START--
INFO: Run Behavior\BuildLiteBehavior [ RunTime:0.000013s ]
INFO: [ app_init ] --END-- [ RunTime:0.000091s ]
INFO: [ app_begin ] --START--
INFO: Run Behavior\ReadHtmlCacheBehavior [ RunTime:0.000041s ]
INFO: [ app_begin ] --END-- [ RunTime:0.000078s ]
SQL: select mid from Y_manger WHERE manger='李星' [ RunTime:0.0106s ]
SQL: exec P_DevNetprofit_advanced '0','2018-01-01','2018-01-29','','李星','','','','','','','0','0','0','0' [ RunTime:10.4283s ]
INFO: [ view_parse ] --START--
INFO: [ template_filter ] --START--
INFO: Run Behavior\ContentReplaceBehavior [ RunTime:0.000054s ]
INFO: [ template_filter ] --END-- [ RunTime:0.000064s ]
INFO: Run Behavior\ParseTemplateBehavior [ RunTime:0.005093s ]
INFO: [ view_parse ] --END-- [ RunTime:0.005117s ]
INFO: [ view_filter ] --START--
INFO: Run Behavior\WriteHtmlCacheBehavior [ RunTime:0.000011s ]
INFO: [ view_filter ] --END-- [ RunTime:0.000015s ]
INFO: [ app_end ] --START--
INFO: Run Behavior\ShowPageTraceBehavior [ RunTime:0.000009s ]
INFO: [ app_end ] --END-- [ RunTime:0.000014s ]

[ 2018-01-29T11:44:07+08:00 ] 115.60.61.147 /developer/index/test.html
INFO: [ app_init ] --START--
INFO: Run Behavior\BuildLiteBehavior [ RunTime:0.000012s ]
INFO: [ app_init ] --END-- [ RunTime:0.000099s ]
INFO: [ app_begin ] --START--
INFO: Run Behavior\ReadHtmlCacheBehavior [ RunTime:0.000060s ]
INFO: [ app_begin ] --END-- [ RunTime:0.000102s ]
NOTIC: [8] Undefined index: session_name /home/youran/jeany/netprofit/cms/Application/Home/Controller/ParentController.class.php 第 43 行.

[ 2018-01-29T11:44:10+08:00 ] 115.60.61.147 /Developer/index/show_dev_page
INFO: [ app_init ] --START--
INFO: Run Behavior\BuildLiteBehavior [ RunTime:0.000013s ]
INFO: [ app_init ] --END-- [ RunTime:0.000090s ]
INFO: [ app_begin ] --START--
INFO: Run Behavior\ReadHtmlCacheBehavior [ RunTime:0.000043s ]
INFO: [ app_begin ] --END-- [ RunTime:0.000081s ]
SQL: select DISTINCT menuName,menuURL,rm.menuid
                from Y_user u
                LEFT JOIN Y_user_role ur ON ur.uid=u.Uid
                LEFT JOIN Y_role r ON r.roleid=ur.roleid
                LEFT JOIN Y_role_menu rm ON rm.roleid=r.roleid
                LEFT JOIN Y_netprofitmenu npm ON npm.menuid=rm.menuid
                WHERE u.username='李星' 
                ORDER BY rm.menuid [ RunTime:0.0116s ]
SQL: select mid from Y_manger WHERE manger='李星' [ RunTime:0.0109s ]
NOTIC: [8] Undefined offset: 0 /home/youran/jeany/netprofit/cms/Application/Developer/Controller/IndexController.class.php 第 27 行.
SQL: select r.rolename, u.username,ud.Did,d.Dname from Y_role r
                    LEFT JOIN Y_user_role ur on ur.roleid=r.roleid
                    LEFT JOIN Y_user u ON u.uid=ur.uid
                    LEFT JOIN Y_userDepartment ud ON ud.Uid=u.Uid
                    LEFT JOIN Y_Department d ON d.Did=ud.Did
                    WHERE rolename='开发员' AND u.username='李星' [ RunTime:0.0181s ]
INFO: [ view_parse ] --START--
INFO: [ template_filter ] --START--
INFO: Run Behavior\ContentReplaceBehavior [ RunTime:0.000285s ]
INFO: [ template_filter ] --END-- [ RunTime:0.000332s ]
INFO: Run Behavior\ParseTemplateBehavior [ RunTime:0.011562s ]
INFO: [ view_parse ] --END-- [ RunTime:0.011615s ]
INFO: [ view_filter ] --START--
INFO: Run Behavior\WriteHtmlCacheBehavior [ RunTime:0.000061s ]
INFO: [ view_filter ] --END-- [ RunTime:0.000088s ]
INFO: [ app_end ] --START--
INFO: Run Behavior\ShowPageTraceBehavior [ RunTime:0.000049s ]
INFO: [ app_end ] --END-- [ RunTime:0.000076s ]

[ 2018-01-29T11:44:32+08:00 ] 115.60.61.147 /developer/index/test.html
INFO: [ app_init ] --START--
INFO: Run Behavior\BuildLiteBehavior [ RunTime:0.000013s ]
INFO: [ app_init ] --END-- [ RunTime:0.000096s ]
INFO: [ app_begin ] --START--
INFO: Run Behavior\ReadHtmlCacheBehavior [ RunTime:0.000048s ]
INFO: [ app_begin ] --END-- [ RunTime:0.000085s ]
SQL: select mid from Y_manger WHERE manger='李星' [ RunTime:0.0144s ]
SQL: exec P_DevNetprofit_advanced '0','2018-01-01','2018-01-29','','李星','','','','','','','0','0','0','0' [ RunTime:12.3042s ]
INFO: [ view_parse ] --START--
INFO: [ template_filter ] --START--
INFO: Run Behavior\ContentReplaceBehavior [ RunTime:0.000054s ]
INFO: [ template_filter ] --END-- [ RunTime:0.000084s ]
INFO: Run Behavior\ParseTemplateBehavior [ RunTime:0.003304s ]
INFO: [ view_parse ] --END-- [ RunTime:0.003333s ]
INFO: [ view_filter ] --START--
INFO: Run Behavior\WriteHtmlCacheBehavior [ RunTime:0.000010s ]
INFO: [ view_filter ] --END-- [ RunTime:0.000016s ]
INFO: [ app_end ] --START--
INFO: Run Behavior\ShowPageTraceBehavior [ RunTime:0.000008s ]
INFO: [ app_end ] --END-- [ RunTime:0.000015s ]

[ 2018-01-29T11:45:03+08:00 ] 115.60.61.147 /developer/index/test.html
INFO: [ app_init ] --START--
INFO: Run Behavior\BuildLiteBehavior [ RunTime:0.000012s ]
INFO: [ app_init ] --END-- [ RunTime:0.000090s ]
INFO: [ app_begin ] --START--
INFO: Run Behavior\ReadHtmlCacheBehavior [ RunTime:0.000041s ]
INFO: [ app_begin ] --END-- [ RunTime:0.000076s ]
SQL: select mid from Y_manger WHERE manger='李星' [ RunTime:0.0129s ]
SQL: exec P_DevNetprofit_advanced '1','2018-01-01','2018-01-29','','李星','','','','','','','0','0','0','0' [ RunTime:9.0928s ]
INFO: [ view_parse ] --START--
INFO: [ template_filter ] --START--
INFO: Run Behavior\ContentReplaceBehavior [ RunTime:0.000057s ]
INFO: [ template_filter ] --END-- [ RunTime:0.000069s ]
INFO: Run Behavior\ParseTemplateBehavior [ RunTime:0.005124s ]
INFO: [ view_parse ] --END-- [ RunTime:0.005148s ]
INFO: [ view_filter ] --START--
INFO: Run Behavior\WriteHtmlCacheBehavior [ RunTime:0.000012s ]
INFO: [ view_filter ] --END-- [ RunTime:0.000017s ]
INFO: [ app_end ] --START--
INFO: Run Behavior\ShowPageTraceBehavior [ RunTime:0.000009s ]
INFO: [ app_end ] --END-- [ RunTime:0.000015s ]

[ 2018-01-29T14:22:45+08:00 ] 115.60.61.147 /developer/index/test.html
INFO: [ app_init ] --START--
INFO: Run Behavior\BuildLiteBehavior [ RunTime:0.000012s ]
INFO: [ app_init ] --END-- [ RunTime:0.000084s ]
INFO: [ app_begin ] --START--
INFO: Run Behavior\ReadHtmlCacheBehavior [ RunTime:0.000036s ]
INFO: [ app_begin ] --END-- [ RunTime:0.000074s ]
NOTIC: [8] Undefined index: session_name /home/youran/jeany/netprofit/cms/Application/Home/Controller/ParentController.class.php 第 43 行.

[ 2018-01-29T14:23:20+08:00 ] 115.60.61.147 /Developer/index/show_dev_page
INFO: [ app_init ] --START--
INFO: Run Behavior\BuildLiteBehavior [ RunTime:0.000013s ]
INFO: [ app_init ] --END-- [ RunTime:0.000091s ]
INFO: [ app_begin ] --START--
INFO: Run Behavior\ReadHtmlCacheBehavior [ RunTime:0.000048s ]
INFO: [ app_begin ] --END-- [ RunTime:0.000085s ]
SQL: select DISTINCT menuName,menuURL,rm.menuid
                from Y_user u
                LEFT JOIN Y_user_role ur ON ur.uid=u.Uid
                LEFT JOIN Y_role r ON r.roleid=ur.roleid
                LEFT JOIN Y_role_menu rm ON rm.roleid=r.roleid
                LEFT JOIN Y_netprofitmenu npm ON npm.menuid=rm.menuid
                WHERE u.username='李星' 
                ORDER BY rm.menuid [ RunTime:0.0107s ]
SQL: select mid from Y_manger WHERE manger='李星' [ RunTime:0.0110s ]
NOTIC: [8] Undefined offset: 0 /home/youran/jeany/netprofit/cms/Application/Developer/Controller/IndexController.class.php 第 27 行.
SQL: select r.rolename, u.username,ud.Did,d.Dname from Y_role r
                    LEFT JOIN Y_user_role ur on ur.roleid=r.roleid
                    LEFT JOIN Y_user u ON u.uid=ur.uid
                    LEFT JOIN Y_userDepartment ud ON ud.Uid=u.Uid
                    LEFT JOIN Y_Department d ON d.Did=ud.Did
                    WHERE rolename='开发员' AND u.username='李星' [ RunTime:0.0285s ]
INFO: [ view_parse ] --START--
INFO: [ template_filter ] --START--
INFO: Run Behavior\ContentReplaceBehavior [ RunTime:0.000056s ]
INFO: [ template_filter ] --END-- [ RunTime:0.000068s ]
INFO: Run Behavior\ParseTemplateBehavior [ RunTime:0.005644s ]
INFO: [ view_parse ] --END-- [ RunTime:0.005668s ]
INFO: [ view_filter ] --START--
INFO: Run Behavior\WriteHtmlCacheBehavior [ RunTime:0.000011s ]
INFO: [ view_filter ] --END-- [ RunTime:0.000016s ]
INFO: [ app_end ] --START--
INFO: Run Behavior\ShowPageTraceBehavior [ RunTime:0.000010s ]
INFO: [ app_end ] --END-- [ RunTime:0.000016s ]

[ 2018-01-29T18:13:07+08:00 ] 115.60.56.134 /Developer/index/show_dev_page
INFO: [ app_init ] --START--
INFO: Run Behavior\BuildLiteBehavior [ RunTime:0.000013s ]
INFO: [ app_init ] --END-- [ RunTime:0.000084s ]
INFO: [ app_begin ] --START--
INFO: Run Behavior\ReadHtmlCacheBehavior [ RunTime:0.000037s ]
INFO: [ app_begin ] --END-- [ RunTime:0.000073s ]
SQL: select DISTINCT menuName,menuURL,rm.menuid
                from Y_user u
                LEFT JOIN Y_user_role ur ON ur.uid=u.Uid
                LEFT JOIN Y_role r ON r.roleid=ur.roleid
                LEFT JOIN Y_role_menu rm ON rm.roleid=r.roleid
                LEFT JOIN Y_netprofitmenu npm ON npm.menuid=rm.menuid
                WHERE u.username='赵润连' 
                ORDER BY rm.menuid [ RunTime:0.0103s ]
SQL: select mid from Y_manger WHERE manger='赵润连' [ RunTime:0.0092s ]
NOTIC: [8] Undefined offset: 0 /home/youran/jeany/netprofit/cms/Application/Developer/Controller/IndexController.class.php 第 27 行.
SQL: select r.rolename, u.username,ud.Did,d.Dname from Y_role r
                    LEFT JOIN Y_user_role ur on ur.roleid=r.roleid
                    LEFT JOIN Y_user u ON u.uid=ur.uid
                    LEFT JOIN Y_userDepartment ud ON ud.Uid=u.Uid
                    LEFT JOIN Y_Department d ON d.Did=ud.Did
                    WHERE rolename='开发员' AND u.username='赵润连' [ RunTime:0.0176s ]
INFO: [ view_parse ] --START--
INFO: [ template_filter ] --START--
INFO: Run Behavior\ContentReplaceBehavior [ RunTime:0.000056s ]
INFO: [ template_filter ] --END-- [ RunTime:0.000065s ]
INFO: Run Behavior\ParseTemplateBehavior [ RunTime:0.005538s ]
INFO: [ view_parse ] --END-- [ RunTime:0.005563s ]
INFO: [ view_filter ] --START--
INFO: Run Behavior\WriteHtmlCacheBehavior [ RunTime:0.000009s ]
INFO: [ view_filter ] --END-- [ RunTime:0.000015s ]
INFO: [ app_end ] --START--
INFO: Run Behavior\ShowPageTraceBehavior [ RunTime:0.000009s ]
INFO: [ app_end ] --END-- [ RunTime:0.000014s ]

[ 2018-01-29T18:13:35+08:00 ] 115.60.56.134 /developer/index/test.html
INFO: [ app_init ] --START--
INFO: Run Behavior\BuildLiteBehavior [ RunTime:0.000013s ]
INFO: [ app_init ] --END-- [ RunTime:0.000088s ]
INFO: [ app_begin ] --START--
INFO: Run Behavior\ReadHtmlCacheBehavior [ RunTime:0.000041s ]
INFO: [ app_begin ] --END-- [ RunTime:0.000076s ]
SQL: select mid from Y_manger WHERE manger='赵润连' [ RunTime:0.0093s ]
SQL: exec P_DevNetprofit_advanced '1','2018-1-1','2018-1-29','','赵润连','','','','','','','0','0','0','0' [ RunTime:1.5991s ]
INFO: [ view_parse ] --START--
INFO: [ template_filter ] --START--
INFO: Run Behavior\ContentReplaceBehavior [ RunTime:0.000054s ]
INFO: [ template_filter ] --END-- [ RunTime:0.000063s ]
INFO: Run Behavior\ParseTemplateBehavior [ RunTime:0.004877s ]
INFO: [ view_parse ] --END-- [ RunTime:0.004901s ]
INFO: [ view_filter ] --START--
INFO: Run Behavior\WriteHtmlCacheBehavior [ RunTime:0.000012s ]
INFO: [ view_filter ] --END-- [ RunTime:0.000016s ]
INFO: [ app_end ] --START--
INFO: Run Behavior\ShowPageTraceBehavior [ RunTime:0.000010s ]
INFO: [ app_end ] --END-- [ RunTime:0.000015s ]

[ 2018-01-29T18:13:59+08:00 ] 115.60.61.147 /Developer/index/show_dev_page
INFO: [ app_init ] --START--
INFO: Run Behavior\BuildLiteBehavior [ RunTime:0.000013s ]
INFO: [ app_init ] --END-- [ RunTime:0.000091s ]
INFO: [ app_begin ] --START--
INFO: Run Behavior\ReadHtmlCacheBehavior [ RunTime:0.000043s ]
INFO: [ app_begin ] --END-- [ RunTime:0.000081s ]
NOTIC: [8] Undefined index: session_name /home/youran/jeany/netprofit/cms/Application/Home/Controller/ParentController.class.php 第 43 行.

[ 2018-01-29T18:14:18+08:00 ] 115.60.56.134 /developer/index/test.html
INFO: [ app_init ] --START--
INFO: Run Behavior\BuildLiteBehavior [ RunTime:0.000084s ]
INFO: [ app_init ] --END-- [ RunTime:0.000156s ]
INFO: [ app_begin ] --START--
INFO: Run Behavior\ReadHtmlCacheBehavior [ RunTime:0.000035s ]
INFO: [ app_begin ] --END-- [ RunTime:0.000071s ]
SQL: select mid from Y_manger WHERE manger='赵润连' [ RunTime:0.0165s ]
SQL: select u.username,ud.Did,d.Dname from Y_role r
                    LEFT JOIN Y_user_role ur on ur.roleid=r.roleid
                    LEFT JOIN Y_user u ON u.uid=ur.uid
                    LEFT JOIN Y_userDepartment ud ON ud.Uid=u.Uid
                    LEFT JOIN Y_Department d ON d.Did=ud.Did
                    WHERE rolename='开发员' AND u.username='赵润连'    [ RunTime:0.0240s ]
NOTIC: [8] Undefined variable: value /home/youran/jeany/netprofit/cms/Application/Developer/Controller/IndexController.class.php 第 167 行.
SQL: exec P_DevNetprofit_advanced '1','2018-1-1','2018-1-29','','赵润连','','','','','','','0','0','0','0' [ RunTime:1.0479s ]
INFO: [ view_parse ] --START--
INFO: [ template_filter ] --START--
INFO: Run Behavior\ContentReplaceBehavior [ RunTime:0.000068s ]
INFO: [ template_filter ] --END-- [ RunTime:0.000078s ]
INFO: Run Behavior\ParseTemplateBehavior [ RunTime:0.005314s ]
INFO: [ view_parse ] --END-- [ RunTime:0.005338s ]
INFO: [ view_filter ] --START--
INFO: Run Behavior\WriteHtmlCacheBehavior [ RunTime:0.000010s ]
INFO: [ view_filter ] --END-- [ RunTime:0.000016s ]
INFO: [ app_end ] --START--
INFO: Run Behavior\ShowPageTraceBehavior [ RunTime:0.000010s ]
INFO: [ app_end ] --END-- [ RunTime:0.000015s ]

[ 2018-01-29T18:51:34+08:00 ] 115.60.56.134 /Developer/index/show_dev_page
INFO: [ app_init ] --START--
INFO: Run Behavior\BuildLiteBehavior [ RunTime:0.000012s ]
INFO: [ app_init ] --END-- [ RunTime:0.000090s ]
INFO: [ app_begin ] --START--
INFO: Run Behavior\ReadHtmlCacheBehavior [ RunTime:0.000044s ]
INFO: [ app_begin ] --END-- [ RunTime:0.000081s ]
SQL: select DISTINCT menuName,menuURL,rm.menuid
                from Y_user u
                LEFT JOIN Y_user_role ur ON ur.uid=u.Uid
                LEFT JOIN Y_role r ON r.roleid=ur.roleid
                LEFT JOIN Y_role_menu rm ON rm.roleid=r.roleid
                LEFT JOIN Y_netprofitmenu npm ON npm.menuid=rm.menuid
                WHERE u.username='赵艳平' 
                ORDER BY rm.menuid [ RunTime:0.0168s ]
SQL: select mid from Y_manger WHERE manger='赵艳平' [ RunTime:0.0105s ]
SQL: select DISTINCT u.username,ud.Did,d.Dname from Y_role r
                LEFT JOIN Y_user_role ur on ur.roleid=r.roleid
                LEFT JOIN Y_user u ON u.uid=ur.uid
                LEFT JOIN Y_userDepartment ud ON ud.Uid=u.Uid
                LEFT JOIN Y_Department d ON d.Did=ud.Did
                LEFT JOIN Y_masterDepartment md ON md.departmentid=d.Did
                WHERE r.rolename='开发员' AND mangerid='10' [ RunTime:0.0260s ]
NOTIC: [8] Undefined variable: did /home/youran/jeany/netprofit/cms/Application/Developer/Controller/IndexController.class.php 第 62 行.
NOTIC: [2] array_unique() expects parameter 1 to be array, null given /home/youran/jeany/netprofit/cms/Application/Developer/Controller/IndexController.class.php 第 62 行.
NOTIC: [8] Undefined variable: dname /home/youran/jeany/netprofit/cms/Application/Developer/Controller/IndexController.class.php 第 63 行.
NOTIC: [2] array_unique() expects parameter 1 to be array, null given /home/youran/jeany/netprofit/cms/Application/Developer/Controller/IndexController.class.php 第 63 行.
NOTIC: [8] Undefined variable: dev /home/youran/jeany/netprofit/cms/Application/Developer/Controller/IndexController.class.php 第 64 行.
NOTIC: [2] array_unique() expects parameter 1 to be array, null given /home/youran/jeany/netprofit/cms/Application/Developer/Controller/IndexController.class.php 第 64 行.
NOTIC: [8] Undefined variable: did /home/youran/jeany/netprofit/cms/Application/Developer/Controller/IndexController.class.php 第 65 行.
NOTIC: [8] Undefined variable: dname /home/youran/jeany/netprofit/cms/Application/Developer/Controller/IndexController.class.php 第 65 行.
NOTIC: [2] array_combine() expects parameter 1 to be array, null given /home/youran/jeany/netprofit/cms/Application/Developer/Controller/IndexController.class.php 第 65 行.
NOTIC: [2] ksort() expects parameter 1 to be array, null given /home/youran/jeany/netprofit/cms/Application/Developer/Controller/IndexController.class.php 第 66 行.
INFO: [ view_parse ] --START--
INFO: [ template_filter ] --START--
INFO: Run Behavior\ContentReplaceBehavior [ RunTime:0.000056s ]
INFO: [ template_filter ] --END-- [ RunTime:0.000066s ]
INFO: Run Behavior\ParseTemplateBehavior [ RunTime:0.005368s ]
INFO: [ view_parse ] --END-- [ RunTime:0.005389s ]
INFO: [ view_filter ] --START--
INFO: Run Behavior\WriteHtmlCacheBehavior [ RunTime:0.000011s ]
INFO: [ view_filter ] --END-- [ RunTime:0.000017s ]
INFO: [ app_end ] --START--
INFO: Run Behavior\ShowPageTraceBehavior [ RunTime:0.000009s ]
INFO: [ app_end ] --END-- [ RunTime:0.000014s ]

[ 2018-01-29T18:51:57+08:00 ] 115.60.56.134 /developer/index/test.html
INFO: [ app_init ] --START--
INFO: Run Behavior\BuildLiteBehavior [ RunTime:0.000013s ]
INFO: [ app_init ] --END-- [ RunTime:0.000096s ]
INFO: [ app_begin ] --START--
INFO: Run Behavior\ReadHtmlCacheBehavior [ RunTime:0.000046s ]
INFO: [ app_begin ] --END-- [ RunTime:0.000082s ]
SQL: select mid from Y_manger WHERE manger='赵艳平' [ RunTime:0.0114s ]
SQL: SELECT d.developer as username from Y_manger m
                    LEFT JOIN Y_masterDev d ON m.mid=d.masterid
                    WHERE m.manger='赵艳平' [ RunTime:0.0140s ]
NOTIC: [8] Undefined variable: value /home/youran/jeany/netprofit/cms/Application/Developer/Controller/IndexController.class.php 第 140 行.
SQL: exec P_DevNetprofit_advanced '1','2018-01-01','2018-01-29','','','','','','','','','0','0','0','0' [ RunTime:11.4524s ]
INFO: [ view_parse ] --START--
INFO: [ template_filter ] --START--
INFO: Run Behavior\ContentReplaceBehavior [ RunTime:0.000057s ]
INFO: [ template_filter ] --END-- [ RunTime:0.000067s ]
INFO: Run Behavior\ParseTemplateBehavior [ RunTime:0.001452s ]
INFO: [ view_parse ] --END-- [ RunTime:0.001463s ]
INFO: [ view_filter ] --START--
INFO: Run Behavior\WriteHtmlCacheBehavior [ RunTime:0.000012s ]
INFO: [ view_filter ] --END-- [ RunTime:0.000016s ]
INFO: [ app_end ] --START--
INFO: Run Behavior\ShowPageTraceBehavior [ RunTime:0.000009s ]
INFO: [ app_end ] --END-- [ RunTime:0.000014s ]

