[ 2018-02-04T09:04:53+08:00 ] 58.246.226.254 /Admin/Admin/show_admin_page
INFO: [ app_init ] --START--
INFO: Run Behavior\BuildLiteBehavior [ RunTime:0.000003s ]
INFO: [ app_init ] --END-- [ RunTime:0.000031s ]
INFO: [ app_begin ] --START--
INFO: Run Behavior\ReadHtmlCacheBehavior [ RunTime:0.000012s ]
INFO: [ app_begin ] --END-- [ RunTime:0.000020s ]
SQL: select DISTINCT menuName,menuURL,rm.menuid,npm.pmenuid,npm.menulevel
                from Y_user u
                LEFT JOIN Y_user_role ur ON ur.uid=u.Uid
                LEFT JOIN Y_role r ON r.roleid=ur.roleid
                LEFT JOIN Y_role_menu rm ON rm.roleid=r.roleid
                LEFT JOIN Y_netprofitmenu npm ON npm.menuid=rm.menuid
                WHERE u.username='admin' ORDER BY rm.menuid [ RunTime:0.0217s ]
SQL: SELECT u.uid,u.username,u.password,d.Dname from Y_user u
                        LEFT JOIN Y_userDepartment ud ON ud.Uid=u.uid
                        LEFT JOIN Y_Department d ON d.Did=ud.Did
                         [ RunTime:0.0173s ]
INFO: [ view_parse ] --START--
INFO: [ template_filter ] --START--
INFO: Run Behavior\ContentReplaceBehavior [ RunTime:0.000072s ]
INFO: [ template_filter ] --END-- [ RunTime:0.000083s ]
INFO: Run Behavior\ParseTemplateBehavior [ RunTime:0.004242s ]
INFO: [ view_parse ] --END-- [ RunTime:0.004268s ]
INFO: [ view_filter ] --START--
INFO: Run Behavior\WriteHtmlCacheBehavior [ RunTime:0.000013s ]
INFO: [ view_filter ] --END-- [ RunTime:0.000018s ]
INFO: [ app_end ] --START--
INFO: Run Behavior\ShowPageTraceBehavior [ RunTime:0.000010s ]
INFO: [ app_end ] --END-- [ RunTime:0.000015s ]

