[ 2018-01-30T08:24:04+08:00 ] 115.60.58.84 /Public/assets/plugins/jquery-validation/dist/jquery.validate.min.js
INFO: [ app_init ] --START--
INFO: Run Behavior\BuildLiteBehavior [ RunTime:0.000013s ]
INFO: [ app_init ] --END-- [ RunTime:0.000083s ]
ERR: 无法加载模块:Public

[ 2018-01-30T08:24:17+08:00 ] 115.60.58.84 /favicon.ico
INFO: [ app_init ] --START--
INFO: Run Behavior\BuildLiteBehavior [ RunTime:0.000013s ]
INFO: [ app_init ] --END-- [ RunTime:0.000084s ]
ERR: 无法加载模块:Favicon

[ 2018-01-30T08:27:56+08:00 ] 115.60.61.134 /Public/assets/plugins/jquery-validation/dist/jquery.validate.min.js
INFO: [ app_init ] --START--
INFO: Run Behavior\BuildLiteBehavior [ RunTime:0.000013s ]
INFO: [ app_init ] --END-- [ RunTime:0.000082s ]
ERR: 无法加载模块:Public

[ 2018-01-30T08:27:58+08:00 ] 115.60.61.134 /favicon.ico
INFO: [ app_init ] --START--
INFO: Run Behavior\BuildLiteBehavior [ RunTime:0.000013s ]
INFO: [ app_init ] --END-- [ RunTime:0.000083s ]
ERR: 无法加载模块:Favicon

[ 2018-01-30T08:29:45+08:00 ] 115.60.58.84 /Public/assets/plugins/jquery-validation/dist/jquery.validate.min.js
INFO: [ app_init ] --START--
INFO: Run Behavior\BuildLiteBehavior [ RunTime:0.000012s ]
INFO: [ app_init ] --END-- [ RunTime:0.000084s ]
ERR: 无法加载模块:Public

[ 2018-01-30T08:29:46+08:00 ] 115.60.58.84 /Public/assets/plugins/jquery-validation/dist/jquery.validate.min.js
INFO: [ app_init ] --START--
INFO: Run Behavior\BuildLiteBehavior [ RunTime:0.000013s ]
INFO: [ app_init ] --END-- [ RunTime:0.000083s ]
ERR: 无法加载模块:Public

[ 2018-01-30T08:29:52+08:00 ] 115.60.58.84 /favicon.ico
INFO: [ app_init ] --START--
INFO: Run Behavior\BuildLiteBehavior [ RunTime:0.000013s ]
INFO: [ app_init ] --END-- [ RunTime:0.000082s ]
ERR: 无法加载模块:Favicon

[ 2018-01-30T08:33:11+08:00 ] 115.60.63.10 /Public/assets/plugins/jquery-validation/dist/jquery.validate.min.js
INFO: [ app_init ] --START--
INFO: Run Behavior\BuildLiteBehavior [ RunTime:0.000013s ]
INFO: [ app_init ] --END-- [ RunTime:0.000108s ]
ERR: 无法加载模块:Public

[ 2018-01-30T08:33:11+08:00 ] 115.60.63.10 /Public/assets/plugins/jquery-validation/dist/jquery.validate.min.js
INFO: [ app_init ] --START--
INFO: Run Behavior\BuildLiteBehavior [ RunTime:0.000012s ]
INFO: [ app_init ] --END-- [ RunTime:0.000082s ]
ERR: 无法加载模块:Public

[ 2018-01-30T08:33:22+08:00 ] 115.60.63.10 /favicon.ico
INFO: [ app_init ] --START--
INFO: Run Behavior\BuildLiteBehavior [ RunTime:0.000013s ]
INFO: [ app_init ] --END-- [ RunTime:0.000083s ]
ERR: 无法加载模块:Favicon

[ 2018-01-30T08:33:27+08:00 ] 115.60.58.84 /Public/assets/plugins/jquery-validation/dist/jquery.validate.min.js
INFO: [ app_init ] --START--
INFO: Run Behavior\BuildLiteBehavior [ RunTime:0.000013s ]
INFO: [ app_init ] --END-- [ RunTime:0.000083s ]
ERR: 无法加载模块:Public

[ 2018-01-30T08:33:28+08:00 ] 115.60.58.84 /Public/assets/plugins/jquery-validation/dist/jquery.validate.min.js
INFO: [ app_init ] --START--
INFO: Run Behavior\BuildLiteBehavior [ RunTime:0.000013s ]
INFO: [ app_init ] --END-- [ RunTime:0.000084s ]
ERR: 无法加载模块:Public

[ 2018-01-30T08:34:15+08:00 ] 115.60.63.10 /Public/assets/plugins/jquery-validation/dist/jquery.validate.min.js
INFO: [ app_init ] --START--
INFO: Run Behavior\BuildLiteBehavior [ RunTime:0.000013s ]
INFO: [ app_init ] --END-- [ RunTime:0.000081s ]
ERR: 无法加载模块:Public

[ 2018-01-30T08:34:15+08:00 ] 115.60.63.10 /Public/assets/plugins/jquery-validation/dist/jquery.validate.min.js
INFO: [ app_init ] --START--
INFO: Run Behavior\BuildLiteBehavior [ RunTime:0.000013s ]
INFO: [ app_init ] --END-- [ RunTime:0.000081s ]
ERR: 无法加载模块:Public

[ 2018-01-30T08:34:16+08:00 ] 115.60.63.10 /favicon.ico
INFO: [ app_init ] --START--
INFO: Run Behavior\BuildLiteBehavior [ RunTime:0.000012s ]
INFO: [ app_init ] --END-- [ RunTime:0.000083s ]
ERR: 无法加载模块:Favicon

[ 2018-01-30T08:34:30+08:00 ] 115.60.61.134 /Public/assets/plugins/jquery-validation/dist/jquery.validate.min.js
INFO: [ app_init ] --START--
INFO: Run Behavior\BuildLiteBehavior [ RunTime:0.000012s ]
INFO: [ app_init ] --END-- [ RunTime:0.000082s ]
ERR: 无法加载模块:Public

[ 2018-01-30T08:34:40+08:00 ] 115.60.61.134 /favicon.ico
INFO: [ app_init ] --START--
INFO: Run Behavior\BuildLiteBehavior [ RunTime:0.000013s ]
INFO: [ app_init ] --END-- [ RunTime:0.000082s ]
ERR: 无法加载模块:Favicon

[ 2018-01-30T08:37:24+08:00 ] 115.60.63.10 /favicon.ico
INFO: [ app_init ] --START--
INFO: Run Behavior\BuildLiteBehavior [ RunTime:0.000012s ]
INFO: [ app_init ] --END-- [ RunTime:0.000080s ]
ERR: 无法加载模块:Favicon

[ 2018-01-30T08:45:54+08:00 ] 115.60.63.10 /Public/assets/plugins/jquery-validation/dist/jquery.validate.min.js
INFO: [ app_init ] --START--
INFO: Run Behavior\BuildLiteBehavior [ RunTime:0.000013s ]
INFO: [ app_init ] --END-- [ RunTime:0.000091s ]
ERR: 无法加载模块:Public

[ 2018-01-30T08:45:54+08:00 ] 115.60.63.10 /Public/assets/plugins/jquery-validation/dist/jquery.validate.min.js
INFO: [ app_init ] --START--
INFO: Run Behavior\BuildLiteBehavior [ RunTime:0.000013s ]
INFO: [ app_init ] --END-- [ RunTime:0.000092s ]
ERR: 无法加载模块:Public

[ 2018-01-30T08:46:44+08:00 ] 115.60.63.10 /favicon.ico
INFO: [ app_init ] --START--
INFO: Run Behavior\BuildLiteBehavior [ RunTime:0.000012s ]
INFO: [ app_init ] --END-- [ RunTime:0.000084s ]
ERR: 无法加载模块:Favicon

[ 2018-01-30T08:52:27+08:00 ] 59.108.111.45 /hm.gif
INFO: [ app_init ] --START--
INFO: Run Behavior\BuildLiteBehavior [ RunTime:0.000013s ]
INFO: [ app_init ] --END-- [ RunTime:0.000085s ]
ERR: 无法加载模块:Hm

[ 2018-01-30T09:00:48+08:00 ] 58.246.226.254 /favicon.ico
INFO: [ app_init ] --START--
INFO: Run Behavior\BuildLiteBehavior [ RunTime:0.000013s ]
INFO: [ app_init ] --END-- [ RunTime:0.000082s ]
ERR: 无法加载模块:Favicon

[ 2018-01-30T09:02:15+08:00 ] 58.246.226.254 /Public/assets/plugins/jquery-validation/dist/jquery.validate.min.js
INFO: [ app_init ] --START--
INFO: Run Behavior\BuildLiteBehavior [ RunTime:0.000013s ]
INFO: [ app_init ] --END-- [ RunTime:0.000119s ]
ERR: 无法加载模块:Public

[ 2018-01-30T09:02:15+08:00 ] 58.246.226.254 /Public/assets/plugins/jquery-validation/dist/jquery.validate.min.js
INFO: [ app_init ] --START--
INFO: Run Behavior\BuildLiteBehavior [ RunTime:0.000013s ]
INFO: [ app_init ] --END-- [ RunTime:0.000084s ]
ERR: 无法加载模块:Public

[ 2018-01-30T09:02:41+08:00 ] 58.246.226.254 /favicon.ico
INFO: [ app_init ] --START--
INFO: Run Behavior\BuildLiteBehavior [ RunTime:0.000013s ]
INFO: [ app_init ] --END-- [ RunTime:0.000093s ]
ERR: 无法加载模块:Favicon

[ 2018-01-30T09:03:52+08:00 ] 58.246.226.254 /Public/assets/plugins/jquery-validation/dist/jquery.validate.min.js
INFO: [ app_init ] --START--
INFO: Run Behavior\BuildLiteBehavior [ RunTime:0.000012s ]
INFO: [ app_init ] --END-- [ RunTime:0.000078s ]
ERR: 无法加载模块:Public

[ 2018-01-30T09:08:23+08:00 ] 58.246.226.254 /robots.txt
INFO: [ app_init ] --START--
INFO: Run Behavior\BuildLiteBehavior [ RunTime:0.000013s ]
INFO: [ app_init ] --END-- [ RunTime:0.000094s ]
ERR: 无法加载模块:Robots

[ 2018-01-30T09:08:25+08:00 ] 58.246.226.254 /Public/assets/plugins/jquery-validation/dist/jquery.validate.min.js
INFO: [ app_init ] --START--
INFO: Run Behavior\BuildLiteBehavior [ RunTime:0.000013s ]
INFO: [ app_init ] --END-- [ RunTime:0.000085s ]
ERR: 无法加载模块:Public

[ 2018-01-30T09:08:25+08:00 ] 58.246.226.254 /Public/assets/plugins/jquery-validation/dist/jquery.validate.min.js
INFO: [ app_init ] --START--
INFO: Run Behavior\BuildLiteBehavior [ RunTime:0.000013s ]
INFO: [ app_init ] --END-- [ RunTime:0.000094s ]
ERR: 无法加载模块:Public

[ 2018-01-30T09:08:37+08:00 ] 58.246.226.254 /Public/assets/plugins/jquery-validation/dist/jquery.validate.min.js
INFO: [ app_init ] --START--
INFO: Run Behavior\BuildLiteBehavior [ RunTime:0.000012s ]
INFO: [ app_init ] --END-- [ RunTime:0.000084s ]
ERR: 无法加载模块:Public

[ 2018-01-30T09:08:37+08:00 ] 58.246.226.254 /Public/assets/plugins/jquery-validation/dist/jquery.validate.min.js
INFO: [ app_init ] --START--
INFO: Run Behavior\BuildLiteBehavior [ RunTime:0.000013s ]
INFO: [ app_init ] --END-- [ RunTime:0.000084s ]
ERR: 无法加载模块:Public

[ 2018-01-30T09:08:50+08:00 ] 115.60.63.10 /Public/assets/plugins/jquery-validation/dist/jquery.validate.min.js
INFO: [ app_init ] --START--
INFO: Run Behavior\BuildLiteBehavior [ RunTime:0.000013s ]
INFO: [ app_init ] --END-- [ RunTime:0.000083s ]
ERR: 无法加载模块:Public

[ 2018-01-30T09:08:54+08:00 ] 115.60.63.10 /favicon.ico
INFO: [ app_init ] --START--
INFO: Run Behavior\BuildLiteBehavior [ RunTime:0.000013s ]
INFO: [ app_init ] --END-- [ RunTime:0.000093s ]
ERR: 无法加载模块:Favicon

[ 2018-01-30T09:08:58+08:00 ] 58.246.226.254 /favicon.ico
INFO: [ app_init ] --START--
INFO: Run Behavior\BuildLiteBehavior [ RunTime:0.000013s ]
INFO: [ app_init ] --END-- [ RunTime:0.000081s ]
ERR: 无法加载模块:Favicon

[ 2018-01-30T09:09:39+08:00 ] 115.60.63.10 /Public/assets/plugins/jquery-validation/dist/jquery.validate.min.js
INFO: [ app_init ] --START--
INFO: Run Behavior\BuildLiteBehavior [ RunTime:0.000013s ]
INFO: [ app_init ] --END-- [ RunTime:0.000085s ]
ERR: 无法加载模块:Public

[ 2018-01-30T09:09:39+08:00 ] 115.60.63.10 /Public/assets/plugins/jquery-validation/dist/jquery.validate.min.js
INFO: [ app_init ] --START--
INFO: Run Behavior\BuildLiteBehavior [ RunTime:0.000012s ]
INFO: [ app_init ] --END-- [ RunTime:0.000082s ]
ERR: 无法加载模块:Public

[ 2018-01-30T09:09:59+08:00 ] 115.60.63.10 /Public/assets/plugins/jquery-validation/dist/jquery.validate.min.js
INFO: [ app_init ] --START--
INFO: Run Behavior\BuildLiteBehavior [ RunTime:0.000007s ]
INFO: [ app_init ] --END-- [ RunTime:0.000048s ]
ERR: 无法加载模块:Public

[ 2018-01-30T09:10:18+08:00 ] 58.246.226.254 /Public/js/jquery.min.map
INFO: [ app_init ] --START--
INFO: Run Behavior\BuildLiteBehavior [ RunTime:0.000012s ]
INFO: [ app_init ] --END-- [ RunTime:0.000090s ]
ERR: 无法加载模块:Public

[ 2018-01-30T09:10:19+08:00 ] 58.246.226.254 /Public/js/bootstrap-select.js.map
INFO: [ app_init ] --START--
INFO: Run Behavior\BuildLiteBehavior [ RunTime:0.000012s ]
INFO: [ app_init ] --END-- [ RunTime:0.000081s ]
ERR: 无法加载模块:Public

[ 2018-01-30T09:10:23+08:00 ] 58.246.226.254 /favicon.ico
INFO: [ app_init ] --START--
INFO: Run Behavior\BuildLiteBehavior [ RunTime:0.000019s ]
INFO: [ app_init ] --END-- [ RunTime:0.000120s ]
ERR: 无法加载模块:Favicon

[ 2018-01-30T09:10:30+08:00 ] 115.60.63.10 /favicon.ico
INFO: [ app_init ] --START--
INFO: Run Behavior\BuildLiteBehavior [ RunTime:0.000013s ]
INFO: [ app_init ] --END-- [ RunTime:0.000077s ]
ERR: 无法加载模块:Favicon

[ 2018-01-30T09:11:54+08:00 ] 58.246.226.254 /Public/assets/plugins/jquery-validation/dist/jquery.validate.min.js
INFO: [ app_init ] --START--
INFO: Run Behavior\BuildLiteBehavior [ RunTime:0.000012s ]
INFO: [ app_init ] --END-- [ RunTime:0.000075s ]
ERR: 无法加载模块:Public

[ 2018-01-30T09:11:54+08:00 ] 58.246.226.254 /Public/assets/plugins/jquery-validation/dist/jquery.validate.min.js
INFO: [ app_init ] --START--
INFO: Run Behavior\BuildLiteBehavior [ RunTime:0.000011s ]
INFO: [ app_init ] --END-- [ RunTime:0.000077s ]
ERR: 无法加载模块:Public

[ 2018-01-30T09:12:05+08:00 ] 58.246.226.254 /Public/assets/plugins/jquery-validation/dist/jquery.validate.min.js
INFO: [ app_init ] --START--
INFO: Run Behavior\BuildLiteBehavior [ RunTime:0.000013s ]
INFO: [ app_init ] --END-- [ RunTime:0.000083s ]
ERR: 无法加载模块:Public

[ 2018-01-30T09:12:05+08:00 ] 58.246.226.254 /Public/assets/plugins/jquery-validation/dist/jquery.validate.min.js
INFO: [ app_init ] --START--
INFO: Run Behavior\BuildLiteBehavior [ RunTime:0.000013s ]
INFO: [ app_init ] --END-- [ RunTime:0.000084s ]
ERR: 无法加载模块:Public

[ 2018-01-30T09:13:44+08:00 ] 58.246.226.254 /favicon.ico
INFO: [ app_init ] --START--
INFO: Run Behavior\BuildLiteBehavior [ RunTime:0.000013s ]
INFO: [ app_init ] --END-- [ RunTime:0.000088s ]
ERR: 无法加载模块:Favicon

[ 2018-01-30T09:14:10+08:00 ] 58.246.226.254 /Public/assets/plugins/jquery-validation/dist/jquery.validate.min.js
INFO: [ app_init ] --START--
INFO: Run Behavior\BuildLiteBehavior [ RunTime:0.000004s ]
INFO: [ app_init ] --END-- [ RunTime:0.000030s ]
ERR: 无法加载模块:Public

[ 2018-01-30T09:14:10+08:00 ] 58.246.226.254 /Public/assets/plugins/jquery-validation/dist/jquery.validate.min.js
INFO: [ app_init ] --START--
INFO: Run Behavior\BuildLiteBehavior [ RunTime:0.000013s ]
INFO: [ app_init ] --END-- [ RunTime:0.000082s ]
ERR: 无法加载模块:Public

[ 2018-01-30T09:14:44+08:00 ] 58.246.226.254 /Public/assets/plugins/jquery-validation/dist/jquery.validate.min.js
INFO: [ app_init ] --START--
INFO: Run Behavior\BuildLiteBehavior [ RunTime:0.000005s ]
INFO: [ app_init ] --END-- [ RunTime:0.000044s ]
ERR: 无法加载模块:Public

[ 2018-01-30T09:14:44+08:00 ] 58.246.226.254 /Public/assets/plugins/jquery-validation/dist/jquery.validate.min.js
INFO: [ app_init ] --START--
INFO: Run Behavior\BuildLiteBehavior [ RunTime:0.000009s ]
INFO: [ app_init ] --END-- [ RunTime:0.000060s ]
ERR: 无法加载模块:Public

[ 2018-01-30T09:16:31+08:00 ] 58.246.226.254 /Public/assets/plugins/jquery-validation/dist/jquery.validate.min.js
INFO: [ app_init ] --START--
INFO: Run Behavior\BuildLiteBehavior [ RunTime:0.000013s ]
INFO: [ app_init ] --END-- [ RunTime:0.000084s ]
ERR: 无法加载模块:Public

[ 2018-01-30T09:16:31+08:00 ] 58.246.226.254 /Public/assets/plugins/jquery-validation/dist/jquery.validate.min.js
INFO: [ app_init ] --START--
INFO: Run Behavior\BuildLiteBehavior [ RunTime:0.000012s ]
INFO: [ app_init ] --END-- [ RunTime:0.000086s ]
ERR: 无法加载模块:Public

[ 2018-01-30T09:17:50+08:00 ] 58.246.226.254 /Public/assets/plugins/jquery-validation/dist/jquery.validate.min.js
INFO: [ app_init ] --START--
INFO: Run Behavior\BuildLiteBehavior [ RunTime:0.000004s ]
INFO: [ app_init ] --END-- [ RunTime:0.000025s ]
ERR: 无法加载模块:Public

[ 2018-01-30T09:17:50+08:00 ] 58.246.226.254 /Public/assets/plugins/jquery-validation/dist/jquery.validate.min.js
INFO: [ app_init ] --START--
INFO: Run Behavior\BuildLiteBehavior [ RunTime:0.000005s ]
INFO: [ app_init ] --END-- [ RunTime:0.000034s ]
ERR: 无法加载模块:Public

[ 2018-01-30T09:25:14+08:00 ] 115.60.63.10 /Public/assets/plugins/jquery-validation/dist/jquery.validate.min.js
INFO: [ app_init ] --START--
INFO: Run Behavior\BuildLiteBehavior [ RunTime:0.000013s ]
INFO: [ app_init ] --END-- [ RunTime:0.000084s ]
ERR: 无法加载模块:Public

[ 2018-01-30T09:25:14+08:00 ] 115.60.63.10 /Public/assets/plugins/jquery-validation/dist/jquery.validate.min.js
INFO: [ app_init ] --START--
INFO: Run Behavior\BuildLiteBehavior [ RunTime:0.000013s ]
INFO: [ app_init ] --END-- [ RunTime:0.000082s ]
ERR: 无法加载模块:Public

[ 2018-01-30T09:27:18+08:00 ] 58.246.226.254 /Public/assets/plugins/jquery-validation/dist/jquery.validate.min.js
INFO: [ app_init ] --START--
INFO: Run Behavior\BuildLiteBehavior [ RunTime:0.000012s ]
INFO: [ app_init ] --END-- [ RunTime:0.000081s ]
ERR: 无法加载模块:Public

[ 2018-01-30T09:27:18+08:00 ] 58.246.226.254 /Public/assets/plugins/jquery-validation/dist/jquery.validate.min.js
INFO: [ app_init ] --START--
INFO: Run Behavior\BuildLiteBehavior [ RunTime:0.000012s ]
INFO: [ app_init ] --END-- [ RunTime:0.000082s ]
ERR: 无法加载模块:Public

[ 2018-01-30T09:27:20+08:00 ] 58.246.226.254 /favicon.ico
INFO: [ app_init ] --START--
INFO: Run Behavior\BuildLiteBehavior [ RunTime:0.000013s ]
INFO: [ app_init ] --END-- [ RunTime:0.000084s ]
ERR: 无法加载模块:Favicon

[ 2018-01-30T09:27:36+08:00 ] 115.60.61.134 /Public/assets/plugins/jquery-validation/dist/jquery.validate.min.js
INFO: [ app_init ] --START--
INFO: Run Behavior\BuildLiteBehavior [ RunTime:0.000006s ]
INFO: [ app_init ] --END-- [ RunTime:0.000041s ]
ERR: 无法加载模块:Public

[ 2018-01-30T09:27:36+08:00 ] 115.60.61.134 /Public/assets/plugins/jquery-validation/dist/jquery.validate.min.js
INFO: [ app_init ] --START--
INFO: Run Behavior\BuildLiteBehavior [ RunTime:0.000013s ]
INFO: [ app_init ] --END-- [ RunTime:0.000083s ]
ERR: 无法加载模块:Public

[ 2018-01-30T09:28:20+08:00 ] 115.60.63.10 /Public/assets/plugins/jquery-validation/dist/jquery.validate.min.js
INFO: [ app_init ] --START--
INFO: Run Behavior\BuildLiteBehavior [ RunTime:0.000013s ]
INFO: [ app_init ] --END-- [ RunTime:0.000092s ]
ERR: 无法加载模块:Public

[ 2018-01-30T09:28:20+08:00 ] 115.60.63.10 /Public/assets/plugins/jquery-validation/dist/jquery.validate.min.js
INFO: [ app_init ] --START--
INFO: Run Behavior\BuildLiteBehavior [ RunTime:0.000013s ]
INFO: [ app_init ] --END-- [ RunTime:0.000085s ]
ERR: 无法加载模块:Public

[ 2018-01-30T09:31:26+08:00 ] 58.246.226.254 /Public/assets/plugins/jquery-validation/dist/jquery.validate.min.js
INFO: [ app_init ] --START--
INFO: Run Behavior\BuildLiteBehavior [ RunTime:0.000012s ]
INFO: [ app_init ] --END-- [ RunTime:0.000084s ]
ERR: 无法加载模块:Public

[ 2018-01-30T09:31:26+08:00 ] 58.246.226.254 /Public/assets/plugins/jquery-validation/dist/jquery.validate.min.js
INFO: [ app_init ] --START--
INFO: Run Behavior\BuildLiteBehavior [ RunTime:0.000011s ]
INFO: [ app_init ] --END-- [ RunTime:0.000070s ]
ERR: 无法加载模块:Public

[ 2018-01-30T09:37:37+08:00 ] 58.246.226.254 /Public/js/jquery.min.map
INFO: [ app_init ] --START--
INFO: Run Behavior\BuildLiteBehavior [ RunTime:0.000013s ]
INFO: [ app_init ] --END-- [ RunTime:0.000085s ]
ERR: 无法加载模块:Public

[ 2018-01-30T09:37:37+08:00 ] 58.246.226.254 /Public/js/bootstrap-select.js.map
INFO: [ app_init ] --START--
INFO: Run Behavior\BuildLiteBehavior [ RunTime:0.000012s ]
INFO: [ app_init ] --END-- [ RunTime:0.000079s ]
ERR: 无法加载模块:Public

[ 2018-01-30T09:38:40+08:00 ] 58.246.226.254 /Public/assets/plugins/jquery-validation/dist/jquery.validate.min.js
INFO: [ app_init ] --START--
INFO: Run Behavior\BuildLiteBehavior [ RunTime:0.000012s ]
INFO: [ app_init ] --END-- [ RunTime:0.000082s ]
ERR: 无法加载模块:Public

[ 2018-01-30T09:38:40+08:00 ] 58.246.226.254 /Public/assets/plugins/jquery-validation/dist/jquery.validate.min.js
INFO: [ app_init ] --START--
INFO: Run Behavior\BuildLiteBehavior [ RunTime:0.000013s ]
INFO: [ app_init ] --END-- [ RunTime:0.000082s ]
ERR: 无法加载模块:Public

[ 2018-01-30T09:51:17+08:00 ] 58.246.226.254 /Public/assets/plugins/jquery-validation/dist/jquery.validate.min.js
INFO: [ app_init ] --START--
INFO: Run Behavior\BuildLiteBehavior [ RunTime:0.000007s ]
INFO: [ app_init ] --END-- [ RunTime:0.000047s ]
ERR: 无法加载模块:Public

[ 2018-01-30T09:51:18+08:00 ] 58.246.226.254 /Public/assets/plugins/jquery-validation/dist/jquery.validate.min.js
INFO: [ app_init ] --START--
INFO: Run Behavior\BuildLiteBehavior [ RunTime:0.000012s ]
INFO: [ app_init ] --END-- [ RunTime:0.000081s ]
ERR: 无法加载模块:Public

[ 2018-01-30T09:51:20+08:00 ] 58.246.226.254 /favicon.ico
INFO: [ app_init ] --START--
INFO: Run Behavior\BuildLiteBehavior [ RunTime:0.000013s ]
INFO: [ app_init ] --END-- [ RunTime:0.000098s ]
ERR: 无法加载模块:Favicon

[ 2018-01-30T09:52:04+08:00 ] 58.246.226.254 /Public/assets/plugins/jquery-validation/dist/jquery.validate.min.js
INFO: [ app_init ] --START--
INFO: Run Behavior\BuildLiteBehavior [ RunTime:0.000013s ]
INFO: [ app_init ] --END-- [ RunTime:0.000082s ]
ERR: 无法加载模块:Public

[ 2018-01-30T09:52:05+08:00 ] 58.246.226.254 /Public/assets/plugins/jquery-validation/dist/jquery.validate.min.js
INFO: [ app_init ] --START--
INFO: Run Behavior\BuildLiteBehavior [ RunTime:0.000013s ]
INFO: [ app_init ] --END-- [ RunTime:0.000084s ]
ERR: 无法加载模块:Public

[ 2018-01-30T09:52:30+08:00 ] 139.224.74.9 /favicon.ico
INFO: [ app_init ] --START--
INFO: Run Behavior\BuildLiteBehavior [ RunTime:0.000012s ]
INFO: [ app_init ] --END-- [ RunTime:0.000091s ]
ERR: 无法加载模块:Favicon

[ 2018-01-30T09:52:32+08:00 ] 139.224.74.9 /Public/assets/plugins/jquery-validation/dist/jquery.validate.min.js
INFO: [ app_init ] --START--
INFO: Run Behavior\BuildLiteBehavior [ RunTime:0.000012s ]
INFO: [ app_init ] --END-- [ RunTime:0.000082s ]
ERR: 无法加载模块:Public

[ 2018-01-30T09:53:00+08:00 ] 58.246.226.254 /favicon.ico
INFO: [ app_init ] --START--
INFO: Run Behavior\BuildLiteBehavior [ RunTime:0.000012s ]
INFO: [ app_init ] --END-- [ RunTime:0.000083s ]
ERR: 无法加载模块:Favicon

[ 2018-01-30T09:55:25+08:00 ] 115.60.61.134 /Public/assets/plugins/jquery-validation/dist/jquery.validate.min.js
INFO: [ app_init ] --START--
INFO: Run Behavior\BuildLiteBehavior [ RunTime:0.000013s ]
INFO: [ app_init ] --END-- [ RunTime:0.000083s ]
ERR: 无法加载模块:Public

[ 2018-01-30T10:00:50+08:00 ] 58.246.226.254 /Public/assets/plugins/jquery-validation/dist/jquery.validate.min.js
INFO: [ app_init ] --START--
INFO: Run Behavior\BuildLiteBehavior [ RunTime:0.000014s ]
INFO: [ app_init ] --END-- [ RunTime:0.000085s ]
ERR: 无法加载模块:Public

[ 2018-01-30T10:00:50+08:00 ] 58.246.226.254 /Public/assets/plugins/jquery-validation/dist/jquery.validate.min.js
INFO: [ app_init ] --START--
INFO: Run Behavior\BuildLiteBehavior [ RunTime:0.000012s ]
INFO: [ app_init ] --END-- [ RunTime:0.000084s ]
ERR: 无法加载模块:Public

[ 2018-01-30T10:00:52+08:00 ] 58.246.226.254 /favicon.ico
INFO: [ app_init ] --START--
INFO: Run Behavior\BuildLiteBehavior [ RunTime:0.000013s ]
INFO: [ app_init ] --END-- [ RunTime:0.000082s ]
ERR: 无法加载模块:Favicon

[ 2018-01-30T10:04:13+08:00 ] 58.246.226.254 /Public/assets/plugins/jquery-validation/dist/jquery.validate.min.js
INFO: [ app_init ] --START--
INFO: Run Behavior\BuildLiteBehavior [ RunTime:0.000012s ]
INFO: [ app_init ] --END-- [ RunTime:0.000092s ]
ERR: 无法加载模块:Public

[ 2018-01-30T10:04:13+08:00 ] 58.246.226.254 /Public/assets/plugins/jquery-validation/dist/jquery.validate.min.js
INFO: [ app_init ] --START--
INFO: Run Behavior\BuildLiteBehavior [ RunTime:0.000013s ]
INFO: [ app_init ] --END-- [ RunTime:0.000085s ]
ERR: 无法加载模块:Public

[ 2018-01-30T10:04:23+08:00 ] 58.246.226.254 /favicon.ico
INFO: [ app_init ] --START--
INFO: Run Behavior\BuildLiteBehavior [ RunTime:0.000013s ]
INFO: [ app_init ] --END-- [ RunTime:0.000084s ]
ERR: 无法加载模块:Favicon

[ 2018-01-30T10:10:35+08:00 ] 101.226.65.107 /Public/assets/plugins/jquery-validation/dist/jquery.validate.min.js
INFO: [ app_init ] --START--
INFO: Run Behavior\BuildLiteBehavior [ RunTime:0.000013s ]
INFO: [ app_init ] --END-- [ RunTime:0.000094s ]
ERR: 无法加载模块:Public

[ 2018-01-30T10:19:25+08:00 ] 58.246.226.254 /favicon.ico
INFO: [ app_init ] --START--
INFO: Run Behavior\BuildLiteBehavior [ RunTime:0.000013s ]
INFO: [ app_init ] --END-- [ RunTime:0.000096s ]
ERR: 无法加载模块:Favicon

[ 2018-01-30T10:22:05+08:00 ] 58.246.226.254 /favicon.ico
INFO: [ app_init ] --START--
INFO: Run Behavior\BuildLiteBehavior [ RunTime:0.000013s ]
INFO: [ app_init ] --END-- [ RunTime:0.000084s ]
ERR: 无法加载模块:Favicon

[ 2018-01-30T10:53:52+08:00 ] 115.60.61.134 /Public/assets/plugins/jquery-validation/dist/jquery.validate.min.js
INFO: [ app_init ] --START--
INFO: Run Behavior\BuildLiteBehavior [ RunTime:0.000013s ]
INFO: [ app_init ] --END-- [ RunTime:0.000082s ]
ERR: 无法加载模块:Public

[ 2018-01-30T11:20:04+08:00 ] 115.60.61.134 /Public/assets/plugins/jquery-validation/dist/jquery.validate.min.js
INFO: [ app_init ] --START--
INFO: Run Behavior\BuildLiteBehavior [ RunTime:0.000013s ]
INFO: [ app_init ] --END-- [ RunTime:0.000082s ]
ERR: 无法加载模块:Public

[ 2018-01-30T11:20:04+08:00 ] 115.60.61.134 /Public/assets/plugins/jquery-validation/dist/jquery.validate.min.js
INFO: [ app_init ] --START--
INFO: Run Behavior\BuildLiteBehavior [ RunTime:0.000013s ]
INFO: [ app_init ] --END-- [ RunTime:0.000094s ]
ERR: 无法加载模块:Public

[ 2018-01-30T11:31:16+08:00 ] 58.246.226.254 /Public/assets/plugins/jquery-validation/dist/jquery.validate.min.js
INFO: [ app_init ] --START--
INFO: Run Behavior\BuildLiteBehavior [ RunTime:0.000013s ]
INFO: [ app_init ] --END-- [ RunTime:0.000093s ]
ERR: 无法加载模块:Public

[ 2018-01-30T11:31:16+08:00 ] 58.246.226.254 /Public/assets/plugins/jquery-validation/dist/jquery.validate.min.js
INFO: [ app_init ] --START--
INFO: Run Behavior\BuildLiteBehavior [ RunTime:0.000013s ]
INFO: [ app_init ] --END-- [ RunTime:0.000080s ]
ERR: 无法加载模块:Public

[ 2018-01-30T11:35:06+08:00 ] 80.82.78.50 /cache/global/img/gs.gif
INFO: [ app_init ] --START--
INFO: Run Behavior\BuildLiteBehavior [ RunTime:0.000013s ]
INFO: [ app_init ] --END-- [ RunTime:0.000095s ]
ERR: 无法加载模块:Cache

[ 2018-01-30T11:35:29+08:00 ] 58.246.226.254 /Public/assets/plugins/jquery-validation/dist/jquery.validate.min.js
INFO: [ app_init ] --START--
INFO: Run Behavior\BuildLiteBehavior [ RunTime:0.000013s ]
INFO: [ app_init ] --END-- [ RunTime:0.000092s ]
ERR: 无法加载模块:Public

[ 2018-01-30T11:43:08+08:00 ] 58.246.226.254 /Public/assets/plugins/jquery-validation/dist/jquery.validate.min.js
INFO: [ app_init ] --START--
INFO: Run Behavior\BuildLiteBehavior [ RunTime:0.000013s ]
INFO: [ app_init ] --END-- [ RunTime:0.000082s ]
ERR: 无法加载模块:Public

[ 2018-01-30T11:43:08+08:00 ] 58.246.226.254 /Public/assets/plugins/jquery-validation/dist/jquery.validate.min.js
INFO: [ app_init ] --START--
INFO: Run Behavior\BuildLiteBehavior [ RunTime:0.000056s ]
INFO: [ app_init ] --END-- [ RunTime:0.000127s ]
ERR: 无法加载模块:Public

[ 2018-01-30T11:43:27+08:00 ] 58.246.226.254 /favicon.ico
INFO: [ app_init ] --START--
INFO: Run Behavior\BuildLiteBehavior [ RunTime:0.000013s ]
INFO: [ app_init ] --END-- [ RunTime:0.000082s ]
ERR: 无法加载模块:Favicon

[ 2018-01-30T11:47:27+08:00 ] 58.246.226.254 /Public/assets/plugins/jquery-validation/dist/jquery.validate.min.js
INFO: [ app_init ] --START--
INFO: Run Behavior\BuildLiteBehavior [ RunTime:0.000013s ]
INFO: [ app_init ] --END-- [ RunTime:0.000091s ]
ERR: 无法加载模块:Public

[ 2018-01-30T11:47:27+08:00 ] 58.246.226.254 /Public/assets/plugins/jquery-validation/dist/jquery.validate.min.js
INFO: [ app_init ] --START--
INFO: Run Behavior\BuildLiteBehavior [ RunTime:0.000012s ]
INFO: [ app_init ] --END-- [ RunTime:0.000084s ]
ERR: 无法加载模块:Public

[ 2018-01-30T11:50:44+08:00 ] 58.246.226.254 /Public/assets/plugins/jquery-validation/dist/jquery.validate.min.js
INFO: [ app_init ] --START--
INFO: Run Behavior\BuildLiteBehavior [ RunTime:0.000013s ]
INFO: [ app_init ] --END-- [ RunTime:0.000081s ]
ERR: 无法加载模块:Public

[ 2018-01-30T11:50:44+08:00 ] 58.246.226.254 /Public/assets/plugins/jquery-validation/dist/jquery.validate.min.js
INFO: [ app_init ] --START--
INFO: Run Behavior\BuildLiteBehavior [ RunTime:0.000013s ]
INFO: [ app_init ] --END-- [ RunTime:0.000084s ]
ERR: 无法加载模块:Public

[ 2018-01-30T11:50:57+08:00 ] 58.246.226.254 /Public/assets/plugins/jquery-validation/dist/jquery.validate.min.js
INFO: [ app_init ] --START--
INFO: Run Behavior\BuildLiteBehavior [ RunTime:0.000013s ]
INFO: [ app_init ] --END-- [ RunTime:0.000078s ]
ERR: 无法加载模块:Public

[ 2018-01-30T11:50:57+08:00 ] 58.246.226.254 /Public/assets/plugins/jquery-validation/dist/jquery.validate.min.js
INFO: [ app_init ] --START--
INFO: Run Behavior\BuildLiteBehavior [ RunTime:0.000012s ]
INFO: [ app_init ] --END-- [ RunTime:0.000083s ]
ERR: 无法加载模块:Public

[ 2018-01-30T11:51:06+08:00 ] 58.246.226.254 /favicon.ico
INFO: [ app_init ] --START--
INFO: Run Behavior\BuildLiteBehavior [ RunTime:0.000012s ]
INFO: [ app_init ] --END-- [ RunTime:0.000083s ]
ERR: 无法加载模块:Favicon

[ 2018-01-30T12:56:29+08:00 ] 115.60.58.84 /Public/assets/plugins/jquery-validation/dist/jquery.validate.min.js
INFO: [ app_init ] --START--
INFO: Run Behavior\BuildLiteBehavior [ RunTime:0.000013s ]
INFO: [ app_init ] --END-- [ RunTime:0.000083s ]
ERR: 无法加载模块:Public

[ 2018-01-30T12:56:31+08:00 ] 115.60.58.84 /favicon.ico
INFO: [ app_init ] --START--
INFO: Run Behavior\BuildLiteBehavior [ RunTime:0.000013s ]
INFO: [ app_init ] --END-- [ RunTime:0.000083s ]
ERR: 无法加载模块:Favicon

[ 2018-01-30T12:59:11+08:00 ] 115.60.61.134 /Public/assets/plugins/jquery-validation/dist/jquery.validate.min.js
INFO: [ app_init ] --START--
INFO: Run Behavior\BuildLiteBehavior [ RunTime:0.000006s ]
INFO: [ app_init ] --END-- [ RunTime:0.000036s ]
ERR: 无法加载模块:Public

[ 2018-01-30T12:59:11+08:00 ] 115.60.61.134 /Public/assets/plugins/jquery-validation/dist/jquery.validate.min.js
INFO: [ app_init ] --START--
INFO: Run Behavior\BuildLiteBehavior [ RunTime:0.000013s ]
INFO: [ app_init ] --END-- [ RunTime:0.000083s ]
ERR: 无法加载模块:Public

[ 2018-01-30T13:20:53+08:00 ] 58.246.226.254 /robots.txt
INFO: [ app_init ] --START--
INFO: Run Behavior\BuildLiteBehavior [ RunTime:0.000002s ]
INFO: [ app_init ] --END-- [ RunTime:0.000017s ]
ERR: 无法加载模块:Robots

[ 2018-01-30T13:20:53+08:00 ] 58.246.226.254 /Public/assets/plugins/jquery-validation/dist/jquery.validate.min.js
INFO: [ app_init ] --START--
INFO: Run Behavior\BuildLiteBehavior [ RunTime:0.000013s ]
INFO: [ app_init ] --END-- [ RunTime:0.000082s ]
ERR: 无法加载模块:Public

[ 2018-01-30T13:20:54+08:00 ] 58.246.226.254 /Public/assets/plugins/jquery-validation/dist/jquery.validate.min.js
INFO: [ app_init ] --START--
INFO: Run Behavior\BuildLiteBehavior [ RunTime:0.000013s ]
INFO: [ app_init ] --END-- [ RunTime:0.000083s ]
ERR: 无法加载模块:Public

[ 2018-01-30T13:21:06+08:00 ] 58.246.226.254 /favicon.ico
INFO: [ app_init ] --START--
INFO: Run Behavior\BuildLiteBehavior [ RunTime:0.000013s ]
INFO: [ app_init ] --END-- [ RunTime:0.000086s ]
ERR: 无法加载模块:Favicon

[ 2018-01-30T13:28:01+08:00 ] 58.246.226.254 /favicon.ico
INFO: [ app_init ] --START--
INFO: Run Behavior\BuildLiteBehavior [ RunTime:0.000014s ]
INFO: [ app_init ] --END-- [ RunTime:0.000084s ]
ERR: 无法加载模块:Favicon

[ 2018-01-30T13:34:03+08:00 ] 58.246.226.254 /Public/assets/plugins/jquery-validation/dist/jquery.validate.min.js
INFO: [ app_init ] --START--
INFO: Run Behavior\BuildLiteBehavior [ RunTime:0.000013s ]
INFO: [ app_init ] --END-- [ RunTime:0.000090s ]
ERR: 无法加载模块:Public

[ 2018-01-30T13:34:03+08:00 ] 58.246.226.254 /Public/assets/plugins/jquery-validation/dist/jquery.validate.min.js
INFO: [ app_init ] --START--
INFO: Run Behavior\BuildLiteBehavior [ RunTime:0.000011s ]
INFO: [ app_init ] --END-- [ RunTime:0.000076s ]
ERR: 无法加载模块:Public

[ 2018-01-30T13:50:37+08:00 ] 58.246.226.254 /favicon.ico
INFO: [ app_init ] --START--
INFO: Run Behavior\BuildLiteBehavior [ RunTime:0.000013s ]
INFO: [ app_init ] --END-- [ RunTime:0.000085s ]
ERR: 无法加载模块:Favicon

[ 2018-01-30T13:57:41+08:00 ] 58.246.226.254 /Public/assets/plugins/jquery-validation/dist/jquery.validate.min.js
INFO: [ app_init ] --START--
INFO: Run Behavior\BuildLiteBehavior [ RunTime:0.000005s ]
INFO: [ app_init ] --END-- [ RunTime:0.000035s ]
ERR: 无法加载模块:Public

[ 2018-01-30T13:57:41+08:00 ] 58.246.226.254 /Public/assets/plugins/jquery-validation/dist/jquery.validate.min.js
INFO: [ app_init ] --START--
INFO: Run Behavior\BuildLiteBehavior [ RunTime:0.000013s ]
INFO: [ app_init ] --END-- [ RunTime:0.000085s ]
ERR: 无法加载模块:Public

[ 2018-01-30T14:16:25+08:00 ] 58.246.226.254 /Public/assets/plugins/jquery-validation/dist/jquery.validate.min.js
INFO: [ app_init ] --START--
INFO: Run Behavior\BuildLiteBehavior [ RunTime:0.000012s ]
INFO: [ app_init ] --END-- [ RunTime:0.000162s ]
ERR: 无法加载模块:Public

[ 2018-01-30T14:16:26+08:00 ] 58.246.226.254 /Public/assets/plugins/jquery-validation/dist/jquery.validate.min.js
INFO: [ app_init ] --START--
INFO: Run Behavior\BuildLiteBehavior [ RunTime:0.000013s ]
INFO: [ app_init ] --END-- [ RunTime:0.000083s ]
ERR: 无法加载模块:Public

[ 2018-01-30T14:16:37+08:00 ] 58.246.226.254 /favicon.ico
INFO: [ app_init ] --START--
INFO: Run Behavior\BuildLiteBehavior [ RunTime:0.000013s ]
INFO: [ app_init ] --END-- [ RunTime:0.000089s ]
ERR: 无法加载模块:Favicon

[ 2018-01-30T14:16:37+08:00 ] 116.231.147.198 /favicon.ico
INFO: [ app_init ] --START--
INFO: Run Behavior\BuildLiteBehavior [ RunTime:0.000012s ]
INFO: [ app_init ] --END-- [ RunTime:0.000083s ]
ERR: 无法加载模块:Favicon

[ 2018-01-30T14:20:41+08:00 ] 192.168.0.134 /robots.txt
INFO: [ app_init ] --START--
INFO: Run Behavior\BuildLiteBehavior [ RunTime:0.000013s ]
INFO: [ app_init ] --END-- [ RunTime:0.000084s ]
ERR: 无法加载模块:Robots

[ 2018-01-30T14:20:42+08:00 ] 192.168.0.134 /Public/assets/plugins/jquery-validation/dist/jquery.validate.min.js
INFO: [ app_init ] --START--
INFO: Run Behavior\BuildLiteBehavior [ RunTime:0.000012s ]
INFO: [ app_init ] --END-- [ RunTime:0.000083s ]
ERR: 无法加载模块:Public

[ 2018-01-30T14:20:42+08:00 ] 192.168.0.134 /Public/assets/plugins/jquery-validation/dist/jquery.validate.min.js
INFO: [ app_init ] --START--
INFO: Run Behavior\BuildLiteBehavior [ RunTime:0.000013s ]
INFO: [ app_init ] --END-- [ RunTime:0.000085s ]
ERR: 无法加载模块:Public

[ 2018-01-30T14:20:43+08:00 ] 192.168.0.134 /Public/assets/plugins/jquery-validation/dist/jquery.validate.min.js
INFO: [ app_init ] --START--
INFO: Run Behavior\BuildLiteBehavior [ RunTime:0.000013s ]
INFO: [ app_init ] --END-- [ RunTime:0.000082s ]
ERR: 无法加载模块:Public

[ 2018-01-30T14:20:44+08:00 ] 192.168.0.134 /Public/assets/plugins/jquery-validation/dist/jquery.validate.min.js
INFO: [ app_init ] --START--
INFO: Run Behavior\BuildLiteBehavior [ RunTime:0.000012s ]
INFO: [ app_init ] --END-- [ RunTime:0.000094s ]
ERR: 无法加载模块:Public

[ 2018-01-30T14:20:45+08:00 ] 192.168.0.134 /Public/assets/plugins/jquery-validation/dist/jquery.validate.min.js
INFO: [ app_init ] --START--
INFO: Run Behavior\BuildLiteBehavior [ RunTime:0.000012s ]
INFO: [ app_init ] --END-- [ RunTime:0.000083s ]
ERR: 无法加载模块:Public

[ 2018-01-30T14:20:45+08:00 ] 192.168.0.134 /Public/assets/plugins/jquery-validation/dist/jquery.validate.min.js
INFO: [ app_init ] --START--
INFO: Run Behavior\BuildLiteBehavior [ RunTime:0.000013s ]
INFO: [ app_init ] --END-- [ RunTime:0.000084s ]
ERR: 无法加载模块:Public

[ 2018-01-30T14:20:59+08:00 ] 192.168.0.134 /favicon.ico
INFO: [ app_init ] --START--
INFO: Run Behavior\BuildLiteBehavior [ RunTime:0.000014s ]
INFO: [ app_init ] --END-- [ RunTime:0.000082s ]
ERR: 无法加载模块:Favicon

[ 2018-01-30T14:20:59+08:00 ] 192.168.0.134 /favicon.ico
INFO: [ app_init ] --START--
INFO: Run Behavior\BuildLiteBehavior [ RunTime:0.000013s ]
INFO: [ app_init ] --END-- [ RunTime:0.000083s ]
ERR: 无法加载模块:Favicon

[ 2018-01-30T14:21:06+08:00 ] 192.168.0.134 /favicon.ico
INFO: [ app_init ] --START--
INFO: Run Behavior\BuildLiteBehavior [ RunTime:0.000013s ]
INFO: [ app_init ] --END-- [ RunTime:0.000084s ]
ERR: 无法加载模块:Favicon

[ 2018-01-30T14:47:20+08:00 ] 115.60.63.10 /Public/assets/plugins/jquery-validation/dist/jquery.validate.min.js
INFO: [ app_init ] --START--
INFO: Run Behavior\BuildLiteBehavior [ RunTime:0.000006s ]
INFO: [ app_init ] --END-- [ RunTime:0.000041s ]
ERR: 无法加载模块:Public

[ 2018-01-30T15:24:02+08:00 ] 58.246.226.254 /Public/assets/plugins/jquery-validation/dist/jquery.validate.min.js
INFO: [ app_init ] --START--
INFO: Run Behavior\BuildLiteBehavior [ RunTime:0.000012s ]
INFO: [ app_init ] --END-- [ RunTime:0.000082s ]
ERR: 无法加载模块:Public

[ 2018-01-30T15:24:02+08:00 ] 58.246.226.254 /Public/assets/plugins/jquery-validation/dist/jquery.validate.min.js
INFO: [ app_init ] --START--
INFO: Run Behavior\BuildLiteBehavior [ RunTime:0.000013s ]
INFO: [ app_init ] --END-- [ RunTime:0.000084s ]
ERR: 无法加载模块:Public

[ 2018-01-30T15:24:11+08:00 ] 58.246.226.254 /Public/assets/plugins/jquery-validation/dist/jquery.validate.min.js
INFO: [ app_init ] --START--
INFO: Run Behavior\BuildLiteBehavior [ RunTime:0.000013s ]
INFO: [ app_init ] --END-- [ RunTime:0.000083s ]
ERR: 无法加载模块:Public

[ 2018-01-30T15:24:11+08:00 ] 58.246.226.254 /Public/assets/plugins/jquery-validation/dist/jquery.validate.min.js
INFO: [ app_init ] --START--
INFO: Run Behavior\BuildLiteBehavior [ RunTime:0.000013s ]
INFO: [ app_init ] --END-- [ RunTime:0.000085s ]
ERR: 无法加载模块:Public

[ 2018-01-30T15:24:20+08:00 ] 58.246.226.254 /Public/assets/plugins/jquery-validation/dist/jquery.validate.min.js
INFO: [ app_init ] --START--
INFO: Run Behavior\BuildLiteBehavior [ RunTime:0.000013s ]
INFO: [ app_init ] --END-- [ RunTime:0.000084s ]
ERR: 无法加载模块:Public

[ 2018-01-30T15:24:20+08:00 ] 58.246.226.254 /Public/assets/plugins/jquery-validation/dist/jquery.validate.min.js
INFO: [ app_init ] --START--
INFO: Run Behavior\BuildLiteBehavior [ RunTime:0.000013s ]
INFO: [ app_init ] --END-- [ RunTime:0.000084s ]
ERR: 无法加载模块:Public

[ 2018-01-30T15:25:28+08:00 ] 58.246.226.254 /robots.txt
INFO: [ app_init ] --START--
INFO: Run Behavior\BuildLiteBehavior [ RunTime:0.000011s ]
INFO: [ app_init ] --END-- [ RunTime:0.000076s ]
ERR: 无法加载模块:Robots

[ 2018-01-30T15:43:53+08:00 ] 115.60.58.84 /Public/assets/plugins/jquery-validation/dist/jquery.validate.min.js
INFO: [ app_init ] --START--
INFO: Run Behavior\BuildLiteBehavior [ RunTime:0.000013s ]
INFO: [ app_init ] --END-- [ RunTime:0.000083s ]
ERR: 无法加载模块:Public

[ 2018-01-30T15:43:54+08:00 ] 115.60.58.84 /Public/assets/plugins/jquery-validation/dist/jquery.validate.min.js
INFO: [ app_init ] --START--
INFO: Run Behavior\BuildLiteBehavior [ RunTime:0.000013s ]
INFO: [ app_init ] --END-- [ RunTime:0.000084s ]
ERR: 无法加载模块:Public

[ 2018-01-30T15:43:56+08:00 ] 115.60.58.84 /favicon.ico
INFO: [ app_init ] --START--
INFO: Run Behavior\BuildLiteBehavior [ RunTime:0.000012s ]
INFO: [ app_init ] --END-- [ RunTime:0.000092s ]
ERR: 无法加载模块:Favicon

[ 2018-01-30T15:55:00+08:00 ] 58.246.226.254 /Public/assets/plugins/jquery-validation/dist/jquery.validate.min.js
INFO: [ app_init ] --START--
INFO: Run Behavior\BuildLiteBehavior [ RunTime:0.000012s ]
INFO: [ app_init ] --END-- [ RunTime:0.000083s ]
ERR: 无法加载模块:Public

[ 2018-01-30T15:55:00+08:00 ] 58.246.226.254 /Public/assets/plugins/jquery-validation/dist/jquery.validate.min.js
INFO: [ app_init ] --START--
INFO: Run Behavior\BuildLiteBehavior [ RunTime:0.000012s ]
INFO: [ app_init ] --END-- [ RunTime:0.000083s ]
ERR: 无法加载模块:Public

[ 2018-01-30T15:55:46+08:00 ] 58.246.226.254 /robots.txt
INFO: [ app_init ] --START--
INFO: Run Behavior\BuildLiteBehavior [ RunTime:0.000012s ]
INFO: [ app_init ] --END-- [ RunTime:0.000078s ]
ERR: 无法加载模块:Robots

[ 2018-01-30T16:33:45+08:00 ] 58.246.226.254 /Public/assets/plugins/jquery-validation/dist/jquery.validate.min.js
INFO: [ app_init ] --START--
INFO: Run Behavior\BuildLiteBehavior [ RunTime:0.000013s ]
INFO: [ app_init ] --END-- [ RunTime:0.000093s ]
ERR: 无法加载模块:Public

[ 2018-01-30T16:33:45+08:00 ] 58.246.226.254 /Public/assets/plugins/jquery-validation/dist/jquery.validate.min.js
INFO: [ app_init ] --START--
INFO: Run Behavior\BuildLiteBehavior [ RunTime:0.000012s ]
INFO: [ app_init ] --END-- [ RunTime:0.000089s ]
ERR: 无法加载模块:Public

[ 2018-01-30T16:33:47+08:00 ] 58.246.226.254 /favicon.ico
INFO: [ app_init ] --START--
INFO: Run Behavior\BuildLiteBehavior [ RunTime:0.000013s ]
INFO: [ app_init ] --END-- [ RunTime:0.000083s ]
ERR: 无法加载模块:Favicon

[ 2018-01-30T16:58:24+08:00 ] 58.246.226.254 /Public/assets/plugins/jquery-validation/dist/jquery.validate.min.js
INFO: [ app_init ] --START--
INFO: Run Behavior\BuildLiteBehavior [ RunTime:0.000013s ]
INFO: [ app_init ] --END-- [ RunTime:0.000084s ]
ERR: 无法加载模块:Public

[ 2018-01-30T16:58:24+08:00 ] 58.246.226.254 /Public/assets/plugins/jquery-validation/dist/jquery.validate.min.js
INFO: [ app_init ] --START--
INFO: Run Behavior\BuildLiteBehavior [ RunTime:0.000013s ]
INFO: [ app_init ] --END-- [ RunTime:0.000091s ]
ERR: 无法加载模块:Public

[ 2018-01-30T17:00:50+08:00 ] 58.246.226.254 /Public/assets/plugins/jquery-validation/dist/jquery.validate.min.js
INFO: [ app_init ] --START--
INFO: Run Behavior\BuildLiteBehavior [ RunTime:0.000013s ]
INFO: [ app_init ] --END-- [ RunTime:0.000086s ]
ERR: 无法加载模块:Public

[ 2018-01-30T17:00:51+08:00 ] 58.246.226.254 /Public/assets/plugins/jquery-validation/dist/jquery.validate.min.js
INFO: [ app_init ] --START--
INFO: Run Behavior\BuildLiteBehavior [ RunTime:0.000014s ]
INFO: [ app_init ] --END-- [ RunTime:0.000085s ]
ERR: 无法加载模块:Public

[ 2018-01-30T17:01:09+08:00 ] 58.246.226.254 /favicon.ico
INFO: [ app_init ] --START--
INFO: Run Behavior\BuildLiteBehavior [ RunTime:0.000013s ]
INFO: [ app_init ] --END-- [ RunTime:0.000085s ]
ERR: 无法加载模块:Favicon

[ 2018-01-30T17:03:55+08:00 ] 58.246.226.254 /Public/assets/plugins/jquery-validation/dist/jquery.validate.min.js
INFO: [ app_init ] --START--
INFO: Run Behavior\BuildLiteBehavior [ RunTime:0.000013s ]
INFO: [ app_init ] --END-- [ RunTime:0.000085s ]
ERR: 无法加载模块:Public

[ 2018-01-30T17:03:55+08:00 ] 58.246.226.254 /Public/assets/plugins/jquery-validation/dist/jquery.validate.min.js
INFO: [ app_init ] --START--
INFO: Run Behavior\BuildLiteBehavior [ RunTime:0.000012s ]
INFO: [ app_init ] --END-- [ RunTime:0.000078s ]
ERR: 无法加载模块:Public

[ 2018-01-30T17:18:07+08:00 ] 58.246.226.254 /Public/assets/plugins/jquery-validation/dist/jquery.validate.min.js
INFO: [ app_init ] --START--
INFO: Run Behavior\BuildLiteBehavior [ RunTime:0.000007s ]
INFO: [ app_init ] --END-- [ RunTime:0.000047s ]
ERR: 无法加载模块:Public

[ 2018-01-30T17:18:07+08:00 ] 58.246.226.254 /Public/assets/plugins/jquery-validation/dist/jquery.validate.min.js
INFO: [ app_init ] --START--
INFO: Run Behavior\BuildLiteBehavior [ RunTime:0.000013s ]
INFO: [ app_init ] --END-- [ RunTime:0.000082s ]
ERR: 无法加载模块:Public

[ 2018-01-30T17:34:22+08:00 ] 115.60.61.134 /Public/assets/plugins/jquery-validation/dist/jquery.validate.min.js
INFO: [ app_init ] --START--
INFO: Run Behavior\BuildLiteBehavior [ RunTime:0.000013s ]
INFO: [ app_init ] --END-- [ RunTime:0.000083s ]
ERR: 无法加载模块:Public

[ 2018-01-30T17:34:22+08:00 ] 115.60.61.134 /Public/assets/plugins/jquery-validation/dist/jquery.validate.min.js
INFO: [ app_init ] --START--
INFO: Run Behavior\BuildLiteBehavior [ RunTime:0.000013s ]
INFO: [ app_init ] --END-- [ RunTime:0.000084s ]
ERR: 无法加载模块:Public

[ 2018-01-30T17:42:14+08:00 ] 58.246.226.254 /Public/assets/plugins/jquery-validation/dist/jquery.validate.min.js
INFO: [ app_init ] --START--
INFO: Run Behavior\BuildLiteBehavior [ RunTime:0.000013s ]
INFO: [ app_init ] --END-- [ RunTime:0.000084s ]
ERR: 无法加载模块:Public

[ 2018-01-30T17:56:26+08:00 ] 115.60.61.134 /Public/assets/plugins/jquery-validation/dist/jquery.validate.min.js
INFO: [ app_init ] --START--
INFO: Run Behavior\BuildLiteBehavior [ RunTime:0.000012s ]
INFO: [ app_init ] --END-- [ RunTime:0.000081s ]
ERR: 无法加载模块:Public

[ 2018-01-30T17:56:26+08:00 ] 115.60.61.134 /Public/assets/plugins/jquery-validation/dist/jquery.validate.min.js
INFO: [ app_init ] --START--
INFO: Run Behavior\BuildLiteBehavior [ RunTime:0.000013s ]
INFO: [ app_init ] --END-- [ RunTime:0.000084s ]
ERR: 无法加载模块:Public

[ 2018-01-30T18:14:32+08:00 ] 58.246.226.254 /Public/assets/plugins/jquery-validation/dist/jquery.validate.min.js
INFO: [ app_init ] --START--
INFO: Run Behavior\BuildLiteBehavior [ RunTime:0.000011s ]
INFO: [ app_init ] --END-- [ RunTime:0.000076s ]
ERR: 无法加载模块:Public

[ 2018-01-30T18:14:33+08:00 ] 58.246.226.254 /Public/assets/plugins/jquery-validation/dist/jquery.validate.min.js
INFO: [ app_init ] --START--
INFO: Run Behavior\BuildLiteBehavior [ RunTime:0.000013s ]
INFO: [ app_init ] --END-- [ RunTime:0.000083s ]
ERR: 无法加载模块:Public

[ 2018-01-30T18:32:35+08:00 ] 58.246.226.254 /Public/assets/plugins/jquery-validation/dist/jquery.validate.min.js
INFO: [ app_init ] --START--
INFO: Run Behavior\BuildLiteBehavior [ RunTime:0.000012s ]
INFO: [ app_init ] --END-- [ RunTime:0.000082s ]
ERR: 无法加载模块:Public

[ 2018-01-30T18:33:51+08:00 ] 58.246.226.254 /Public/assets/plugins/jquery-validation/dist/jquery.validate.min.js
INFO: [ app_init ] --START--
INFO: Run Behavior\BuildLiteBehavior [ RunTime:0.000013s ]
INFO: [ app_init ] --END-- [ RunTime:0.000083s ]
ERR: 无法加载模块:Public

[ 2018-01-30T18:33:52+08:00 ] 58.246.226.254 /Public/assets/plugins/jquery-validation/dist/jquery.validate.min.js
INFO: [ app_init ] --START--
INFO: Run Behavior\BuildLiteBehavior [ RunTime:0.000013s ]
INFO: [ app_init ] --END-- [ RunTime:0.000083s ]
ERR: 无法加载模块:Public

[ 2018-01-30T18:33:54+08:00 ] 58.246.226.254 /favicon.ico
INFO: [ app_init ] --START--
INFO: Run Behavior\BuildLiteBehavior [ RunTime:0.000012s ]
INFO: [ app_init ] --END-- [ RunTime:0.000090s ]
ERR: 无法加载模块:Favicon

[ 2018-01-30T18:44:24+08:00 ] 58.246.226.254 /Public/assets/plugins/jquery-validation/dist/jquery.validate.min.js
INFO: [ app_init ] --START--
INFO: Run Behavior\BuildLiteBehavior [ RunTime:0.000003s ]
INFO: [ app_init ] --END-- [ RunTime:0.000021s ]
ERR: 无法加载模块:Public

[ 2018-01-30T18:44:24+08:00 ] 58.246.226.254 /Public/assets/plugins/jquery-validation/dist/jquery.validate.min.js
INFO: [ app_init ] --START--
INFO: Run Behavior\BuildLiteBehavior [ RunTime:0.000013s ]
INFO: [ app_init ] --END-- [ RunTime:0.000083s ]
ERR: 无法加载模块:Public

[ 2018-01-30T18:44:26+08:00 ] 58.246.226.254 /favicon.ico
INFO: [ app_init ] --START--
INFO: Run Behavior\BuildLiteBehavior [ RunTime:0.000014s ]
INFO: [ app_init ] --END-- [ RunTime:0.000085s ]
ERR: 无法加载模块:Favicon

[ 2018-01-30T18:58:58+08:00 ] 115.60.58.84 /Public/assets/plugins/jquery-validation/dist/jquery.validate.min.js
INFO: [ app_init ] --START--
INFO: Run Behavior\BuildLiteBehavior [ RunTime:0.000012s ]
INFO: [ app_init ] --END-- [ RunTime:0.000079s ]
ERR: 无法加载模块:Public

[ 2018-01-30T18:58:58+08:00 ] 115.60.58.84 /Public/assets/plugins/jquery-validation/dist/jquery.validate.min.js
INFO: [ app_init ] --START--
INFO: Run Behavior\BuildLiteBehavior [ RunTime:0.000017s ]
INFO: [ app_init ] --END-- [ RunTime:0.000124s ]
ERR: 无法加载模块:Public

[ 2018-01-30T19:00:49+08:00 ] 115.60.58.84 /Public/assets/plugins/jquery-validation/dist/jquery.validate.min.js
INFO: [ app_init ] --START--
INFO: Run Behavior\BuildLiteBehavior [ RunTime:0.000012s ]
INFO: [ app_init ] --END-- [ RunTime:0.000094s ]
ERR: 无法加载模块:Public

[ 2018-01-30T19:08:06+08:00 ] 115.60.58.84 /Public/assets/plugins/jquery-validation/dist/jquery.validate.min.js
INFO: [ app_init ] --START--
INFO: Run Behavior\BuildLiteBehavior [ RunTime:0.000005s ]
INFO: [ app_init ] --END-- [ RunTime:0.000033s ]
ERR: 无法加载模块:Public

[ 2018-01-30T19:08:06+08:00 ] 115.60.58.84 /Public/assets/plugins/jquery-validation/dist/jquery.validate.min.js
INFO: [ app_init ] --START--
INFO: Run Behavior\BuildLiteBehavior [ RunTime:0.000013s ]
INFO: [ app_init ] --END-- [ RunTime:0.000084s ]
ERR: 无法加载模块:Public

[ 2018-01-30T22:20:13+08:00 ] 115.60.51.78 /Public/assets/plugins/jquery-validation/dist/jquery.validate.min.js
INFO: [ app_init ] --START--
INFO: Run Behavior\BuildLiteBehavior [ RunTime:0.000013s ]
INFO: [ app_init ] --END-- [ RunTime:0.000083s ]
ERR: 无法加载模块:Public

[ 2018-01-30T22:20:14+08:00 ] 115.60.51.78 /Public/assets/plugins/jquery-validation/dist/jquery.validate.min.js
INFO: [ app_init ] --START--
INFO: Run Behavior\BuildLiteBehavior [ RunTime:0.000012s ]
INFO: [ app_init ] --END-- [ RunTime:0.000083s ]
ERR: 无法加载模块:Public

